TEST RESULT SUMMARY
---------------------------------------------------------------------
Exts skipped    :   16
Exts tested     :   59
---------------------------------------------------------------------

Number of tests : 16400             13927
Tests skipped   : 2473 ( 15.1%) --------
Tests warned    :    0 (  0.0%) (  0.0%)
Tests failed    :   98 (  0.6%) (  0.7%)
Expected fail   :   36 (  0.2%) (  0.3%)
Tests passed    : 13793 ( 84.1%) ( 99.0%)
---------------------------------------------------------------------
=====================================================================

=====================================================================
EXPECTED FAILED TEST SUMMARY
---------------------------------------------------------------------
Test open_basedir configuration [tests/security/open_basedir_linkinfo.phpt]  XFAIL REASON: BUG: open_basedir cannot delete symlink to prohibited file. See also
bugs 48111 and 52176.
Inconsistencies when accessing protected members [Zend/tests/access_modifiers_008.phpt]  XFAIL REASON: Discussion: http://marc.info/?l=php-internals&m=120221184420957&w=2
Inconsistencies when accessing protected members - 2 [Zend/tests/access_modifiers_009.phpt]  XFAIL REASON: Discussion: http://marc.info/?l=php-internals&m=120221184420957&w=2
Bug #48770 (call_user_func_array() fails to call parent from inheriting class) [Zend/tests/bug48770.phpt]  XFAIL REASON: See Bug #48770
Bug #48770 (call_user_func_array() fails to call parent from inheriting class) [Zend/tests/bug48770_2.phpt]  XFAIL REASON: See Bug #48770
Bug #48770 (call_user_func_array() fails to call parent from inheriting class) [Zend/tests/bug48770_3.phpt]  XFAIL REASON: See Bug #48770
Initial value of static var in method depends on the include time of the class definition [Zend/tests/method_static_var.phpt]  XFAIL REASON: Maybe not a bug
DateTime::add() -- fall type2 type3 [ext/date/tests/DateTime_add-fall-type2-type3.phpt]  XFAIL REASON: Various bugs exist
DateTime::add() -- fall type3 type2 [ext/date/tests/DateTime_add-fall-type3-type2.phpt]  XFAIL REASON: Various bugs exist
DateTime::add() -- fall type3 type3 [ext/date/tests/DateTime_add-fall-type3-type3.phpt]  XFAIL REASON: Various bugs exist
DateTime::add() -- spring type2 type3 [ext/date/tests/DateTime_add-spring-type2-type3.phpt]  XFAIL REASON: Various bugs exist
DateTime::add() -- spring type3 type2 [ext/date/tests/DateTime_add-spring-type3-type2.phpt]  XFAIL REASON: Various bugs exist
DateTime::add() -- spring type3 type3 [ext/date/tests/DateTime_add-spring-type3-type3.phpt]  XFAIL REASON: Various bugs exist
DateTime::diff() -- fall type2 type3 [ext/date/tests/DateTime_diff-fall-type2-type3.phpt]  XFAIL REASON: Various bugs exist
DateTime::diff() -- fall type3 type2 [ext/date/tests/DateTime_diff-fall-type3-type2.phpt]  XFAIL REASON: Various bugs exist
DateTime::diff() -- fall type3 type3 [ext/date/tests/DateTime_diff-fall-type3-type3.phpt]  XFAIL REASON: Various bugs exist
DateTime::diff() -- spring type2 type3 [ext/date/tests/DateTime_diff-spring-type2-type3.phpt]  XFAIL REASON: Various bugs exist
DateTime::diff() -- spring type3 type2 [ext/date/tests/DateTime_diff-spring-type3-type2.phpt]  XFAIL REASON: Various bugs exist
DateTime::diff() -- spring type3 type3 [ext/date/tests/DateTime_diff-spring-type3-type3.phpt]  XFAIL REASON: Various bugs exist
DateTime::sub() -- fall type2 type3 [ext/date/tests/DateTime_sub-fall-type2-type3.phpt]  XFAIL REASON: Various bugs exist
DateTime::sub() -- fall type3 type2 [ext/date/tests/DateTime_sub-fall-type3-type2.phpt]  XFAIL REASON: Various bugs exist
DateTime::sub() -- fall type3 type3 [ext/date/tests/DateTime_sub-fall-type3-type3.phpt]  XFAIL REASON: Various bugs exist
DateTime::sub() -- spring type2 type3 [ext/date/tests/DateTime_sub-spring-type2-type3.phpt]  XFAIL REASON: Various bugs exist
DateTime::sub() -- spring type3 type2 [ext/date/tests/DateTime_sub-spring-type3-type2.phpt]  XFAIL REASON: Various bugs exist
DateTime::sub() -- spring type3 type3 [ext/date/tests/DateTime_sub-spring-type3-type3.phpt]  XFAIL REASON: Various bugs exist
Bug #52480 (Incorrect difference using DateInterval) [ext/date/tests/bug52480.phpt]  XFAIL REASON: See https://bugs.php.net/bug.php?id=52480
RFC: DateTime and Daylight Saving Time Transitions (zone type 3, bd2) [ext/date/tests/rfc-datetime_and_daylight_saving_time-type3-bd2.phpt]  XFAIL REASON: Still not quite right
RFC: DateTime and Daylight Saving Time Transitions (zone type 3, fs) [ext/date/tests/rfc-datetime_and_daylight_saving_time-type3-fs.phpt]  XFAIL REASON: Still not quite right
Bug #42718 (unsafe_raw filter not applied when configured as default filter) [ext/filter/tests/bug42718.phpt]  XFAIL REASON: FILTER_UNSAFE_RAW not applied when configured as default filter, even with flags
Bug #67296 (filter_input doesn't validate variables) [ext/filter/tests/bug49184.phpt]  XFAIL REASON: See Bug #49184
Bug #67167: filter_var(null,FILTER_VALIDATE_BOOLEAN,FILTER_NULL_ON_FAILURE) returns null [ext/filter/tests/bug67167.02.phpt]  XFAIL REASON: Requires php_zval_filter to not use convert_to_string for all filters.
via [ext/pdo_sqlite/tests/common.phpt]
	SQLite PDO Common: PDOStatement::getColumnMeta [ext/pdo_sqlite/tests/pdo_022.phpt]  XFAIL REASON: This feature is not yet finalized, no test makes sense
Phar: bug #69958: Segfault in Phar::convertToData on invalid file [ext/phar/tests/bug69958.phpt]  XFAIL REASON: Still has memory leaks, see https://bugs.php.net/bug.php?id=70005
updateTimestamp never called when session data is empty [ext/session/tests/bug71162.phpt]  XFAIL REASON: Current session module is designed to write empty session always. In addition, current session module only supports SessionHandlerInterface only from PHP 7.0.
Bug #73529 session_decode() silently fails on wrong input [ext/session/tests/bug73529.phpt]  XFAIL REASON: session_decode() does not return proper status.
Bug #70219 Use after free vulnerability in session deserializer [ext/standard/tests/serialize/bug70219.phpt]  XFAIL REASON: Unfinished merge, needs fix.
=====================================================================

=====================================================================
FAILED TEST SUMMARY
---------------------------------------------------------------------
Test stream_isatty with redirected STDERR [tests/output/stream_isatty_err.phpt]
Test stream_isatty with redirected STDIN/STDERR [tests/output/stream_isatty_in-err.phpt]
Test stream_isatty with redirected STDIN/STDOUT [tests/output/stream_isatty_in-out.phpt]
Test stream_isatty with redirected STDOUT [tests/output/stream_isatty_out.phpt]
bug #42143 (The constant NAN is reported as 0 on Windows build) [Zend/tests/bug42143.phpt]
Bug #73954 (NAN check fails on Alpine Linux with musl) [Zend/tests/bug73954.phpt]
Bug #27780 (strtotime(+1 xxx) returns a wrong date/time) [ext/date/tests/bug27780.phpt]
Bug #32555 (strtotime("tomorrow") can return false) [ext/date/tests/bug32555.phpt]
Bug #33532 (Different output for strftime() and date()) [ext/date/tests/bug33532.phpt]
Bug #53437 DateInterval unserialize bad data, 64 bit [ext/date/tests/bug53437_var5.phpt]
Bug #53437 DateInterval unserialize bad data, 64 bit [ext/date/tests/bug53437_var6.phpt]
Test ftp_ssl_connect() function : error conditions [ext/ftp/tests/ftp_ssl_connect_error.phpt]
dcngettext() tests [ext/gettext/tests/dcngettext.phpt]
Gettext basic test with en_US locale that should be on nearly every system [ext/gettext/tests/gettext_basic-enus.phpt]
Test if bindtextdomain() returns string id if no directory path is set(if directory path is 'null') [ext/gettext/tests/gettext_bindtextdomain-cwd.phpt]
Test dcgettext() functionality [ext/gettext/tests/gettext_dcgettext.phpt]
Test dgettext() functionality [ext/gettext/tests/gettext_dgettext.phpt]
Test if dngettext() returns the correct translations (optionally plural). [ext/gettext/tests/gettext_dngettext-plural.phpt]
Test ngettext() functionality [ext/gettext/tests/gettext_ngettext.phpt]
Bug #48147 (iconv with //IGNORE cuts the string) [ext/iconv/tests/bug48147.phpt]
Bug #51250 (iconv_mime_decode() does not ignore malformed Q-encoded words) [ext/iconv/tests/bug51250.phpt]
Bug #52211 (iconv() returns part of string on error) [ext/iconv/tests/bug52211.phpt]
Bug #60494 (iconv_mime_decode does ignore special characters) [ext/iconv/tests/bug60494.phpt]
Bug #76249 (stream filter convert.iconv leads to infinite loop on invalid sequence) [ext/iconv/tests/bug76249.phpt]
EUC-JP to ISO-2022-JP [ext/iconv/tests/eucjp2iso2022jp.phpt]
iconv() test 3 [ext/iconv/tests/iconv003.phpt]
Test iconv_mime_decode() function : usage variations - Pass different data types to charset arg [ext/iconv/tests/iconv_mime_decode_variation3.phpt]
iconv_mime_encode() [ext/iconv/tests/iconv_mime_encode.phpt]
Test iconv_strlen() function : error conditions - pass an unknown encoding [ext/iconv/tests/iconv_strlen_error2.phpt]
Test iconv_strlen() function : usage variations - Pass different data types as $encoding arg [ext/iconv/tests/iconv_strlen_variation2.phpt]
iconv_strpos() [ext/iconv/tests/iconv_strpos.phpt]
Test iconv_strpos() function : error conditions - Pass unknown encoding [ext/iconv/tests/iconv_strpos_error2.phpt]
Test iconv_strpos() function : usage variations - pass different data types as $charset arg [ext/iconv/tests/iconv_strpos_variation4.phpt]
iconv_strrpos() [ext/iconv/tests/iconv_strrpos.phpt]
Test iconv_strrpos() function : error conditions - pass an unknown encoding [ext/iconv/tests/iconv_strrpos_error2.phpt]
Test iconv_strrpos() function : usage variations - pass different data types as $encoding arg [ext/iconv/tests/iconv_strrpos_variation3.phpt]
iconv_substr() [ext/iconv/tests/iconv_substr.phpt]
Test iconv_substr() function : error conditions - Pass an unknown encoding [ext/iconv/tests/iconv_substr_error2.phpt]
Bug #77020 (null pointer dereference in imap_mail) [ext/imap/tests/bug77020.phpt]
get_locale() icu >= 4.8 [ext/intl/tests/collator_get_locale2.phpt]
msgfmt_parse() tests [ext/intl/tests/msgfmt_parse.phpt]
Test json_encode() function : basic functionality [ext/json/tests/json_encode_basic.phpt]
ldap_add() - Basic add operation [ext/ldap/tests/ldap_add_basic.phpt]
Test the use of controls [ext/ldap/tests/ldap_controls.phpt]
ldap_start_tls() - Basic ldap_start_tls test [ext/ldap/tests/ldap_start_tls_basic.phpt]
Bug #61367: open_basedir bypass in libxml RSHUTDOWN: write test [ext/libxml/tests/bug61367-write.phpt]
pcntl: pcntl_sigprocmask(), pcntl_sigwaitinfo(), pcntl_sigtimedwait() [ext/pcntl/tests/002.phpt]
PDO MySQL specific class constants [ext/pdo_mysql/tests/pdo_mysql_class_constants.phpt]
Test posix_getgrgid() function : basic functionality [ext/posix/tests/posix_getgrgid_basic.phpt]
Bug #73037 SoapServer reports Bad Request when gzipped, var 0 [ext/soap/tests/bug73037.phpt]
Multicast support: IPv6 receive options [ext/sockets/tests/mcast_ipv6_recv.phpt]
Test socket_addrinfo_explain() [ext/sockets/tests/socket_addrinfo_explain.phpt]
recvmsg(): receive SCM_CREDENTIALS messages [ext/sockets/tests/socket_cmsg_rights.phpt]
Test parameter handling in socket_create_pair() [ext/sockets/tests/socket_create_pair-wrongparams.phpt]
socket_export_stream: effects of closing [ext/sockets/tests/socket_export_stream-4.phpt]
socket_import_stream: effects of closing [ext/sockets/tests/socket_import_stream-4.phpt]
int socket_send ( resource $socket , string $buf , int $len , int $flags ); [ext/sockets/tests/socket_send.phpt]
Test if socket_set_option() returns 'unable to set socket option' failure for invalid options [ext/sockets/tests/socket_set_option_error_socket_option.phpt]
bool socket_shutdown ( resource $socket [, int $how = 2 ] ) ; [ext/sockets/tests/socket_shutdown.phpt]
Test fileperms() & chmod() functions: usage variation - misc. perms [ext/standard/tests/file/006_variation2.phpt]
Bug #43008 (php://filter uris ignore url encoded filternames and can't handle slashes) [ext/standard/tests/file/bug43008.phpt]
Bug #69628: GLOB_BRACE with multiple brackets within the braces fails [ext/standard/tests/file/bug69628.phpt]
chmod() basic functionality [ext/standard/tests/file/chmod_basic.phpt]
Test disk_free_space and its alias diskfreespace() functions : basic functionality [ext/standard/tests/file/disk_free_space_basic.phpt]
flock() tests [ext/standard/tests/file/flock.phpt]
Test lstat() and stat() functions: usage variations - dir/file name stored in object [ext/standard/tests/file/lstat_stat_variation18.phpt]
Test lstat() and stat() functions: usage variations - dir/file names in array [ext/standard/tests/file/lstat_stat_variation19.phpt]
Test lstat() and stat() functions: usage variations - link names stored in array/object [ext/standard/tests/file/lstat_stat_variation20.phpt]
Test lstat() and stat() functions: usage variations - writing data into file [ext/standard/tests/file/lstat_stat_variation7.phpt]
Test popen() and pclose function: error conditions [ext/standard/tests/file/popen_pclose_error-sunos.phpt]
Test touch() function : basic functionality [ext/standard/tests/file/touch_basic.phpt]
Test touch() function : usage variation - different types for time [ext/standard/tests/file/touch_variation3.phpt]
Test touch() function : usage variation - different types for atime [ext/standard/tests/file/touch_variation4.phpt]
Test function getservbyname() [ext/standard/tests/general_functions/getservbyname_basic.phpt]
Test function getservbyname() by substituting argument 2 with emptyUnsetUndefNull values. [ext/standard/tests/general_functions/getservbyname_variation10.phpt]
Test function getservbyname() by substituting argument 2 with boolean values. [ext/standard/tests/general_functions/getservbyname_variation9.phpt]
Test function proc_nice() by substituting argument 1 with int values. [ext/standard/tests/general_functions/proc_nice_variation5.phpt]
Test acos function : 64bit long tests [ext/standard/tests/math/acos_basiclong_64bit.phpt]
Test variations in usage of acos() [ext/standard/tests/math/acos_variation.phpt]
Test asin function : 64bit long tests [ext/standard/tests/math/asin_basiclong_64bit.phpt]
Test variations in usage of asin() [ext/standard/tests/math/asin_variation.phpt]
Bug #45712 (NaN/INF comparison) [ext/standard/tests/math/bug45712.phpt]
Test is_finite() - basic function test is_finite() [ext/standard/tests/math/is_finite_basic.phpt]
Test is_nan() - basic function test is_nan() [ext/standard/tests/math/is_nan_basic.phpt]
Test log10 function : 64bit long tests [ext/standard/tests/math/log10_basiclong_64bit.phpt]
Test variations in usage of log10() [ext/standard/tests/math/log10_variation.phpt]
Test log() - basic function test log() [ext/standard/tests/math/log_basic.phpt]
Test log function : 64bit long tests [ext/standard/tests/math/log_basiclong_64bit.phpt]
Test log() function : usage variations - different data types as $arg argument [ext/standard/tests/math/log_variation1.phpt]
Test ip2long() function : usage variation 2, 64 bit [ext/standard/tests/network/ip2long_variation2_x64.phpt]
Glob wrapper bypasses open_basedir [ext/standard/tests/streams/glob-wrapper.phpt]
mixed stream_socket_enable_crypto(resource $stream , bool $enable [, int $crypto_type [, resource $session_stream ]] ) ; [ext/standard/tests/streams/stream_socket_enable_crypto.phpt]
Test strptime() function : basic functionality [ext/standard/tests/time/strptime_basic.phpt]
msg_set_queue() and msg_stat_queue() [ext/sysvmsg/tests/004.phpt]
Check cli_process_title support on Unix [sapi/cli/tests/cli_process_title_unix.phpt]
FPM: bug68391 - Configuration inclusion in alphabetical order [sapi/fpm/tests/bug68391-conf-include-order.phpt]
FPM: bug68423 - Multiple pools with different PMs (dynamic + ondemand + static) [sapi/fpm/tests/bug68423-multi-pool-all-pms.phpt]
FPM: Unix Domain Socket connection [sapi/fpm/tests/socket-uds-basic.phpt]
=====================================================================
