Testsuite: org.apache.tools.ant.AntClassLoaderTest
Tests run: 10, Failures: 0, Errors: 0, Skipped: 0, Time elapsed: 
Testsuite: org.apache.tools.ant.CaseTest
Tests run: 2, Failures: 0, Errors: 0, Skipped: 0, Time elapsed: 
Testsuite: org.apache.tools.ant.DefaultLoggerTest
Tests run: 1, Failures: 0, Errors: 0, Skipped: 0, Time elapsed: 
Testsuite: org.apache.tools.ant.DirectoryScannerTest
Tests run: 30, Failures: 0, Errors: 0, Skipped: 1, Time elapsed: 
Testcase: testAbsolute5(org.apache.tools.ant.DirectoryScannerTest):SKIPPED: Can't use drive letters on non DOS or Netware syste
Testsuite: org.apache.tools.ant.DispatchTaskTest
Tests run: 1, Failures: 0, Errors: 0, Skipped: 0, Time elapsed: 
Testsuite: org.apache.tools.ant.ExecutorTest
Tests run: 9, Failures: 0, Errors: 0, Skipped: 0, Time elapsed: 
Testsuite: org.apache.tools.ant.ExtendedTaskdefTest
Tests run: 2, Failures: 0, Errors: 0, Skipped: 0, Time elapsed: 
Testsuite: org.apache.tools.ant.ImmutableTest
Tests run: 7, Failures: 0, Errors: 0, Skipped: 0, Time elapsed: 
Testsuite: org.apache.tools.ant.IntrospectionHelperTest
Tests run: 49, Failures: 0, Errors: 0, Skipped: 1, Time elapsed: 
Testcase: testGetAddTextMethod(org.apache.tools.ant.IntrospectionHelperTest):SKIPPED: This silently ignores a build exception
Testsuite: org.apache.tools.ant.LoaderRefTest
Tests run: 1, Failures: 0, Errors: 0, Skipped: 0, Time elapsed: 
Testsuite: org.apache.tools.ant.LocationTest
Tests run: 5, Failures: 0, Errors: 0, Skipped: 0, Time elapsed: 
Testsuite: org.apache.tools.ant.ProjectComponentTest
Tests run: 1, Failures: 0, Errors: 0, Skipped: 0, Time elapsed: 
Testsuite: org.apache.tools.ant.ProjectHelperRepositoryTest
Tests run: 3, Failures: 0, Errors: 0, Skipped: 0, Time elapsed: 
Testsuite: org.apache.tools.ant.ProjectTest
Tests run: 12, Failures: 0, Errors: 0, Skipped: 1, Time elapsed: 
Testcase: testResolveFileWithDriveLetter(org.apache.tools.ant.ProjectTest):SKIPPED: Not DOS or Netware
Testsuite: org.apache.tools.ant.PropertyExpansionTest
Tests run: 17, Failures: 0, Errors: 0, Skipped: 0, Time elapsed: 
Testsuite: org.apache.tools.ant.PropertyFileCLITest
Tests run: 1, Failures: 0, Errors: 0, Skipped: 0, Time elapsed: 
Testsuite: org.apache.tools.ant.PropertyHelperTest
Tests run: 2, Failures: 0, Errors: 0, Skipped: 0, Time elapsed: 
Testsuite: org.apache.tools.ant.TaskContainerTest
Tests run: 3, Failures: 0, Errors: 0, Skipped: 0, Time elapsed: 
Testsuite: org.apache.tools.ant.TopLevelTaskTest
Tests run: 3, Failures: 0, Errors: 0, Skipped: 0, Time elapsed: 
Testsuite: org.apache.tools.ant.UnknownElementTest
Tests run: 2, Failures: 0, Errors: 0, Skipped: 1, Time elapsed: 
Testcase: testTaskFinishedEvent(org.apache.tools.ant.UnknownElementTest):SKIPPED: Previously disabled through naming convention
Testsuite: org.apache.tools.ant.XmlLoggerTest
Tests run: 1, Failures: 0, Errors: 0, Skipped: 0, Time elapsed: 
Testsuite: org.apache.tools.ant.filters.ConcatFilterTest
Tests run: 8, Failures: 0, Errors: 0, Skipped: 0, Time elapsed: 
Testsuite: org.apache.tools.ant.filters.DynamicFilterTest
Tests run: 1, Failures: 0, Errors: 0, Skipped: 0, Time elapsed: 
Testsuite: org.apache.tools.ant.filters.EscapeUnicodeTest
Tests run: 1, Failures: 0, Errors: 0, Skipped: 0, Time elapsed: 
Testsuite: org.apache.tools.ant.filters.HeadTailTest
Tests run: 11, Failures: 0, Errors: 0, Skipped: 0, Time elapsed: 
Testsuite: org.apache.tools.ant.filters.LineContainsTest
Tests run: 4, Failures: 0, Errors: 0, Skipped: 0, Time elapsed: 
Testsuite: org.apache.tools.ant.filters.NoNewLineTest
Tests run: 1, Failures: 0, Errors: 0, Skipped: 0, Time elapsed: 
Testsuite: org.apache.tools.ant.filters.ReplaceTokensTest
Tests run: 5, Failures: 0, Errors: 0, Skipped: 0, Time elapsed: 
Testsuite: org.apache.tools.ant.filters.StripJavaCommentsTest
Tests run: 1, Failures: 0, Errors: 0, Skipped: 0, Time elapsed: 
Testsuite: org.apache.tools.ant.filters.TokenFilterTest
Tests run: 23, Failures: 0, Errors: 0, Skipped: 2, Time elapsed: 
Testcase: testScriptFilter(org.apache.tools.ant.filters.TokenFilterTest):SKIPPED: Project does not have 'testScriptFilter' target: got: <{trimignore=trimignore, customtokenfilter=customtokenfilter, trimfile=trimfile, stringtokenizer=stringtokenizer, replacestrings=replacestrings, tearDown=tearDown, filetokenizer=filetokenizer, replaceregex=replaceregex, scriptfilter=scriptfilter, filterreplaceregex=filterreplaceregex, hasregex=hasregex, filtercontainsregex=filtercontainsregex, trimfilebyline=trimfilebyline, containsstring=containsstring, unixlineoutput=unixlineoutput, setUp=setUp, doslineoutput=doslineoutput, scriptfilter2=scriptfilter2, buildfiletest-base.tearDown=buildfiletest-base.tearDown, replacestring=replacestring, dollermatch=dollermatch, tokenfilter=tokenfilter, filterreplacestrings=filterreplacestrings, hasscript=hasscript, containsregex2=containsregex2, containsregex=containsregex, deletecharacters=deletecharacters, filterreplacestring=filterreplacestring, =}>, expected: map containing ["testScriptFilter"->ANYTHING]
Testcase: testScriptFilter2(org.apache.tools.ant.filters.TokenFilterTest):SKIPPED: Project does not have 'testScriptFilter' target: got: <{trimignore=trimignore, customtokenfilter=customtokenfilter, trimfile=trimfile, stringtokenizer=stringtokenizer, replacestrings=replacestrings, tearDown=tearDown, filetokenizer=filetokenizer, replaceregex=replaceregex, scriptfilter=scriptfilter, filterreplaceregex=filterreplaceregex, hasregex=hasregex, filtercontainsregex=filtercontainsregex, trimfilebyline=trimfilebyline, containsstring=containsstring, unixlineoutput=unixlineoutput, setUp=setUp, doslineoutput=doslineoutput, scriptfilter2=scriptfilter2, buildfiletest-base.tearDown=buildfiletest-base.tearDown, replacestring=replacestring, dollermatch=dollermatch, tokenfilter=tokenfilter, filterreplacestrings=filterreplacestrings, hasscript=hasscript, containsregex2=containsregex2, containsregex=containsregex, deletecharacters=deletecharacters, filterreplacestring=filterreplacestring, =}>, expected: map containing ["testScriptFilter"->ANYTHING]
Testsuite: org.apache.tools.ant.launch.LocatorTest
Tests run: 10, Failures: 0, Errors: 0, Skipped: 2, Time elapsed: 
Testcase: testFileFromRemoteShare(org.apache.tools.ant.launch.LocatorTest):SKIPPED: not Windows
Testcase: testTripleForwardSlashNetworkURI(org.apache.tools.ant.launch.LocatorTest):SKIPPED: We don't appear to generate paths like this in the launcher
Testsuite: org.apache.tools.ant.taskdefs.AntLikeTasksAtTopLevelTest
Tests run: 3, Failures: 0, Errors: 0, Skipped: 0, Time elapsed: 
Testsuite: org.apache.tools.ant.taskdefs.AntStructureTest
Tests run: 2, Failures: 0, Errors: 0, Skipped: 0, Time elapsed: 
Testsuite: org.apache.tools.ant.taskdefs.AntTest
Tests run: 32, Failures: 0, Errors: 0, Skipped: 0, Time elapsed: 
Testsuite: org.apache.tools.ant.taskdefs.AntlibTest
Tests run: 6, Failures: 0, Errors: 0, Skipped: 0, Time elapsed: 
Testsuite: org.apache.tools.ant.taskdefs.AvailableTest
Tests run: 30, Failures: 0, Errors: 0, Skipped: 1, Time elapsed: 
Testcase: test14(org.apache.tools.ant.taskdefs.AvailableTest):SKIPPED: returns non null IBM JDK 1.3 Linux
Testsuite: org.apache.tools.ant.taskdefs.BUnzip2Test
Tests run: 3, Failures: 0, Errors: 0, Skipped: 0, Time elapsed: 
Testsuite: org.apache.tools.ant.taskdefs.BZip2Test
Tests run: 3, Failures: 0, Errors: 0, Skipped: 0, Time elapsed: 
Testsuite: org.apache.tools.ant.taskdefs.BasenameTest
Tests run: 9, Failures: 0, Errors: 0, Skipped: 0, Time elapsed: 
Testsuite: org.apache.tools.ant.taskdefs.CVSPassTest
Tests run: 5, Failures: 0, Errors: 0, Skipped: 0, Time elapsed: 
Testsuite: org.apache.tools.ant.taskdefs.CallTargetTest
Tests run: 6, Failures: 0, Errors: 0, Skipped: 0, Time elapsed: 
Testsuite: org.apache.tools.ant.taskdefs.ChecksumTest
Tests run: 13, Failures: 0, Errors: 0, Skipped: 0, Time elapsed: 
Testsuite: org.apache.tools.ant.taskdefs.ConcatTest
Tests run: 21, Failures: 0, Errors: 0, Skipped: 0, Time elapsed: 
Testsuite: org.apache.tools.ant.taskdefs.ConditionTest
Tests run: 50, Failures: 0, Errors: 0, Skipped: 0, Time elapsed: 
Testsuite: org.apache.tools.ant.taskdefs.CopyTest
Tests run: 25, Failures: 0, Errors: 0, Skipped: 5, Time elapsed: 
Testcase: testResourcePlain(org.apache.tools.ant.taskdefs.CopyTest):SKIPPED: Previously ignored due to naming convention
Testcase: testResourcePlainWithFilter(org.apache.tools.ant.taskdefs.CopyTest):SKIPPED: Previously ignored due to naming convention
Testcase: testResourcePlainWithMapper(org.apache.tools.ant.taskdefs.CopyTest):SKIPPED: Previously ignored due to naming convention
Testcase: testFileResourceWithMapper(org.apache.tools.ant.taskdefs.CopyTest):SKIPPED: Previously ignored by naming convention
Testcase: testOnlineResources(org.apache.tools.ant.taskdefs.CopyTest):SKIPPED: Previously ignored due to naming convention
Testsuite: org.apache.tools.ant.taskdefs.CopydirTest
Tests run: 6, Failures: 0, Errors: 0, Skipped: 0, Time elapsed: 
Testsuite: org.apache.tools.ant.taskdefs.CopyfileTest
Tests run: 6, Failures: 0, Errors: 0, Skipped: 0, Time elapsed: 
Testsuite: org.apache.tools.ant.taskdefs.DefaultExcludesTest
Tests run: 3, Failures: 0, Errors: 0, Skipped: 0, Time elapsed: 
Testsuite: org.apache.tools.ant.taskdefs.DeleteTest
Tests run: 16, Failures: 0, Errors: 0, Skipped: 0, Time elapsed: 
Testsuite: org.apache.tools.ant.taskdefs.DeltreeTest
Tests run: 2, Failures: 0, Errors: 0, Skipped: 0, Time elapsed: 
Testsuite: org.apache.tools.ant.taskdefs.DirnameTest
Tests run: 5, Failures: 0, Errors: 0, Skipped: 0, Time elapsed: 
Testsuite: org.apache.tools.ant.taskdefs.DynamicTest
Tests run: 1, Failures: 0, Errors: 0, Skipped: 0, Time elapsed: 
Testsuite: org.apache.tools.ant.taskdefs.EchoTest
Tests run: 2, Failures: 0, Errors: 0, Skipped: 0, Time elapsed: 
Testsuite: org.apache.tools.ant.taskdefs.EchoXMLTest
Tests run: 3, Failures: 0, Errors: 0, Skipped: 0, Time elapsed: 
Testsuite: org.apache.tools.ant.taskdefs.ExecStreamRedirectorTest
Tests run: 1, Failures: 0, Errors: 0, Skipped: 0, Time elapsed: 
Testsuite: org.apache.tools.ant.taskdefs.ExecTaskTest
Tests run: 2, Failures: 0, Errors: 0, Skipped: 1, Time elapsed: 
Testcase: testOutAndErr(org.apache.tools.ant.taskdefs.ExecTaskTest):SKIPPED: #50507 - fails at least on Linux
Testsuite: org.apache.tools.ant.taskdefs.ExecuteJavaTest
Tests run: 4, Failures: 0, Errors: 0, Skipped: 0, Time elapsed: 
Testsuite: org.apache.tools.ant.taskdefs.ExecuteWatchdogTest
Tests run: 4, Failures: 0, Errors: 0, Skipped: 0, Time elapsed: 
Testsuite: org.apache.tools.ant.taskdefs.FailTest
Tests run: 14, Failures: 0, Errors: 0, Skipped: 0, Time elapsed: 
Testsuite: org.apache.tools.ant.taskdefs.FilterTest
Tests run: 9, Failures: 0, Errors: 0, Skipped: 0, Time elapsed: 
Testsuite: org.apache.tools.ant.taskdefs.FixCrLfTest
Tests run: 34, Failures: 0, Errors: 0, Skipped: 0, Time elapsed: 
Testsuite: org.apache.tools.ant.taskdefs.GUnzipTest
Tests run: 6, Failures: 0, Errors: 0, Skipped: 0, Time elapsed: 
Testsuite: org.apache.tools.ant.taskdefs.GetTest
Tests run: 13, Failures: 0, Errors: 0, Skipped: 0, Time elapsed: 
Testsuite: org.apache.tools.ant.taskdefs.GzipTest
Tests run: 7, Failures: 0, Errors: 0, Skipped: 0, Time elapsed: 
Testsuite: org.apache.tools.ant.taskdefs.ImportTest
Tests run: 12, Failures: 0, Errors: 0, Skipped: 1, Time elapsed: 
Testcase: notTestImportInTargetWithEffect(org.apache.tools.ant.taskdefs.ImportTest):SKIPPED: deactivate this test as imports within targets are not allowed
Testsuite: org.apache.tools.ant.taskdefs.InitializeClassTest
Tests run: 1, Failures: 0, Errors: 0, Skipped: 0, Time elapsed: 
Testsuite: org.apache.tools.ant.taskdefs.InputTest
Tests run: 10, Failures: 0, Errors: 0, Skipped: 0, Time elapsed: 
Testsuite: org.apache.tools.ant.taskdefs.JarTest
Tests run: 31, Failures: 0, Errors: 0, Skipped: 0, Time elapsed: 
Testsuite: org.apache.tools.ant.taskdefs.JavaTest
Tests run: 38, Failures: 0, Errors: 0, Skipped: 7, Time elapsed: 
Testcase: testSourceFileCantUseModule(org.apache.tools.ant.taskdefs.JavaTest):SKIPPED: Skipping test which requires a minimum of Java 11 runtime
Testcase: testSimpleSourceFile(org.apache.tools.ant.taskdefs.JavaTest):SKIPPED: Skipping test which requires a minimum of Java 11 runtime
Testcase: testSourceFileRequiresFork(org.apache.tools.ant.taskdefs.JavaTest):SKIPPED: Skipping test which requires a minimum of Java 11 runtime
Testcase: testSourceFileCantUseClassname(org.apache.tools.ant.taskdefs.JavaTest):SKIPPED: Skipping test which requires a minimum of Java 11 runtime
Testcase: testRunFailFoe(org.apache.tools.ant.taskdefs.JavaTest):SKIPPED: Fatal tests have not been set to run
Testcase: testSourceFileCantUseJar(org.apache.tools.ant.taskdefs.JavaTest):SKIPPED: Skipping test which requires a minimum of Java 11 runtime
Testcase: testRunFail(org.apache.tools.ant.taskdefs.JavaTest):SKIPPED: Fatal tests have not been set to run
Testsuite: org.apache.tools.ant.taskdefs.JavacTest
Tests run: 17, Failures: 0, Errors: 0, Skipped: 0, Time elapsed: 
Testsuite: org.apache.tools.ant.taskdefs.JavadocTest
Tests run: 16, Failures: 0, Errors: 0, Skipped: 0, Time elapsed: 
Testsuite: org.apache.tools.ant.taskdefs.LoadFileTest
Tests run: 10, Failures: 0, Errors: 0, Skipped: 0, Time elapsed: 
Testsuite: org.apache.tools.ant.taskdefs.MacroDefTest
Tests run: 23, Failures: 0, Errors: 0, Skipped: 0, Time elapsed: 
Testsuite: org.apache.tools.ant.taskdefs.MakeUrlTest
Tests run: 11, Failures: 0, Errors: 0, Skipped: 0, Time elapsed: 
Testsuite: org.apache.tools.ant.taskdefs.ManifestClassPathTest
Tests run: 15, Failures: 0, Errors: 0, Skipped: 2, Time elapsed: 
Testcase: testDifferentWindowsDrive(org.apache.tools.ant.taskdefs.ManifestClassPathTest):SKIPPED: Test with drive letters only run on windows
Testcase: testSameWindowsDrive(org.apache.tools.ant.taskdefs.ManifestClassPathTest):SKIPPED: Test with drive letters only run on windows
Testsuite: org.apache.tools.ant.taskdefs.ManifestTest
Tests run: 26, Failures: 0, Errors: 0, Skipped: 0, Time elapsed: 
Testsuite: org.apache.tools.ant.taskdefs.MkdirTest
Tests run: 3, Failures: 0, Errors: 0, Skipped: 0, Time elapsed: 
Testsuite: org.apache.tools.ant.taskdefs.MoveTest
Tests run: 16, Failures: 0, Errors: 0, Skipped: 0, Time elapsed: 
Testsuite: org.apache.tools.ant.taskdefs.MultiMapTest
Tests run: 6, Failures: 0, Errors: 0, Skipped: 0, Time elapsed: 
Testsuite: org.apache.tools.ant.taskdefs.NiceTest
Tests run: 6, Failures: 0, Errors: 0, Skipped: 0, Time elapsed: 
Testsuite: org.apache.tools.ant.taskdefs.ParallelTest
Tests run: 6, Failures: 0, Errors: 0, Skipped: 0, Time elapsed: 
Testsuite: org.apache.tools.ant.taskdefs.PathConvertTest
Tests run: 4, Failures: 0, Errors: 0, Skipped: 0, Time elapsed: 
Testsuite: org.apache.tools.ant.taskdefs.PreSetDefTest
Tests run: 12, Failures: 0, Errors: 0, Skipped: 0, Time elapsed: 
Testsuite: org.apache.tools.ant.taskdefs.ProcessDestroyerTest
Tests run: 1, Failures: 0, Errors: 0, Skipped: 0, Time elapsed: 
Testsuite: org.apache.tools.ant.taskdefs.PropertyTest
Tests run: 11, Failures: 0, Errors: 0, Skipped: 0, Time elapsed: 
Testsuite: org.apache.tools.ant.taskdefs.ProtectedJarMethodsTest
Tests run: 5, Failures: 0, Errors: 0, Skipped: 0, Time elapsed: 
Testsuite: org.apache.tools.ant.taskdefs.RecorderTest
Tests run: 5, Failures: 0, Errors: 0, Skipped: 0, Time elapsed: 
Testsuite: org.apache.tools.ant.taskdefs.RenameTest
Tests run: 6, Failures: 0, Errors: 0, Skipped: 2, Time elapsed: 
Testcase: test4(org.apache.tools.ant.taskdefs.RenameTest):SKIPPED: Previously commented out
Testcase: test5(org.apache.tools.ant.taskdefs.RenameTest):SKIPPED: Previously commented out
Testsuite: org.apache.tools.ant.taskdefs.ReplaceTest
Tests run: 11, Failures: 0, Errors: 0, Skipped: 0, Time elapsed: 
Testsuite: org.apache.tools.ant.taskdefs.RmicAdvancedTest
Tests run: 47, Failures: 0, Errors: 0, Skipped: 11, Time elapsed: 
Testcase: testXnewForkedJava9plus(org.apache.tools.ant.taskdefs.RmicAdvancedTest):SKIPPED: Current system is Java 8 or older
Testcase: testIDLJava11plus(org.apache.tools.ant.taskdefs.RmicAdvancedTest):SKIPPED: Current system is Java 10 or older
Testcase: XtestWlrmic(org.apache.tools.ant.taskdefs.RmicAdvancedTest):SKIPPED: WLRmic tests don't work
Testcase: NotestFailingAdapter(org.apache.tools.ant.taskdefs.RmicAdvancedTest):SKIPPED: Previously named to prevent execution
Testcase: testXnewCompilerDestJava9plus(org.apache.tools.ant.taskdefs.RmicAdvancedTest):SKIPPED: Current system is Java 8 or older
Testcase: testXnewForkedDestJava9plus(org.apache.tools.ant.taskdefs.RmicAdvancedTest):SKIPPED: Current system is Java 8 or older
Testcase: testXnewCompilerJava9plus(org.apache.tools.ant.taskdefs.RmicAdvancedTest):SKIPPED: Current system is Java 8 or older
Testcase: testIIOPDestJava11plus(org.apache.tools.ant.taskdefs.RmicAdvancedTest):SKIPPED: Current system is Java 10 or older
Testcase: testIDLDestJava11plus(org.apache.tools.ant.taskdefs.RmicAdvancedTest):SKIPPED: Current system is Java 10 or older
Testcase: testIIOPJava11plus(org.apache.tools.ant.taskdefs.RmicAdvancedTest):SKIPPED: Current system is Java 10 or older
Testcase: XtestWlrmicJArg(org.apache.tools.ant.taskdefs.RmicAdvancedTest):SKIPPED: WLRmic tests don't work
Testsuite: org.apache.tools.ant.taskdefs.RmicTest
Tests run: 2, Failures: 0, Errors: 0, Skipped: 0, Time elapsed: 
Testsuite: org.apache.tools.ant.taskdefs.SQLExecTest
Tests run: 8, Failures: 0, Errors: 0, Skipped: 2, Time elapsed: 
Testcase: testMySQL(org.apache.tools.ant.taskdefs.SQLExecTest):SKIPPED
Testcase: testOracle(org.apache.tools.ant.taskdefs.SQLExecTest):SKIPPED
Testsuite: org.apache.tools.ant.taskdefs.SignJarTest
Tests run: 6, Failures: 0, Errors: 0, Skipped: 0, Time elapsed: 
Testsuite: org.apache.tools.ant.taskdefs.SleepTest
Tests run: 6, Failures: 0, Errors: 0, Skipped: 0, Time elapsed: 
Testsuite: org.apache.tools.ant.taskdefs.StyleTest
Tests run: 18, Failures: 0, Errors: 0, Skipped: 0, Time elapsed: 
Testsuite: org.apache.tools.ant.taskdefs.SubAntTest
Tests run: 6, Failures: 0, Errors: 0, Skipped: 0, Time elapsed: 
Testsuite: org.apache.tools.ant.taskdefs.SyncTest
Tests run: 11, Failures: 0, Errors: 0, Skipped: 0, Time elapsed: 
Testsuite: org.apache.tools.ant.taskdefs.TStampTest
Tests run: 4, Failures: 0, Errors: 0, Skipped: 0, Time elapsed: 
Testsuite: org.apache.tools.ant.taskdefs.TarTest
Tests run: 20, Failures: 0, Errors: 0, Skipped: 0, Time elapsed: 
Testsuite: org.apache.tools.ant.taskdefs.TaskdefTest
Tests run: 10, Failures: 0, Errors: 0, Skipped: 0, Time elapsed: 
Testsuite: org.apache.tools.ant.taskdefs.TouchTest
Tests run: 13, Failures: 0, Errors: 0, Skipped: 0, Time elapsed: 
Testsuite: org.apache.tools.ant.taskdefs.TypeAdapterTest
Tests run: 6, Failures: 0, Errors: 0, Skipped: 0, Time elapsed: 
Testsuite: org.apache.tools.ant.taskdefs.TypedefTest
Tests run: 10, Failures: 0, Errors: 0, Skipped: 0, Time elapsed: 
Testsuite: org.apache.tools.ant.taskdefs.UntarTest
Tests run: 10, Failures: 0, Errors: 0, Skipped: 0, Time elapsed: 
Testsuite: org.apache.tools.ant.taskdefs.UnzipTest
Tests run: 19, Failures: 0, Errors: 0, Skipped: 1, Time elapsed: 
Testcase: testSelfExtractingArchive(org.apache.tools.ant.taskdefs.UnzipTest):SKIPPED: we lack a self extracting archive that we are allowed to distribute - see PR 49080
Testsuite: org.apache.tools.ant.taskdefs.UpToDateTest
Tests run: 4, Failures: 0, Errors: 0, Skipped: 0, Time elapsed: 
Testsuite: org.apache.tools.ant.taskdefs.WarTest
Tests run: 1, Failures: 0, Errors: 0, Skipped: 0, Time elapsed: 
Testsuite: org.apache.tools.ant.taskdefs.WhichResourceTest
Tests run: 3, Failures: 0, Errors: 0, Skipped: 0, Time elapsed: 
Testsuite: org.apache.tools.ant.taskdefs.XmlPropertyTest
Tests run: 15, Failures: 0, Errors: 0, Skipped: 0, Time elapsed: 
Testsuite: org.apache.tools.ant.taskdefs.XmlnsTest
Tests run: 6, Failures: 0, Errors: 0, Skipped: 0, Time elapsed: 
Testsuite: org.apache.tools.ant.taskdefs.ZipExtraFieldTest
Tests run: 2, Failures: 0, Errors: 0, Skipped: 0, Time elapsed: 
Testsuite: org.apache.tools.ant.taskdefs.ZipTest
Tests run: 26, Failures: 0, Errors: 0, Skipped: 1, Time elapsed: 
Testcase: test4(org.apache.tools.ant.taskdefs.ZipTest):SKIPPED: Previously commented out
Testsuite: org.apache.tools.ant.taskdefs.compilers.DefaultCompilerAdapterTest
Tests run: 16, Failures: 0, Errors: 0, Skipped: 0, Time elapsed: 
Testsuite: org.apache.tools.ant.taskdefs.compilers.JavacExternalTest
Tests run: 3, Failures: 0, Errors: 0, Skipped: 0, Time elapsed: 
Testsuite: org.apache.tools.ant.taskdefs.condition.AntVersionTest
Tests run: 2, Failures: 0, Errors: 0, Skipped: 0, Time elapsed: 
Testsuite: org.apache.tools.ant.taskdefs.condition.ContainsTest
Tests run: 1, Failures: 0, Errors: 0, Skipped: 0, Time elapsed: 
Testsuite: org.apache.tools.ant.taskdefs.condition.EqualsTest
Tests run: 2, Failures: 0, Errors: 0, Skipped: 0, Time elapsed: 
Testsuite: org.apache.tools.ant.taskdefs.condition.HttpTest
Tests run: 4, Failures: 0, Errors: 0, Skipped: 0, Time elapsed: 
Testsuite: org.apache.tools.ant.taskdefs.condition.IsFailureTest
Tests run: 1, Failures: 0, Errors: 0, Skipped: 0, Time elapsed: 
Testsuite: org.apache.tools.ant.taskdefs.condition.IsFileSelectedTest
Tests run: 5, Failures: 0, Errors: 0, Skipped: 0, Time elapsed: 
Testsuite: org.apache.tools.ant.taskdefs.condition.IsReachableTest
Tests run: 9, Failures: 0, Errors: 0, Skipped: 1, Time elapsed: 
Testcase: NotestFile(org.apache.tools.ant.taskdefs.condition.IsReachableTest):SKIPPED: Previously named in a way to prevent execution
Testsuite: org.apache.tools.ant.taskdefs.condition.IsReferenceTest
Tests run: 3, Failures: 0, Errors: 0, Skipped: 0, Time elapsed: 
Testsuite: org.apache.tools.ant.taskdefs.condition.IsSignedTest
Tests run: 4, Failures: 0, Errors: 0, Skipped: 0, Time elapsed: 
Testsuite: org.apache.tools.ant.taskdefs.condition.ParserSupportsTest
Tests run: 7, Failures: 0, Errors: 0, Skipped: 2, Time elapsed: 
Testcase: NotestPropertyInvalid(org.apache.tools.ant.taskdefs.condition.ParserSupportsTest):SKIPPED: Previously named in a manner to prevent execution
Testcase: NotestXercesProperty(org.apache.tools.ant.taskdefs.condition.ParserSupportsTest):SKIPPED: Previously named in a manner to prevent execution
Testsuite: org.apache.tools.ant.taskdefs.condition.TypeFoundTest
Tests run: 7, Failures: 0, Errors: 0, Skipped: 0, Time elapsed: 
Testsuite: org.apache.tools.ant.taskdefs.condition.XorTest
Tests run: 7, Failures: 0, Errors: 0, Skipped: 0, Time elapsed: 
Testsuite: org.apache.tools.ant.taskdefs.cvslib.ChangeLogParserTest
Tests run: 2, Failures: 0, Errors: 0, Skipped: 0, Time elapsed: 
Testsuite: org.apache.tools.ant.taskdefs.cvslib.ChangeLogWriterTest
Tests run: 1, Failures: 0, Errors: 0, Skipped: 0, Time elapsed: 
Testsuite: org.apache.tools.ant.taskdefs.email.EmailAddressTest
Tests run: 13, Failures: 0, Errors: 0, Skipped: 0, Time elapsed: 
Testsuite: org.apache.tools.ant.taskdefs.email.MessageTest
Tests run: 1, Failures: 0, Errors: 0, Skipped: 0, Time elapsed: 
Testsuite: org.apache.tools.ant.taskdefs.optional.ANTLRTest
Tests run: 16, Failures: 0, Errors: 0, Skipped: 0, Time elapsed: 
Testsuite: org.apache.tools.ant.taskdefs.optional.EchoPropertiesTest
Tests run: 18, Failures: 0, Errors: 0, Skipped: 0, Time elapsed: 
Testsuite: org.apache.tools.ant.taskdefs.optional.JavahTest
Tests run: 2, Failures: 0, Errors: 0, Skipped: 0, Time elapsed: 
Testsuite: org.apache.tools.ant.taskdefs.optional.Native2AsciiTest
Tests run: 1, Failures: 0, Errors: 0, Skipped: 0, Time elapsed: 
Testsuite: org.apache.tools.ant.taskdefs.optional.PropertyFileTest
Tests run: 6, Failures: 0, Errors: 0, Skipped: 0, Time elapsed: 
Testsuite: org.apache.tools.ant.taskdefs.optional.ReplaceRegExpTest
Tests run: 6, Failures: 0, Errors: 0, Skipped: 0, Time elapsed: 
Testsuite: org.apache.tools.ant.taskdefs.optional.RpmTest
Tests run: 2, Failures: 0, Errors: 0, Skipped: 0, Time elapsed: 
Testsuite: org.apache.tools.ant.taskdefs.optional.SchemaValidateTest
Tests run: 9, Failures: 0, Errors: 0, Skipped: 0, Time elapsed: 
Testsuite: org.apache.tools.ant.taskdefs.optional.TraXLiaisonTest
Tests run: 6, Failures: 0, Errors: 0, Skipped: 2, Time elapsed: 
Testcase: testXalan2RedirectViaXalan(org.apache.tools.ant.taskdefs.optional.TraXLiaisonTest):SKIPPED: xalan redirect is not on the classpath: got: <java.lang.ClassNotFoundException: org.apache.xalan.lib.Redirect>, expected: null
Testcase: testXalan2RedirectViaJDKFactory(org.apache.tools.ant.taskdefs.optional.TraXLiaisonTest):SKIPPED: xalan redirect is not on the classpath: got: <java.lang.ClassNotFoundException: org.apache.xalan.lib.Redirect>, expected: null
Testsuite: org.apache.tools.ant.taskdefs.optional.XmlValidateTest
Tests run: 13, Failures: 0, Errors: 0, Skipped: 0, Time elapsed: 
Testsuite: org.apache.tools.ant.taskdefs.optional.XsltTest
Tests run: 5, Failures: 0, Errors: 0, Skipped: 0, Time elapsed: 
Testsuite: org.apache.tools.ant.taskdefs.optional.depend.DependTest
Tests run: 10, Failures: 0, Errors: 0, Skipped: 1, Time elapsed: 
Testcase: testModuleInfo(org.apache.tools.ant.taskdefs.optional.depend.DependTest):SKIPPED: Skipping test execution since Java version is lesser than 9
Testsuite: org.apache.tools.ant.taskdefs.optional.i18n.TranslateTest
Tests run: 1, Failures: 0, Errors: 0, Skipped: 0, Time elapsed: 
Testsuite: org.apache.tools.ant.taskdefs.optional.image.ImageIOTest
Tests run: 8, Failures: 0, Errors: 0, Skipped: 0, Time elapsed: 
Testsuite: org.apache.tools.ant.taskdefs.optional.junit.BatchTestTest
Tests run: 62, Failures: 0, Errors: 0, Skipped: 0, Time elapsed: 
Testsuite: org.apache.tools.ant.taskdefs.optional.junit.DOMUtilTest
Tests run: 1, Failures: 0, Errors: 0, Skipped: 0, Time elapsed: 
Testsuite: org.apache.tools.ant.taskdefs.optional.junit.JUnitTaskTest
Tests run: 21, Failures: 0, Errors: 0, Skipped: 1, Time elapsed: 
Testcase: testFailureRecorder(org.apache.tools.ant.taskdefs.optional.junit.JUnitTaskTest):SKIPPED: Skipping test since it fails with JUnit 4
Testsuite: org.apache.tools.ant.taskdefs.optional.junit.JUnitTestListenerTest
Tests run: 8, Failures: 0, Errors: 0, Skipped: 0, Time elapsed: 
Testsuite: org.apache.tools.ant.taskdefs.optional.junit.JUnitTestRunnerTest
Tests run: 11, Failures: 0, Errors: 0, Skipped: 0, Time elapsed: 
Testsuite: org.apache.tools.ant.taskdefs.optional.junit.JUnitVersionHelperTest
Tests run: 7, Failures: 0, Errors: 0, Skipped: 0, Time elapsed: 
Testsuite: org.apache.tools.ant.taskdefs.optional.junit.SuiteMethodTest
Tests run: 1, Failures: 0, Errors: 0, Skipped: 0, Time elapsed: 
Testsuite: org.apache.tools.ant.taskdefs.optional.junit.TearDownOnVmCrashTest
Tests run: 2, Failures: 0, Errors: 0, Skipped: 0, Time elapsed: 
Testsuite: org.apache.tools.ant.taskdefs.optional.junit.XMLResultAggregatorTest
Tests run: 1, Failures: 0, Errors: 0, Skipped: 0, Time elapsed: 
Testsuite: org.apache.tools.ant.taskdefs.optional.sos.SOSTest
Tests run: 11, Failures: 0, Errors: 0, Skipped: 0, Time elapsed: 
Testsuite: org.apache.tools.ant.taskdefs.optional.unix.SymlinkTest
Tests run: 6, Failures: 0, Errors: 0, Skipped: 0, Time elapsed: 
Testsuite: org.apache.tools.ant.taskdefs.optional.vss.MSVSSTest
Tests run: 19, Failures: 0, Errors: 0, Skipped: 0, Time elapsed: 
Testsuite: org.apache.tools.ant.types.AddTypeTest
Tests run: 15, Failures: 0, Errors: 0, Skipped: 0, Time elapsed: 
Testsuite: org.apache.tools.ant.types.AssertionsTest
Tests run: 11, Failures: 0, Errors: 0, Skipped: 0, Time elapsed: 
Testsuite: org.apache.tools.ant.types.CharSetTest
Tests run: 15, Failures: 0, Errors: 0, Skipped: 0, Time elapsed: 
Testsuite: org.apache.tools.ant.types.CommandlineJavaTest
Tests run: 4, Failures: 0, Errors: 0, Skipped: 0, Time elapsed: 
Testsuite: org.apache.tools.ant.types.CommandlineTest
Tests run: 8, Failures: 0, Errors: 0, Skipped: 0, Time elapsed: 
Testsuite: org.apache.tools.ant.types.DescriptionTest
Tests run: 4, Failures: 0, Errors: 0, Skipped: 0, Time elapsed: 
Testsuite: org.apache.tools.ant.types.DirSetTest
Tests run: 23, Failures: 0, Errors: 0, Skipped: 0, Time elapsed: 
Testsuite: org.apache.tools.ant.types.EnumeratedAttributeTest
Tests run: 5, Failures: 0, Errors: 0, Skipped: 0, Time elapsed: 
Testsuite: org.apache.tools.ant.types.FileListTest
Tests run: 12, Failures: 0, Errors: 0, Skipped: 0, Time elapsed: 
Testsuite: org.apache.tools.ant.types.FileSetTest
Tests run: 22, Failures: 0, Errors: 0, Skipped: 0, Time elapsed: 
Testsuite: org.apache.tools.ant.types.FilterSetTest
Tests run: 13, Failures: 0, Errors: 0, Skipped: 0, Time elapsed: 
Testsuite: org.apache.tools.ant.types.FlexIntegerTest
Tests run: 1, Failures: 0, Errors: 0, Skipped: 0, Time elapsed: 
Testsuite: org.apache.tools.ant.types.MapperTest
Tests run: 10, Failures: 0, Errors: 0, Skipped: 0, Time elapsed: 
Testsuite: org.apache.tools.ant.types.ModuleVersionTest
Tests run: 9, Failures: 0, Errors: 0, Skipped: 0, Time elapsed: 
Testsuite: org.apache.tools.ant.types.PathTest
Tests run: 33, Failures: 0, Errors: 0, Skipped: 0, Time elapsed: 
Testsuite: org.apache.tools.ant.types.PatternSetTest
Tests run: 16, Failures: 0, Errors: 0, Skipped: 0, Time elapsed: 
Testsuite: org.apache.tools.ant.types.PermissionsTest
Tests run: 6, Failures: 0, Errors: 0, Skipped: 0, Time elapsed: 
Testsuite: org.apache.tools.ant.types.PolyTest
Tests run: 4, Failures: 0, Errors: 0, Skipped: 0, Time elapsed: 
Testsuite: org.apache.tools.ant.types.RedirectorElementTest
Tests run: 6, Failures: 0, Errors: 0, Skipped: 0, Time elapsed: 
Testsuite: org.apache.tools.ant.types.ResourceOutputTest
Tests run: 9, Failures: 0, Errors: 0, Skipped: 0, Time elapsed: 
Testsuite: org.apache.tools.ant.types.TarFileSetTest
Tests run: 26, Failures: 0, Errors: 0, Skipped: 0, Time elapsed: 
Testsuite: org.apache.tools.ant.types.XMLCatalogBuildFileTest
Tests run: 4, Failures: 0, Errors: 0, Skipped: 0, Time elapsed: 
Testsuite: org.apache.tools.ant.types.XMLCatalogTest
Tests run: 13, Failures: 0, Errors: 0, Skipped: 0, Time elapsed: 
Testsuite: org.apache.tools.ant.types.ZipFileSetTest
Tests run: 26, Failures: 0, Errors: 0, Skipped: 0, Time elapsed: 
Testsuite: org.apache.tools.ant.types.mappers.GlobMapperTest
Tests run: 2, Failures: 0, Errors: 0, Skipped: 0, Time elapsed: 
Testsuite: org.apache.tools.ant.types.mappers.RegexpPatternMapperTest
Tests run: 2, Failures: 0, Errors: 0, Skipped: 0, Time elapsed: 
Testsuite: org.apache.tools.ant.types.resources.FileResourceTest
Tests run: 11, Failures: 0, Errors: 0, Skipped: 0, Time elapsed: 
Testsuite: org.apache.tools.ant.types.resources.JavaResourceTest
Tests run: 3, Failures: 0, Errors: 0, Skipped: 0, Time elapsed: 
Testsuite: org.apache.tools.ant.types.resources.LazyResourceCollectionTest
Tests run: 4, Failures: 0, Errors: 0, Skipped: 0, Time elapsed: 
Testsuite: org.apache.tools.ant.types.resources.MultiRootFileSetTest
Tests run: 27, Failures: 0, Errors: 0, Skipped: 0, Time elapsed: 
Testsuite: org.apache.tools.ant.types.resources.ResourceListTest
Tests run: 7, Failures: 0, Errors: 0, Skipped: 0, Time elapsed: 
Testsuite: org.apache.tools.ant.types.resources.TarResourceTest
Tests run: 1, Failures: 0, Errors: 0, Skipped: 0, Time elapsed: 
Testsuite: org.apache.tools.ant.types.selectors.ContainsRegexpTest
Tests run: 1, Failures: 0, Errors: 0, Skipped: 0, Time elapsed: 
Testsuite: org.apache.tools.ant.types.selectors.ContainsSelectorTest
Tests run: 8, Failures: 0, Errors: 0, Skipped: 0, Time elapsed: 
Testsuite: org.apache.tools.ant.types.selectors.DateSelectorTest
Tests run: 16, Failures: 0, Errors: 0, Skipped: 0, Time elapsed: 
Testsuite: org.apache.tools.ant.types.selectors.DependSelectorTest
Tests run: 10, Failures: 0, Errors: 0, Skipped: 0, Time elapsed: 
Testsuite: org.apache.tools.ant.types.selectors.DepthSelectorTest
Tests run: 10, Failures: 0, Errors: 0, Skipped: 0, Time elapsed: 
Testsuite: org.apache.tools.ant.types.selectors.FilenameSelectorTest
Tests run: 7, Failures: 0, Errors: 0, Skipped: 1, Time elapsed: 
Testcase: testSelectionBehaviourWildcard(org.apache.tools.ant.types.selectors.FilenameSelectorTest):SKIPPED: Turned off due to a bug: SelectorUtils.matchPattern() is recursive without '**' on Windows
Testsuite: org.apache.tools.ant.types.selectors.OwnedBySelectorTest
Tests run: 2, Failures: 0, Errors: 0, Skipped: 0, Time elapsed: 
Testsuite: org.apache.tools.ant.types.selectors.PosixGroupSelectorTest
Tests run: 2, Failures: 0, Errors: 0, Skipped: 0, Time elapsed: 
Testsuite: org.apache.tools.ant.types.selectors.PosixPermissionsSelectorTest
Tests run: 8, Failures: 0, Errors: 0, Skipped: 0, Time elapsed: 
Testsuite: org.apache.tools.ant.types.selectors.PresentSelectorTest
Tests run: 8, Failures: 0, Errors: 0, Skipped: 0, Time elapsed: 
Testsuite: org.apache.tools.ant.types.selectors.SignedSelectorTest
Tests run: 3, Failures: 0, Errors: 0, Skipped: 0, Time elapsed: 
Testsuite: org.apache.tools.ant.types.selectors.SizeSelectorTest
Tests run: 16, Failures: 0, Errors: 0, Skipped: 0, Time elapsed: 
Testsuite: org.apache.tools.ant.types.selectors.TokenizedPatternTest
Tests run: 5, Failures: 0, Errors: 0, Skipped: 0, Time elapsed: 
Testsuite: org.apache.tools.ant.types.selectors.TypeSelectorTest
Tests run: 3, Failures: 0, Errors: 0, Skipped: 0, Time elapsed: 
Testsuite: org.apache.tools.ant.util.Base64ConverterTest
Tests run: 2, Failures: 0, Errors: 0, Skipped: 0, Time elapsed: 
Testsuite: org.apache.tools.ant.util.CollectionUtilsTest
Tests run: 2, Failures: 0, Errors: 0, Skipped: 0, Time elapsed: 
Testsuite: org.apache.tools.ant.util.DOMElementWriterTest
Tests run: 16, Failures: 0, Errors: 0, Skipped: 0, Time elapsed: 
Testsuite: org.apache.tools.ant.util.DateUtilsTest
Tests run: 7, Failures: 0, Errors: 0, Skipped: 0, Time elapsed: 
Testsuite: org.apache.tools.ant.util.DeweyDecimalTest
Tests run: 14, Failures: 0, Errors: 0, Skipped: 0, Time elapsed: 
Testsuite: org.apache.tools.ant.util.FileUtilsTest
Tests run: 34, Failures: 0, Errors: 0, Skipped: 8, Time elapsed: 
Testcase: testIsContextRelativePath(org.apache.tools.ant.util.FileUtilsTest):SKIPPED: Test only runs on DOS
Testcase: testNormalizeBackSlashDosOrNetware(org.apache.tools.ant.util.FileUtilsTest):SKIPPED: Not DOS or Netware
Testcase: testNormalizeDosOrNetware(org.apache.tools.ant.util.FileUtilsTest):SKIPPED: Not DOS or Netware
Testcase: testFromURI(org.apache.tools.ant.util.FileUtilsTest):SKIPPED: Not DOS or Netware
Testcase: isLeadingPathCanonicalVersionWorksAsExpectedOnDos(org.apache.tools.ant.util.FileUtilsTest):SKIPPED: Test only runs on DOS
Testcase: testNormalizeSlashDosOrNetware(org.apache.tools.ant.util.FileUtilsTest):SKIPPED: Not DOS or Netware
Testcase: isLeadingPathAndTrailingSlashesOnDos(org.apache.tools.ant.util.FileUtilsTest):SKIPPED: Test only runs on DOS
Testcase: testResolveFileDosOrNetware(org.apache.tools.ant.util.FileUtilsTest):SKIPPED: Not DOS or Netware
Testsuite: org.apache.tools.ant.util.GlobPatternMapperTest
Tests run: 4, Failures: 0, Errors: 0, Skipped: 0, Time elapsed: 
Testsuite: org.apache.tools.ant.util.JAXPUtilsTest
Tests run: 1, Failures: 0, Errors: 0, Skipped: 0, Time elapsed: 
Testsuite: org.apache.tools.ant.util.JavaEnvUtilsTest
Tests run: 8, Failures: 0, Errors: 0, Skipped: 6, Time elapsed: 
Testcase: java11IsDetectedProperly(org.apache.tools.ant.util.JavaEnvUtilsTest):SKIPPED: got: <false>, expected: is <true>
Testcase: java10IsDetectedProperly(org.apache.tools.ant.util.JavaEnvUtilsTest):SKIPPED: got: <false>, expected: is <true>
Testcase: testGetExecutableWindows(org.apache.tools.ant.util.JavaEnvUtilsTest):SKIPPED: Test only runs on windows
Testcase: testGetExecutableNetware(org.apache.tools.ant.util.JavaEnvUtilsTest):SKIPPED: Test only runs on netware
Testcase: isJavaVersionSupportsBothVersionsOfJava9(org.apache.tools.ant.util.JavaEnvUtilsTest):SKIPPED: got: <false>, expected: is <true>
Testcase: java12IsDetectedProperly(org.apache.tools.ant.util.JavaEnvUtilsTest):SKIPPED: got: <false>, expected: is <true>
Testsuite: org.apache.tools.ant.util.LayoutPreservingPropertiesTest
Tests run: 9, Failures: 0, Errors: 0, Skipped: 0, Time elapsed: 
Testsuite: org.apache.tools.ant.util.LazyFileOutputStreamTest
Tests run: 4, Failures: 0, Errors: 0, Skipped: 0, Time elapsed: 
Testsuite: org.apache.tools.ant.util.LineOrientedOutputStreamTest
Tests run: 10, Failures: 0, Errors: 0, Skipped: 0, Time elapsed: 
Testsuite: org.apache.tools.ant.util.LinkedHashtableTest
Tests run: 14, Failures: 0, Errors: 0, Skipped: 0, Time elapsed: 
Testsuite: org.apache.tools.ant.util.LoaderUtilsTest
Tests run: 1, Failures: 0, Errors: 0, Skipped: 0, Time elapsed: 
Testsuite: org.apache.tools.ant.util.Native2AsciiUtilsTest
Tests run: 7, Failures: 0, Errors: 0, Skipped: 0, Time elapsed: 
Testsuite: org.apache.tools.ant.util.PackageNameMapperTest
Tests run: 1, Failures: 0, Errors: 0, Skipped: 0, Time elapsed: 
Testsuite: org.apache.tools.ant.util.PermissionUtilsTest
Tests run: 9, Failures: 0, Errors: 0, Skipped: 0, Time elapsed: 
Testsuite: org.apache.tools.ant.util.ReaderInputStreamTest
Tests run: 14, Failures: 0, Errors: 0, Skipped: 0, Time elapsed: 
Testsuite: org.apache.tools.ant.util.ResourceUtilsTest
Tests run: 1, Failures: 0, Errors: 0, Skipped: 0, Time elapsed: 
Testsuite: org.apache.tools.ant.util.StringUtilsTest
Tests run: 24, Failures: 0, Errors: 0, Skipped: 0, Time elapsed: 
Testsuite: org.apache.tools.ant.util.SymlinkUtilsTest
Tests run: 1, Failures: 0, Errors: 0, Skipped: 0, Time elapsed: 
Testsuite: org.apache.tools.ant.util.UnPackageNameMapperTest
Tests run: 1, Failures: 0, Errors: 0, Skipped: 0, Time elapsed: 
Testsuite: org.apache.tools.ant.util.UnicodeUtilTest
Tests run: 1, Failures: 0, Errors: 0, Skipped: 0, Time elapsed: 
Testsuite: org.apache.tools.ant.util.VectorSetTest
Tests run: 27, Failures: 0, Errors: 0, Skipped: 0, Time elapsed: 
Testsuite: org.apache.tools.ant.util.XMLFragmentTest
Tests run: 2, Failures: 0, Errors: 0, Skipped: 0, Time elapsed: 
Testsuite: org.apache.tools.ant.util.facade.FacadeTaskHelperTest
Tests run: 2, Failures: 0, Errors: 0, Skipped: 0, Time elapsed: 
Testsuite: org.apache.tools.ant.util.facade.ImplementationSpecificArgumentTest
Tests run: 1, Failures: 0, Errors: 0, Skipped: 0, Time elapsed: 
Testsuite: org.apache.tools.ant.util.regexp.Jdk14RegexpMatcherTest
Tests run: 12, Failures: 0, Errors: 0, Skipped: 0, Time elapsed: 
Testsuite: org.apache.tools.ant.util.regexp.Jdk14RegexpRegexpTest
Tests run: 15, Failures: 0, Errors: 0, Skipped: 0, Time elapsed: 
Testsuite: org.apache.tools.bzip2.BlockSortTest
Tests run: 7, Failures: 0, Errors: 0, Skipped: 0, Time elapsed: 
Testsuite: org.apache.tools.bzip2.CBZip2StreamTest
Tests run: 2, Failures: 0, Errors: 0, Skipped: 0, Time elapsed: 
Testsuite: org.apache.tools.mail.MailMessageTest
Tests run: 7, Failures: 0, Errors: 0, Skipped: 0, Time elapsed: 
Testsuite: org.apache.tools.tar.TarEntryTest
Tests run: 1, Failures: 0, Errors: 0, Skipped: 0, Time elapsed: 
Testsuite: org.apache.tools.tar.TarOutputStreamTest
Tests run: 1, Failures: 0, Errors: 0, Skipped: 0, Time elapsed: 
Testsuite: org.apache.tools.tar.TarRoundTripTest
Tests run: 2, Failures: 0, Errors: 0, Skipped: 0, Time elapsed: 
Testsuite: org.apache.tools.zip.AsiExtraFieldTest
Tests run: 7, Failures: 0, Errors: 0, Skipped: 0, Time elapsed: 
Testsuite: org.apache.tools.zip.ExtraFieldUtilsTest
Tests run: 5, Failures: 0, Errors: 0, Skipped: 0, Time elapsed: 
Testsuite: org.apache.tools.zip.UTF8ZipFilesTest
Tests run: 9, Failures: 0, Errors: 0, Skipped: 0, Time elapsed: 
Testsuite: org.apache.tools.zip.ZipEncodingTest
Tests run: 3, Failures: 0, Errors: 0, Skipped: 0, Time elapsed: 
Testsuite: org.apache.tools.zip.ZipEntryTest
Tests run: 6, Failures: 0, Errors: 0, Skipped: 0, Time elapsed: 
Testsuite: org.apache.tools.zip.ZipLongTest
Tests run: 5, Failures: 0, Errors: 0, Skipped: 0, Time elapsed: 
Testsuite: org.apache.tools.zip.ZipOutputStreamTest
Tests run: 3, Failures: 0, Errors: 0, Skipped: 0, Time elapsed: 
Testsuite: org.apache.tools.zip.ZipShortTest
Tests run: 5, Failures: 0, Errors: 0, Skipped: 0, Time elapsed: 
BUILD SUCCESSFUL
