[0/1] Running all tests.
1/8 validate_overrides         FAIL            0.63s   exit status 2
>>> GST_PLUGIN_PATH_1_0=$(@D):/usr/lib/amd64/gstreamer-1.0:/usr/lib/amd64/gstreamer-1.0 GST_STATE_IGNORE_ELEMENTS='' GST_REGISTRY=$(@D)/validate/tests/check/validate_overrides.registry MALLOC_PERTURB_=32 GST_PLUGIN_SYSTEM_PATH_1_0='' GST_PLUGIN_SCANNER_1_0=/usr/libexec/gstreamer-1.0/gst-plugin-scanner $(@D)/validate/tests/check/validate_overrides
â€•â€•â€•â€•â€•â€•â€•â€•â€•â€•â€•â€•â€•â€•â€•â€•â€•â€•â€•â€•â€•â€•â€•â€•â€•â€•â€•â€•â€•â€•â€•â€•â€•â€•â€•â€•â€• âœ€  â€•â€•â€•â€•â€•â€•â€•â€•â€•â€•â€•â€•â€•â€•â€•â€•â€•â€•â€•â€•â€•â€•â€•â€•â€•â€•â€•â€•â€•â€•â€•â€•â€•â€•â€•â€•â€•
stdout:


Unexpected critical/warning: cannot register existing type 'GstValidateRunner'

Stack trace:
/usr/lib/amd64/libgstreamer-1.0.so.0.2003.0'generate_backtrace_trace+0x28 [0x7fffaeb18fa8]
/usr/lib/amd64/libgstcheck-1.0.so.0.2003.0'gst_check_log_critical_func+0x13b [0x7fffaf5323fb]
/usr/lib/amd64/libglib-2.0.so.0.6200.6'g_logv+0x27f [0x7fffaf0214bf]
/usr/lib/amd64/libglib-2.0.so.0.6200.6'g_log+0x7d [0x7fffaf02169d]
/usr/lib/amd64/libgobject-2.0.so.0.6200.6'g_type_register_static+0x17f [0x7fffaee8cfbf]
/usr/lib/amd64/libgobject-2.0.so.0.6200.6'g_type_register_static_simple+0x84 [0x7fffaee8d6f4]
$(@D)/validate/gst/validate/libgstvalidate-1.0.so.0.2003.0'gst_validate_runner_get_type_once+0x47 [0x7fffaed11e27]
$(@D)/validate/gst/validate/libgstvalidate-1.0.so.0.2003.0'gst_validate_runner_get_type+0x31 [0x7fffaed129b1]
$(@D)/validate/gst/validate/libgstvalidate-1.0.so.0.2003.0'gst_validate_init_runner+0x19 [0x7fffaed13ea9]
$(@D)/validate/tests/check/validate_overrides'main+0x74 [0x403c24]
$(@D)/validate/tests/check/validate_overrides'_start_crt+0x87 [0x4036d7]
$(@D)/validate/tests/check/validate_overrides'_start+0x18 [0x403638]

stderr:

(validate_overrides:23426): GStreamer-WARNING **: 14:44:10.937: External plugin loader failed. This most likely means that the plugin loader helper binary was not found or could not be run. You might need to set the GST_PLUGIN_SCANNER environment variable if your setup is unusual. This should normally not be required though.
../../gstreamer-1.20.3/libs/gst/check/libcheck/check_msg.c:79: No messaging setup
â€•â€•â€•â€•â€•â€•â€•â€•â€•â€•â€•â€•â€•â€•â€•â€•â€•â€•â€•â€•â€•â€•â€•â€•â€•â€•â€•â€•â€•â€•â€•â€•â€•â€•â€•â€•â€•â€•â€•â€•â€•â€•â€•â€•â€•â€•â€•â€•â€•â€•â€•â€•â€•â€•â€•â€•â€•â€•â€•â€•â€•â€•â€•â€•â€•â€•â€•â€•â€•â€•â€•â€•â€•â€•â€•â€•â€•â€•

2/8 validate_monitoring        FAIL            0.65s   exit status 2
>>> GST_PLUGIN_PATH_1_0=$(@D):/usr/lib/amd64/gstreamer-1.0:/usr/lib/amd64/gstreamer-1.0 MALLOC_PERTURB_=17 GST_REGISTRY=$(@D)/validate/tests/check/validate_monitoring.registry GST_STATE_IGNORE_ELEMENTS='' GST_PLUGIN_SYSTEM_PATH_1_0='' GST_PLUGIN_SCANNER_1_0=/usr/libexec/gstreamer-1.0/gst-plugin-scanner $(@D)/validate/tests/check/validate_monitoring
â€•â€•â€•â€•â€•â€•â€•â€•â€•â€•â€•â€•â€•â€•â€•â€•â€•â€•â€•â€•â€•â€•â€•â€•â€•â€•â€•â€•â€•â€•â€•â€•â€•â€•â€•â€•â€• âœ€  â€•â€•â€•â€•â€•â€•â€•â€•â€•â€•â€•â€•â€•â€•â€•â€•â€•â€•â€•â€•â€•â€•â€•â€•â€•â€•â€•â€•â€•â€•â€•â€•â€•â€•â€•â€•â€•
stdout:
Running suite(s): monitoring


Unexpected critical/warning: cannot register existing type 'GstValidateRunner'

Stack trace:
/usr/lib/amd64/libgstreamer-1.0.so.0.2003.0'generate_backtrace_trace+0x28 [0x7fffaf2b8fa8]
/usr/lib/amd64/libgstcheck-1.0.so.0.2003.0'gst_check_log_critical_func+0x13b [0x7fffaf4623fb]
/usr/lib/amd64/libglib-2.0.so.0.6200.6'g_logv+0x27f [0x7fffae0914bf]
/usr/lib/amd64/libglib-2.0.so.0.6200.6'g_log+0x7d [0x7fffae09169d]
/usr/lib/amd64/libgobject-2.0.so.0.6200.6'g_type_register_static+0x17f [0x7fffaee0cfbf]
/usr/lib/amd64/libgobject-2.0.so.0.6200.6'g_type_register_static_simple+0x84 [0x7fffaee0d6f4]
$(@D)/validate/gst/validate/libgstvalidate-1.0.so.0.2003.0'gst_validate_runner_get_type_once+0x47 [0x7fffaf501e27]
$(@D)/validate/gst/validate/libgstvalidate-1.0.so.0.2003.0'gst_validate_runner_get_type+0x31 [0x7fffaf5029b1]
$(@D)/validate/gst/validate/libgstvalidate-1.0.so.0.2003.0'gst_validate_runner_new+0x8f [0x7fffaf502c8f]
$(@D)/validate/tests/check/validate_monitoring'monitors_added+0xa9 [0x403719]
/usr/lib/amd64/libgstcheck-1.0.so.0.2003.0'srunner_run_tagged+0x546 [0x7fffaf4708e6]
/usr/lib/amd64/libgstcheck-1.0.so.0.2003.0'gst_check_run_suite+0x67 [0x7fffaf463a87]
$(@D)/validate/tests/check/validate_monitoring'main+0xa7 [0x403ad7]
$(@D)/validate/tests/check/validate_monitoring'_start_crt+0x87 [0x4033d7]
$(@D)/validate/tests/check/validate_monitoring'_start+0x18 [0x403338]



Unexpected critical/warning: cannot register existing type 'GstValidateRunner'

Stack trace:
/usr/lib/amd64/libgstreamer-1.0.so.0.2003.0'generate_backtrace_trace+0x28 [0x7fffaf2b8fa8]
/usr/lib/amd64/libgstcheck-1.0.so.0.2003.0'gst_check_log_critical_func+0x13b [0x7fffaf4623fb]
/usr/lib/amd64/libglib-2.0.so.0.6200.6'g_logv+0x27f [0x7fffae0914bf]
/usr/lib/amd64/libglib-2.0.so.0.6200.6'g_log+0x7d [0x7fffae09169d]
/usr/lib/amd64/libgobject-2.0.so.0.6200.6'g_type_register_static+0x17f [0x7fffaee0cfbf]
/usr/lib/amd64/libgobject-2.0.so.0.6200.6'g_type_register_static_simple+0x84 [0x7fffaee0d6f4]
$(@D)/validate/gst/validate/libgstvalidate-1.0.so.0.2003.0'gst_validate_runner_get_type_once+0x47 [0x7fffaf501e27]
$(@D)/validate/gst/validate/libgstvalidate-1.0.so.0.2003.0'gst_validate_runner_get_type+0x31 [0x7fffaf5029b1]
$(@D)/validate/gst/validate/libgstvalidate-1.0.so.0.2003.0'gst_validate_runner_new+0x8f [0x7fffaf502c8f]
$(@D)/validate/tests/check/validate_monitoring'monitors_cleanup+0x77 [0x403537]
/usr/lib/amd64/libgstcheck-1.0.so.0.2003.0'srunner_run_tagged+0x546 [0x7fffaf4708e6]
/usr/lib/amd64/libgstcheck-1.0.so.0.2003.0'gst_check_run_suite+0x67 [0x7fffaf463a87]
$(@D)/validate/tests/check/validate_monitoring'main+0xa7 [0x403ad7]
$(@D)/validate/tests/check/validate_monitoring'_start_crt+0x87 [0x4033d7]
$(@D)/validate/tests/check/validate_monitoring'_start+0x18 [0x403338]

0%: Checks: 2, Failures: 2, Errors: 0
../../gstreamer-1.20.3/libs/gst/check/gstcheck.c:286:F:monitoring:monitors_added:0: Unexpected critical/warning: cannot register existing type 'GstValidateRunner'
../../gstreamer-1.20.3/libs/gst/check/gstcheck.c:286:F:monitoring:monitors_cleanup:0: Unexpected critical/warning: cannot register existing type 'GstValidateRunner'
Check suite gst_validate ran in 0.041s (tests failed: 2)
stderr:

(validate_monitoring:23422): GStreamer-WARNING **: 14:44:10.918: External plugin loader failed. This most likely means that the plugin loader helper binary was not found or could not be run. You might need to set the GST_PLUGIN_SCANNER environment variable if your setup is unusual. This should normally not be required though.
â€•â€•â€•â€•â€•â€•â€•â€•â€•â€•â€•â€•â€•â€•â€•â€•â€•â€•â€•â€•â€•â€•â€•â€•â€•â€•â€•â€•â€•â€•â€•â€•â€•â€•â€•â€•â€•â€•â€•â€•â€•â€•â€•â€•â€•â€•â€•â€•â€•â€•â€•â€•â€•â€•â€•â€•â€•â€•â€•â€•â€•â€•â€•â€•â€•â€•â€•â€•â€•â€•â€•â€•â€•â€•â€•â€•â€•â€•

3/8 validate_scenario          FAIL            0.63s   exit status 2
>>> GST_PLUGIN_PATH_1_0=$(@D):/usr/lib/amd64/gstreamer-1.0:/usr/lib/amd64/gstreamer-1.0 MALLOC_PERTURB_=90 GST_STATE_IGNORE_ELEMENTS='' GST_PLUGIN_SYSTEM_PATH_1_0='' GST_PLUGIN_SCANNER_1_0=/usr/libexec/gstreamer-1.0/gst-plugin-scanner GST_REGISTRY=$(@D)/validate/tests/check/validate_scenario.registry $(@D)/validate/tests/check/validate_scenario
â€•â€•â€•â€•â€•â€•â€•â€•â€•â€•â€•â€•â€•â€•â€•â€•â€•â€•â€•â€•â€•â€•â€•â€•â€•â€•â€•â€•â€•â€•â€•â€•â€•â€•â€•â€•â€• âœ€  â€•â€•â€•â€•â€•â€•â€•â€•â€•â€•â€•â€•â€•â€•â€•â€•â€•â€•â€•â€•â€•â€•â€•â€•â€•â€•â€•â€•â€•â€•â€•â€•â€•â€•â€•â€•â€•
stdout:


Unexpected critical/warning: cannot register existing type 'GstValidateRunner'

Stack trace:
/usr/lib/amd64/libgstreamer-1.0.so.0.2003.0'generate_backtrace_trace+0x28 [0x7fffae8e8fa8]
/usr/lib/amd64/libgstcheck-1.0.so.0.2003.0'gst_check_log_critical_func+0x13b [0x7fffaf5c23fb]
/usr/lib/amd64/libglib-2.0.so.0.6200.6'g_logv+0x27f [0x7fffaee714bf]
/usr/lib/amd64/libglib-2.0.so.0.6200.6'g_log+0x7d [0x7fffaee7169d]
/usr/lib/amd64/libgobject-2.0.so.0.6200.6'g_type_register_static+0x17f [0x7fffaf52cfbf]
/usr/lib/amd64/libgobject-2.0.so.0.6200.6'g_type_register_static_simple+0x84 [0x7fffaf52d6f4]
$(@D)/validate/gst/validate/libgstvalidate-1.0.so.0.2003.0'gst_validate_runner_get_type_once+0x47 [0x7fffaef91e27]
$(@D)/validate/gst/validate/libgstvalidate-1.0.so.0.2003.0'gst_validate_runner_get_type+0x31 [0x7fffaef929b1]
$(@D)/validate/gst/validate/libgstvalidate-1.0.so.0.2003.0'gst_validate_init_runner+0x19 [0x7fffaef93ea9]
$(@D)/validate/tests/check/validate_scenario'main+0x74 [0x403844]
$(@D)/validate/tests/check/validate_scenario'_start_crt+0x87 [0x4033e7]
$(@D)/validate/tests/check/validate_scenario'_start+0x18 [0x403348]

stderr:

(validate_scenario:23427): GStreamer-WARNING **: 14:44:10.944: External plugin loader failed. This most likely means that the plugin loader helper binary was not found or could not be run. You might need to set the GST_PLUGIN_SCANNER environment variable if your setup is unusual. This should normally not be required though.
../../gstreamer-1.20.3/libs/gst/check/libcheck/check_msg.c:79: No messaging setup
â€•â€•â€•â€•â€•â€•â€•â€•â€•â€•â€•â€•â€•â€•â€•â€•â€•â€•â€•â€•â€•â€•â€•â€•â€•â€•â€•â€•â€•â€•â€•â€•â€•â€•â€•â€•â€•â€•â€•â€•â€•â€•â€•â€•â€•â€•â€•â€•â€•â€•â€•â€•â€•â€•â€•â€•â€•â€•â€•â€•â€•â€•â€•â€•â€•â€•â€•â€•â€•â€•â€•â€•â€•â€•â€•â€•â€•â€•

4/8 validate_expression_parser FAIL            0.71s   exit status 2
>>> GST_PLUGIN_PATH_1_0=$(@D):/usr/lib/amd64/gstreamer-1.0:/usr/lib/amd64/gstreamer-1.0 GST_REGISTRY=$(@D)/validate/tests/check/validate_expression_parser.registry GST_STATE_IGNORE_ELEMENTS='' MALLOC_PERTURB_=113 GST_PLUGIN_SYSTEM_PATH_1_0='' GST_PLUGIN_SCANNER_1_0=/usr/libexec/gstreamer-1.0/gst-plugin-scanner $(@D)/validate/tests/check/validate_expression_parser
â€•â€•â€•â€•â€•â€•â€•â€•â€•â€•â€•â€•â€•â€•â€•â€•â€•â€•â€•â€•â€•â€•â€•â€•â€•â€•â€•â€•â€•â€•â€•â€•â€•â€•â€•â€•â€• âœ€  â€•â€•â€•â€•â€•â€•â€•â€•â€•â€•â€•â€•â€•â€•â€•â€•â€•â€•â€•â€•â€•â€•â€•â€•â€•â€•â€•â€•â€•â€•â€•â€•â€•â€•â€•â€•â€•
stdout:


Unexpected critical/warning: cannot register existing type 'GstValidateRunner'

Stack trace:
/usr/lib/amd64/libgstreamer-1.0.so.0.2003.0'generate_backtrace_trace+0x28 [0x7fffaea18fa8]
/usr/lib/amd64/libgstcheck-1.0.so.0.2003.0'gst_check_log_critical_func+0x13b [0x7fffaf3723fb]
/usr/lib/amd64/libglib-2.0.so.0.6200.6'g_logv+0x27f [0x7fffaee914bf]
/usr/lib/amd64/libglib-2.0.so.0.6200.6'g_log+0x7d [0x7fffaee9169d]
/usr/lib/amd64/libgobject-2.0.so.0.6200.6'g_type_register_static+0x17f [0x7fffaf4fcfbf]
/usr/lib/amd64/libgobject-2.0.so.0.6200.6'g_type_register_static_simple+0x84 [0x7fffaf4fd6f4]
$(@D)/validate/gst/validate/libgstvalidate-1.0.so.0.2003.0'gst_validate_runner_get_type_once+0x47 [0x7fffaf2f1e27]
$(@D)/validate/gst/validate/libgstvalidate-1.0.so.0.2003.0'gst_validate_runner_get_type+0x31 [0x7fffaf2f29b1]
$(@D)/validate/gst/validate/libgstvalidate-1.0.so.0.2003.0'gst_validate_init_runner+0x19 [0x7fffaf2f3ea9]
$(@D)/validate/tests/check/validate_expression_parser'main+0x74 [0x4034f4]
$(@D)/validate/tests/check/validate_expression_parser'_start_crt+0x87 [0x4030f7]
$(@D)/validate/tests/check/validate_expression_parser'_start+0x18 [0x403058]

stderr:

(validate_expression_parser:23432): GStreamer-WARNING **: 14:44:10.973: External plugin loader failed. This most likely means that the plugin loader helper binary was not found or could not be run. You might need to set the GST_PLUGIN_SCANNER environment variable if your setup is unusual. This should normally not be required though.
../../gstreamer-1.20.3/libs/gst/check/libcheck/check_msg.c:79: No messaging setup
â€•â€•â€•â€•â€•â€•â€•â€•â€•â€•â€•â€•â€•â€•â€•â€•â€•â€•â€•â€•â€•â€•â€•â€•â€•â€•â€•â€•â€•â€•â€•â€•â€•â€•â€•â€•â€•â€•â€•â€•â€•â€•â€•â€•â€•â€•â€•â€•â€•â€•â€•â€•â€•â€•â€•â€•â€•â€•â€•â€•â€•â€•â€•â€•â€•â€•â€•â€•â€•â€•â€•â€•â€•â€•â€•â€•â€•â€•

5/8 validate_utilities         FAIL            0.80s   exit status 2
>>> GST_PLUGIN_PATH_1_0=$(@D):/usr/lib/amd64/gstreamer-1.0:/usr/lib/amd64/gstreamer-1.0 GST_REGISTRY=$(@D)/validate/tests/check/validate_utilities.registry GST_STATE_IGNORE_ELEMENTS='' GST_PLUGIN_SYSTEM_PATH_1_0='' GST_PLUGIN_SCANNER_1_0=/usr/libexec/gstreamer-1.0/gst-plugin-scanner MALLOC_PERTURB_=96 $(@D)/validate/tests/check/validate_utilities
â€•â€•â€•â€•â€•â€•â€•â€•â€•â€•â€•â€•â€•â€•â€•â€•â€•â€•â€•â€•â€•â€•â€•â€•â€•â€•â€•â€•â€•â€•â€•â€•â€•â€•â€•â€•â€• âœ€  â€•â€•â€•â€•â€•â€•â€•â€•â€•â€•â€•â€•â€•â€•â€•â€•â€•â€•â€•â€•â€•â€•â€•â€•â€•â€•â€•â€•â€•â€•â€•â€•â€•â€•â€•â€•â€•
stdout:


Unexpected critical/warning: cannot register existing type 'GstValidateRunner'

Stack trace:
/usr/lib/amd64/libgstreamer-1.0.so.0.2003.0'generate_backtrace_trace+0x28 [0x7fffaed28fa8]
/usr/lib/amd64/libgstcheck-1.0.so.0.2003.0'gst_check_log_critical_func+0x13b [0x7fffaf2d23fb]
/usr/lib/amd64/libglib-2.0.so.0.6200.6'g_logv+0x27f [0x7fffae5714bf]
/usr/lib/amd64/libglib-2.0.so.0.6200.6'g_log+0x7d [0x7fffae57169d]
/usr/lib/amd64/libgobject-2.0.so.0.6200.6'g_type_register_static+0x17f [0x7fffaf42cfbf]
/usr/lib/amd64/libgobject-2.0.so.0.6200.6'g_type_register_static_simple+0x84 [0x7fffaf42d6f4]
$(@D)/validate/gst/validate/libgstvalidate-1.0.so.0.2003.0'gst_validate_runner_get_type_once+0x47 [0x7fffaef81e27]
$(@D)/validate/gst/validate/libgstvalidate-1.0.so.0.2003.0'gst_validate_runner_get_type+0x31 [0x7fffaef829b1]
$(@D)/validate/gst/validate/libgstvalidate-1.0.so.0.2003.0'gst_validate_init_runner+0x19 [0x7fffaef83ea9]
$(@D)/validate/tests/check/validate_utilities'main+0x60 [0x403490]
$(@D)/validate/tests/check/validate_utilities'_start_crt+0x87 [0x4031d7]
$(@D)/validate/tests/check/validate_utilities'_start+0x18 [0x403138]

stderr:

(validate_utilities:23429): GStreamer-WARNING **: 14:44:10.957: External plugin loader failed. This most likely means that the plugin loader helper binary was not found or could not be run. You might need to set the GST_PLUGIN_SCANNER environment variable if your setup is unusual. This should normally not be required though.
../../gstreamer-1.20.3/libs/gst/check/libcheck/check_msg.c:79: No messaging setup
â€•â€•â€•â€•â€•â€•â€•â€•â€•â€•â€•â€•â€•â€•â€•â€•â€•â€•â€•â€•â€•â€•â€•â€•â€•â€•â€•â€•â€•â€•â€•â€•â€•â€•â€•â€•â€•â€•â€•â€•â€•â€•â€•â€•â€•â€•â€•â€•â€•â€•â€•â€•â€•â€•â€•â€•â€•â€•â€•â€•â€•â€•â€•â€•â€•â€•â€•â€•â€•â€•â€•â€•â€•â€•â€•â€•â€•â€•

6/8 validate_reporting         FAIL            0.84s   exit status 14
>>> GST_PLUGIN_PATH_1_0=$(@D):/usr/lib/amd64/gstreamer-1.0:/usr/lib/amd64/gstreamer-1.0 MALLOC_PERTURB_=8 GST_STATE_IGNORE_ELEMENTS='' GST_REGISTRY=$(@D)/validate/tests/check/validate_reporting.registry GST_PLUGIN_SYSTEM_PATH_1_0='' GST_PLUGIN_SCANNER_1_0=/usr/libexec/gstreamer-1.0/gst-plugin-scanner $(@D)/validate/tests/check/validate_reporting
â€•â€•â€•â€•â€•â€•â€•â€•â€•â€•â€•â€•â€•â€•â€•â€•â€•â€•â€•â€•â€•â€•â€•â€•â€•â€•â€•â€•â€•â€•â€•â€•â€•â€•â€•â€•â€• âœ€  â€•â€•â€•â€•â€•â€•â€•â€•â€•â€•â€•â€•â€•â€•â€•â€•â€•â€•â€•â€•â€•â€•â€•â€•â€•â€•â€•â€•â€•â€•â€•â€•â€•â€•â€•â€•â€•
Listing only the last 100 lines from a long log.

Stack trace:
/usr/lib/amd64/libgstreamer-1.0.so.0.2003.0'generate_backtrace_trace+0x28 [0x7fffaec58fa8]
/usr/lib/amd64/libgstcheck-1.0.so.0.2003.0'gst_check_log_critical_func+0x13b [0x7fffaf4223fb]
/usr/lib/amd64/libglib-2.0.so.0.6200.6'g_logv+0x27f [0x7fffa50414bf]
/usr/lib/amd64/libglib-2.0.so.0.6200.6'g_log+0x7d [0x7fffa504169d]
/usr/lib/amd64/libgobject-2.0.so.0.6200.6'g_type_register_static+0x17f [0x7fffaf59cfbf]
/usr/lib/amd64/libgobject-2.0.so.0.6200.6'g_type_register_static_simple+0x84 [0x7fffaf59d6f4]
$(@D)/validate/gst/validate/libgstvalidate-1.0.so.0.2003.0'gst_validate_runner_get_type_once+0x47 [0x7fffaf201e27]
$(@D)/validate/gst/validate/libgstvalidate-1.0.so.0.2003.0'gst_validate_runner_get_type+0x31 [0x7fffaf2029b1]
$(@D)/validate/gst/validate/libgstvalidate-1.0.so.0.2003.0'gst_validate_runner_new+0x8f [0x7fffaf202c8f]
$(@D)/validate/tests/check/validate_reporting'test_global_level_subchain_sink_monitor+0x9a [0x404b2a]
/usr/lib/amd64/libgstcheck-1.0.so.0.2003.0'srunner_run_tagged+0x546 [0x7fffaf4308e6]
/usr/lib/amd64/libgstcheck-1.0.so.0.2003.0'gst_check_run_suite+0x67 [0x7fffaf423a87]
$(@D)/validate/tests/check/validate_reporting'main+0x19f [0x405f7f]
$(@D)/validate/tests/check/validate_reporting'_start_crt+0x87 [0x403f27]
$(@D)/validate/tests/check/validate_reporting'_start+0x18 [0x403e88]



Unexpected critical/warning: cannot register existing type 'GstValidateRunner'

Stack trace:
/usr/lib/amd64/libgstreamer-1.0.so.0.2003.0'generate_backtrace_trace+0x28 [0x7fffaec58fa8]
/usr/lib/amd64/libgstcheck-1.0.so.0.2003.0'gst_check_log_critical_func+0x13b [0x7fffaf4223fb]
/usr/lib/amd64/libglib-2.0.so.0.6200.6'g_logv+0x27f [0x7fffa50414bf]
/usr/lib/amd64/libglib-2.0.so.0.6200.6'g_log+0x7d [0x7fffa504169d]
/usr/lib/amd64/libgobject-2.0.so.0.6200.6'g_type_register_static+0x17f [0x7fffaf59cfbf]
/usr/lib/amd64/libgobject-2.0.so.0.6200.6'g_type_register_static_simple+0x84 [0x7fffaf59d6f4]
$(@D)/validate/gst/validate/libgstvalidate-1.0.so.0.2003.0'gst_validate_runner_get_type_once+0x47 [0x7fffaf201e27]
$(@D)/validate/gst/validate/libgstvalidate-1.0.so.0.2003.0'gst_validate_runner_get_type+0x31 [0x7fffaf2029b1]
$(@D)/validate/gst/validate/libgstvalidate-1.0.so.0.2003.0'gst_validate_runner_new+0x8f [0x7fffaf202c8f]
$(@D)/validate/tests/check/validate_reporting'test_global_level_synthetic_fakesrc1_subchain_fakesrc2_subchain_fakemixer_src_monitor+0x9a [0x4049aa]
/usr/lib/amd64/libgstcheck-1.0.so.0.2003.0'srunner_run_tagged+0x546 [0x7fffaf4308e6]
/usr/lib/amd64/libgstcheck-1.0.so.0.2003.0'gst_check_run_suite+0x67 [0x7fffaf423a87]
$(@D)/validate/tests/check/validate_reporting'main+0x19f [0x405f7f]
$(@D)/validate/tests/check/validate_reporting'_start_crt+0x87 [0x403f27]
$(@D)/validate/tests/check/validate_reporting'_start+0x18 [0x403e88]



Unexpected critical/warning: cannot register existing type 'GstValidateRunner'

Stack trace:
/usr/lib/amd64/libgstreamer-1.0.so.0.2003.0'generate_backtrace_trace+0x28 [0x7fffaec58fa8]
/usr/lib/amd64/libgstcheck-1.0.so.0.2003.0'gst_check_log_critical_func+0x13b [0x7fffaf4223fb]
/usr/lib/amd64/libglib-2.0.so.0.6200.6'g_logv+0x27f [0x7fffa50414bf]
/usr/lib/amd64/libglib-2.0.so.0.6200.6'g_log+0x7d [0x7fffa504169d]
/usr/lib/amd64/libgobject-2.0.so.0.6200.6'g_type_register_static+0x17f [0x7fffaf59cfbf]
/usr/lib/amd64/libgobject-2.0.so.0.6200.6'g_type_register_static_simple+0x84 [0x7fffaf59d6f4]
$(@D)/validate/gst/validate/libgstvalidate-1.0.so.0.2003.0'gst_validate_runner_get_type_once+0x47 [0x7fffaf201e27]
$(@D)/validate/gst/validate/libgstvalidate-1.0.so.0.2003.0'gst_validate_runner_get_type+0x31 [0x7fffaf2029b1]
$(@D)/validate/gst/validate/libgstvalidate-1.0.so.0.2003.0'gst_validate_runner_new+0x8f [0x7fffaf202c8f]
$(@D)/validate/tests/check/validate_reporting'test_global_level_none_fakesink_all+0x9a [0x40482a]
/usr/lib/amd64/libgstcheck-1.0.so.0.2003.0'srunner_run_tagged+0x546 [0x7fffaf4308e6]
/usr/lib/amd64/libgstcheck-1.0.so.0.2003.0'gst_check_run_suite+0x67 [0x7fffaf423a87]
$(@D)/validate/tests/check/validate_reporting'main+0x19f [0x405f7f]
$(@D)/validate/tests/check/validate_reporting'_start_crt+0x87 [0x403f27]
$(@D)/validate/tests/check/validate_reporting'_start+0x18 [0x403e88]



Unexpected critical/warning: cannot register existing type 'GstValidateRunner'

Stack trace:
/usr/lib/amd64/libgstreamer-1.0.so.0.2003.0'generate_backtrace_trace+0x28 [0x7fffaec58fa8]
/usr/lib/amd64/libgstcheck-1.0.so.0.2003.0'gst_check_log_critical_func+0x13b [0x7fffaf4223fb]
/usr/lib/amd64/libglib-2.0.so.0.6200.6'g_logv+0x27f [0x7fffa50414bf]
/usr/lib/amd64/libglib-2.0.so.0.6200.6'g_log+0x7d [0x7fffa504169d]
/usr/lib/amd64/libgobject-2.0.so.0.6200.6'g_type_register_static+0x17f [0x7fffaf59cfbf]
/usr/lib/amd64/libgobject-2.0.so.0.6200.6'g_type_register_static_simple+0x84 [0x7fffaf59d6f4]
$(@D)/validate/gst/validate/libgstvalidate-1.0.so.0.2003.0'gst_validate_runner_get_type_once+0x47 [0x7fffaf201e27]
$(@D)/validate/gst/validate/libgstvalidate-1.0.so.0.2003.0'gst_validate_runner_get_type+0x31 [0x7fffaf2029b1]
$(@D)/validate/gst/validate/libgstvalidate-1.0.so.0.2003.0'gst_validate_runner_new+0x8f [0x7fffaf202c8f]
$(@D)/validate/tests/check/validate_reporting'test_global_level_issue_type+0x9a [0x4046ba]
/usr/lib/amd64/libgstcheck-1.0.so.0.2003.0'srunner_run_tagged+0x546 [0x7fffaf4308e6]
/usr/lib/amd64/libgstcheck-1.0.so.0.2003.0'gst_check_run_suite+0x67 [0x7fffaf423a87]
$(@D)/validate/tests/check/validate_reporting'main+0x19f [0x405f7f]
$(@D)/validate/tests/check/validate_reporting'_start_crt+0x87 [0x403f27]
$(@D)/validate/tests/check/validate_reporting'_start+0x18 [0x403e88]

0%: Checks: 14, Failures: 14, Errors: 0
../../gstreamer-1.20.3/libs/gst/check/gstcheck.c:286:F:reporting:test_report_levels_all:0: Unexpected critical/warning: cannot register existing type 'GstValidateRunner'
../../gstreamer-1.20.3/libs/gst/check/gstcheck.c:286:F:reporting:test_report_levels_2:0: Unexpected critical/warning: cannot register existing type 'GstValidateRunner'
../../gstreamer-1.20.3/libs/gst/check/gstcheck.c:286:F:reporting:test_report_levels_complex_parsing:0: Unexpected critical/warning: cannot register existing type 'GstValidateRunner'
../../gstreamer-1.20.3/libs/gst/check/gstcheck.c:286:F:reporting:test_complex_reporting_details:0: Unexpected critical/warning: cannot register existing type 'GstValidateRunner'
../../gstreamer-1.20.3/libs/gst/check/gstcheck.c:286:F:reporting:test_global_level_none:0: Unexpected critical/warning: cannot register existing type 'GstValidateRunner'
../../gstreamer-1.20.3/libs/gst/check/gstcheck.c:286:F:reporting:test_global_level_synthetic:0: Unexpected critical/warning: cannot register existing type 'GstValidateRunner'
../../gstreamer-1.20.3/libs/gst/check/gstcheck.c:286:F:reporting:test_global_level_monitor:0: Unexpected critical/warning: cannot register existing type 'GstValidateRunner'
../../gstreamer-1.20.3/libs/gst/check/gstcheck.c:286:F:reporting:test_global_level_all:0: Unexpected critical/warning: cannot register existing type 'GstValidateRunner'
../../gstreamer-1.20.3/libs/gst/check/gstcheck.c:286:F:reporting:test_global_level_none_fakesink_synthetic:0: Unexpected critical/warning: cannot register existing type 'GstValidateRunner'
../../gstreamer-1.20.3/libs/gst/check/gstcheck.c:286:F:reporting:test_global_level_monitor_sink_none:0: Unexpected critical/warning: cannot register existing type 'GstValidateRunner'
../../gstreamer-1.20.3/libs/gst/check/gstcheck.c:286:F:reporting:test_global_level_subchain_sink_monitor:0: Unexpected critical/warning: cannot register existing type 'GstValidateRunner'
../../gstreamer-1.20.3/libs/gst/check/gstcheck.c:286:F:reporting:test_global_level_synthetic_fakesrc1_subchain_fakesrc2_subchain_fakemixer_src_monitor:0: Unexpected critical/warning: cannot register existing type 'GstValidateRunner'
../../gstreamer-1.20.3/libs/gst/check/gstcheck.c:286:F:reporting:test_global_level_none_fakesink_all:0: Unexpected critical/warning: cannot register existing type 'GstValidateRunner'
../../gstreamer-1.20.3/libs/gst/check/gstcheck.c:286:F:reporting:test_global_level_issue_type:0: Unexpected critical/warning: cannot register existing type 'GstValidateRunner'
Check suite gst_validate ran in 0.162s (tests failed: 14)
stderr:

(validate_reporting:23423): GStreamer-WARNING **: 14:44:10.931: External plugin loader failed. This most likely means that the plugin loader helper binary was not found or could not be run. You might need to set the GST_PLUGIN_SCANNER environment variable if your setup is unusual. This should normally not be required though.
â€•â€•â€•â€•â€•â€•â€•â€•â€•â€•â€•â€•â€•â€•â€•â€•â€•â€•â€•â€•â€•â€•â€•â€•â€•â€•â€•â€•â€•â€•â€•â€•â€•â€•â€•â€•â€•â€•â€•â€•â€•â€•â€•â€•â€•â€•â€•â€•â€•â€•â€•â€•â€•â€•â€•â€•â€•â€•â€•â€•â€•â€•â€•â€•â€•â€•â€•â€•â€•â€•â€•â€•â€•â€•â€•â€•â€•â€•

7/8 validate_padmonitor        FAIL            0.91s   exit status 21
>>> MALLOC_PERTURB_=110 GST_PLUGIN_PATH_1_0=$(@D):/usr/lib/amd64/gstreamer-1.0:/usr/lib/amd64/gstreamer-1.0 GST_STATE_IGNORE_ELEMENTS='' GST_REGISTRY=$(@D)/validate/tests/check/validate_padmonitor.registry GST_PLUGIN_SYSTEM_PATH_1_0='' GST_PLUGIN_SCANNER_1_0=/usr/libexec/gstreamer-1.0/gst-plugin-scanner $(@D)/validate/tests/check/validate_padmonitor
â€•â€•â€•â€•â€•â€•â€•â€•â€•â€•â€•â€•â€•â€•â€•â€•â€•â€•â€•â€•â€•â€•â€•â€•â€•â€•â€•â€•â€•â€•â€•â€•â€•â€•â€•â€•â€• âœ€  â€•â€•â€•â€•â€•â€•â€•â€•â€•â€•â€•â€•â€•â€•â€•â€•â€•â€•â€•â€•â€•â€•â€•â€•â€•â€•â€•â€•â€•â€•â€•â€•â€•â€•â€•â€•â€•
Listing only the last 100 lines from a long log.
/usr/lib/amd64/libgobject-2.0.so.0.6200.6'g_type_register_static_simple+0x84 [0x7fffaed5d6f4]
$(@D)/validate/gst/validate/libgstvalidate-1.0.so.0.2003.0'gst_validate_runner_get_type_once+0x47 [0x7fffaf4c1e27]
$(@D)/validate/gst/validate/libgstvalidate-1.0.so.0.2003.0'gst_validate_runner_get_type+0x31 [0x7fffaf4c29b1]
$(@D)/validate/gst/validate/libgstvalidate-1.0.so.0.2003.0'gst_validate_runner_new+0x8f [0x7fffaf4c2c8f]
$(@D)/validate/tests/check/validate_padmonitor'eos_without_segment+0xd9 [0x407cb9]
/usr/lib/amd64/libgstcheck-1.0.so.0.2003.0'srunner_run_tagged+0x546 [0x7fffaef708e6]
/usr/lib/amd64/libgstcheck-1.0.so.0.2003.0'gst_check_run_suite+0x67 [0x7fffaef63a87]
$(@D)/validate/tests/check/validate_padmonitor'main+0x21d [0x40a70d]
$(@D)/validate/tests/check/validate_padmonitor'_start_crt+0x87 [0x405187]
$(@D)/validate/tests/check/validate_padmonitor'_start+0x18 [0x4050e8]



Unexpected critical/warning: cannot register existing type 'GstValidateRunner'

Stack trace:
/usr/lib/amd64/libgstreamer-1.0.so.0.2003.0'generate_backtrace_trace+0x28 [0x7fffaf048fa8]
/usr/lib/amd64/libgstcheck-1.0.so.0.2003.0'gst_check_log_critical_func+0x13b [0x7fffaef623fb]
/usr/lib/amd64/libglib-2.0.so.0.6200.6'g_logv+0x27f [0x7fffae6914bf]
/usr/lib/amd64/libglib-2.0.so.0.6200.6'g_log+0x7d [0x7fffae69169d]
/usr/lib/amd64/libgobject-2.0.so.0.6200.6'g_type_register_static+0x17f [0x7fffaed5cfbf]
/usr/lib/amd64/libgobject-2.0.so.0.6200.6'g_type_register_static_simple+0x84 [0x7fffaed5d6f4]
$(@D)/validate/gst/validate/libgstvalidate-1.0.so.0.2003.0'gst_validate_runner_get_type_once+0x47 [0x7fffaf4c1e27]
$(@D)/validate/gst/validate/libgstvalidate-1.0.so.0.2003.0'gst_validate_runner_get_type+0x31 [0x7fffaf4c29b1]
$(@D)/validate/gst/validate/libgstvalidate-1.0.so.0.2003.0'gst_validate_runner_new+0x8f [0x7fffaf4c2c8f]
$(@D)/validate/tests/check/validate_padmonitor'caps_events+0xd9 [0x405429]
/usr/lib/amd64/libgstcheck-1.0.so.0.2003.0'srunner_run_tagged+0x546 [0x7fffaef708e6]
/usr/lib/amd64/libgstcheck-1.0.so.0.2003.0'gst_check_run_suite+0x67 [0x7fffaef63a87]
$(@D)/validate/tests/check/validate_padmonitor'main+0x21d [0x40a70d]
$(@D)/validate/tests/check/validate_padmonitor'_start_crt+0x87 [0x405187]
$(@D)/validate/tests/check/validate_padmonitor'_start+0x18 [0x4050e8]



Unexpected critical/warning: cannot register existing type 'GstValidateRunner'

Stack trace:
/usr/lib/amd64/libgstreamer-1.0.so.0.2003.0'generate_backtrace_trace+0x28 [0x7fffaf048fa8]
/usr/lib/amd64/libgstcheck-1.0.so.0.2003.0'gst_check_log_critical_func+0x13b [0x7fffaef623fb]
/usr/lib/amd64/libglib-2.0.so.0.6200.6'g_logv+0x27f [0x7fffae6914bf]
/usr/lib/amd64/libglib-2.0.so.0.6200.6'g_log+0x7d [0x7fffae69169d]
/usr/lib/amd64/libgobject-2.0.so.0.6200.6'g_type_register_static+0x17f [0x7fffaed5cfbf]
/usr/lib/amd64/libgobject-2.0.so.0.6200.6'g_type_register_static_simple+0x84 [0x7fffaed5d6f4]
$(@D)/validate/gst/validate/libgstvalidate-1.0.so.0.2003.0'gst_validate_runner_get_type_once+0x47 [0x7fffaf4c1e27]
$(@D)/validate/gst/validate/libgstvalidate-1.0.so.0.2003.0'gst_validate_runner_get_type+0x31 [0x7fffaf4c29b1]
$(@D)/validate/gst/validate/libgstvalidate-1.0.so.0.2003.0'gst_validate_runner_new+0x8f [0x7fffaf4c2c8f]
$(@D)/validate/tests/check/validate_padmonitor'flow_error_without_message+0xe8 [0x407908]
/usr/lib/amd64/libgstcheck-1.0.so.0.2003.0'srunner_run_tagged+0x546 [0x7fffaef708e6]
/usr/lib/amd64/libgstcheck-1.0.so.0.2003.0'gst_check_run_suite+0x67 [0x7fffaef63a87]
$(@D)/validate/tests/check/validate_padmonitor'main+0x21d [0x40a70d]
$(@D)/validate/tests/check/validate_padmonitor'_start_crt+0x87 [0x405187]
$(@D)/validate/tests/check/validate_padmonitor'_start+0x18 [0x4050e8]



Unexpected critical/warning: cannot register existing type 'GstValidateRunner'

Stack trace:
/usr/lib/amd64/libgstreamer-1.0.so.0.2003.0'generate_backtrace_trace+0x28 [0x7fffaf048fa8]
/usr/lib/amd64/libgstcheck-1.0.so.0.2003.0'gst_check_log_critical_func+0x13b [0x7fffaef623fb]
/usr/lib/amd64/libglib-2.0.so.0.6200.6'g_logv+0x27f [0x7fffae6914bf]
/usr/lib/amd64/libglib-2.0.so.0.6200.6'g_log+0x7d [0x7fffae69169d]
/usr/lib/amd64/libgobject-2.0.so.0.6200.6'g_type_register_static+0x17f [0x7fffaed5cfbf]
/usr/lib/amd64/libgobject-2.0.so.0.6200.6'g_type_register_static_simple+0x84 [0x7fffaed5d6f4]
$(@D)/validate/gst/validate/libgstvalidate-1.0.so.0.2003.0'gst_validate_runner_get_type_once+0x47 [0x7fffaf4c1e27]
$(@D)/validate/gst/validate/libgstvalidate-1.0.so.0.2003.0'gst_validate_runner_get_type+0x31 [0x7fffaf4c29b1]
$(@D)/validate/gst/validate/libgstvalidate-1.0.so.0.2003.0'gst_validate_runner_new+0x8f [0x7fffaf4c2c8f]
$(@D)/validate/tests/check/validate_padmonitor'flow_error_with_message+0xff [0x40813f]
/usr/lib/amd64/libgstcheck-1.0.so.0.2003.0'srunner_run_tagged+0x546 [0x7fffaef708e6]
/usr/lib/amd64/libgstcheck-1.0.so.0.2003.0'gst_check_run_suite+0x67 [0x7fffaef63a87]
$(@D)/validate/tests/check/validate_padmonitor'main+0x21d [0x40a70d]
$(@D)/validate/tests/check/validate_padmonitor'_start_crt+0x87 [0x405187]
$(@D)/validate/tests/check/validate_padmonitor'_start+0x18 [0x4050e8]

0%: Checks: 21, Failures: 21, Errors: 0
../../gstreamer-1.20.3/libs/gst/check/gstcheck.c:286:F:padmonitor:buffer_before_segment:0: Unexpected critical/warning: cannot register existing type 'GstValidateRunner'
../../gstreamer-1.20.3/libs/gst/check/gstcheck.c:286:F:padmonitor:buffer_outside_segment:0: Unexpected critical/warning: cannot register existing type 'GstValidateRunner'
../../gstreamer-1.20.3/libs/gst/check/gstcheck.c:286:F:padmonitor:buffer_timestamp_out_of_received_range:0: Unexpected critical/warning: cannot register existing type 'GstValidateRunner'
../../gstreamer-1.20.3/libs/gst/check/gstcheck.c:286:F:padmonitor:media_info_1:0: Unexpected critical/warning: cannot register existing type 'GstValidateRunner'
../../gstreamer-1.20.3/libs/gst/check/gstcheck.c:286:F:padmonitor:media_info_2:0: Unexpected critical/warning: cannot register existing type 'GstValidateRunner'
../../gstreamer-1.20.3/libs/gst/check/gstcheck.c:286:F:padmonitor:media_info_3:0: Unexpected critical/warning: cannot register existing type 'GstValidateRunner'
../../gstreamer-1.20.3/libs/gst/check/gstcheck.c:286:F:padmonitor:media_info_4:0: Unexpected critical/warning: cannot register existing type 'GstValidateRunner'
../../gstreamer-1.20.3/libs/gst/check/gstcheck.c:286:F:padmonitor:media_info_5:0: Unexpected critical/warning: cannot register existing type 'GstValidateRunner'
../../gstreamer-1.20.3/libs/gst/check/gstcheck.c:286:F:padmonitor:flow_aggregation_ok_ok_error_ok:0: Unexpected critical/warning: cannot register existing type 'GstValidateRunner'
../../gstreamer-1.20.3/libs/gst/check/gstcheck.c:286:F:padmonitor:flow_aggregation_eos_eos_eos_ok:0: Unexpected critical/warning: cannot register existing type 'GstValidateRunner'
../../gstreamer-1.20.3/libs/gst/check/gstcheck.c:286:F:padmonitor:flow_aggregation_flushing_ok_ok_ok:0: Unexpected critical/warning: cannot register existing type 'GstValidateRunner'
../../gstreamer-1.20.3/libs/gst/check/gstcheck.c:286:F:padmonitor:flow_aggregation_not_neg_ok_ok_ok:0: Unexpected critical/warning: cannot register existing type 'GstValidateRunner'
../../gstreamer-1.20.3/libs/gst/check/gstcheck.c:286:F:padmonitor:flow_aggregation_eos_eos_eos_eos:0: Unexpected critical/warning: cannot register existing type 'GstValidateRunner'
../../gstreamer-1.20.3/libs/gst/check/gstcheck.c:286:F:padmonitor:flow_aggregation_eos_eos_ok_ok:0: Unexpected critical/warning: cannot register existing type 'GstValidateRunner'
../../gstreamer-1.20.3/libs/gst/check/gstcheck.c:286:F:padmonitor:flow_aggregation_ok_ok_ok_eos:0: Unexpected critical/warning: cannot register existing type 'GstValidateRunner'
../../gstreamer-1.20.3/libs/gst/check/gstcheck.c:286:F:padmonitor:flow_aggregation_not_neg_ok_ok_not_neg:0: Unexpected critical/warning: cannot register existing type 'GstValidateRunner'
../../gstreamer-1.20.3/libs/gst/check/gstcheck.c:286:F:padmonitor:issue_concatenation:0: Unexpected critical/warning: cannot register existing type 'GstValidateRunner'
../../gstreamer-1.20.3/libs/gst/check/gstcheck.c:286:F:padmonitor:eos_without_segment:0: Unexpected critical/warning: cannot register existing type 'GstValidateRunner'
../../gstreamer-1.20.3/libs/gst/check/gstcheck.c:286:F:padmonitor:caps_events:0: Unexpected critical/warning: cannot register existing type 'GstValidateRunner'
../../gstreamer-1.20.3/libs/gst/check/gstcheck.c:286:F:padmonitor:flow_error_without_message:0: Unexpected critical/warning: cannot register existing type 'GstValidateRunner'
../../gstreamer-1.20.3/libs/gst/check/gstcheck.c:286:F:padmonitor:flow_error_with_message:0: Unexpected critical/warning: cannot register existing type 'GstValidateRunner'
Check suite gst_validate ran in 0.283s (tests failed: 21)
stderr:

(validate_padmonitor:23421): GStreamer-WARNING **: 14:44:10.912: External plugin loader failed. This most likely means that the plugin loader helper binary was not found or could not be run. You might need to set the GST_PLUGIN_SCANNER environment variable if your setup is unusual. This should normally not be required though.
â€•â€•â€•â€•â€•â€•â€•â€•â€•â€•â€•â€•â€•â€•â€•â€•â€•â€•â€•â€•â€•â€•â€•â€•â€•â€•â€•â€•â€•â€•â€•â€•â€•â€•â€•â€•â€•â€•â€•â€•â€•â€•â€•â€•â€•â€•â€•â€•â€•â€•â€•â€•â€•â€•â€•â€•â€•â€•â€•â€•â€•â€•â€•â€•â€•â€•â€•â€•â€•â€•â€•â€•â€•â€•â€•â€•â€•â€•

8/8 validate/launcher_tests    FAIL            1.07s   exit status 1
>>> GST_PLUGIN_PATH_1_0=$(@D):/usr/lib/amd64/gstreamer-1.0:/usr/lib/amd64/gstreamer-1.0 MALLOC_PERTURB_=141 GST_REGISTRY=$(@D)/validate/tests/launcher_tests/validate/launcher_tests.registry GST_STATE_IGNORE_ELEMENTS='' GST_PLUGIN_SYSTEM_PATH_1_0='' GST_PLUGIN_SCANNER_1_0=/usr/libexec/gstreamer-1.0/gst-plugin-scanner $(@D)/validate/tools/gst-validate-launcher -o $(@D)/validate-launcher-output/ $(SOURCE_DIR)/validate/tests/launcher_tests/test_validate.py --validate-tools-path $(@D)/validate/tests/launcher_tests/../../tools
â€•â€•â€•â€•â€•â€•â€•â€•â€•â€•â€•â€•â€•â€•â€•â€•â€•â€•â€•â€•â€•â€•â€•â€•â€•â€•â€•â€•â€•â€•â€•â€•â€•â€•â€•â€•â€• âœ€  â€•â€•â€•â€•â€•â€•â€•â€•â€•â€•â€•â€•â€•â€•â€•â€•â€•â€•â€•â€•â€•â€•â€•â€•â€•â€•â€•â€•â€•â€•â€•â€•â€•â€•â€•â€•â€•
stdout:
Setting up tests to test GstValidate
stderr:
ERROR 14:44:11 scenariomanager   <ScenarioManager at 0x7fffad649310> [00m[32;01mdiscover_scenarios:[00m Command '['$(@D)/validate/tests/launcher_tests/../../tools/gst-validate-1.0', '--scenarios-defs-output-file', '/export2/home/andreas/gst-validate/scenarios.def']' died with <Signals.SIGSEGV: 11>. (../../gst-devtools-1.20.3/validate/launcher/baseclasses.py:2365)
ERROR 14:44:11 scenariomanager   <ScenarioManager at 0x7fffad649310> [00m[32;01mdiscover_scenarios:[00m See $(@D)/validate-launcher-output/logs/scenarios_discovery.log (../../gst-devtools-1.20.3/validate/launcher/baseclasses.py:2366)
Traceback (most recent call last):
  File "$(@D)/validate/tools/gst-validate-launcher", line 55, in <module>
    exit(main(libsdir))
  File "$(SOURCE_DIR)/validate/launcher/main.py", line 645, in main
    res, options, tests_launcher = setup_launcher_from_args(sys.argv[1:])
  File "$(SOURCE_DIR)/validate/launcher/main.py", line 631, in setup_launcher_from_args
    if not tests_launcher.set_settings(options, []):
  File "$(SOURCE_DIR)/validate/launcher/baseclasses.py", line 1895, in set_settings
    if self.needs_http_server() or options.httponly is True:
  File "$(SOURCE_DIR)/validate/launcher/baseclasses.py", line 2237, in needs_http_server
    if tester.needs_http_server():
  File "$(SOURCE_DIR)/validate/launcher/apps/gstvalidate.py", line 1194, in needs_http_server
    for test in self.list_tests():
  File "$(SOURCE_DIR)/validate/launcher/apps/gstvalidate.py", line 1058, in list_tests
    scenarios = [self.scenarios_manager.get_scenario(scenario_name)
  File "$(SOURCE_DIR)/validate/launcher/apps/gstvalidate.py", line 1058, in <listcomp>
    scenarios = [self.scenarios_manager.get_scenario(scenario_name)
  File "$(SOURCE_DIR)/validate/launcher/baseclasses.py", line 2419, in get_scenario
    self.discover_scenarios()
  File "$(SOURCE_DIR)/validate/launcher/baseclasses.py", line 2370, in discover_scenarios
    f = open(scenario_defs)
FileNotFoundError: [Errno 2] No such file or directory: '/export2/home/andreas/gst-validate/scenarios.def'
â€•â€•â€•â€•â€•â€•â€•â€•â€•â€•â€•â€•â€•â€•â€•â€•â€•â€•â€•â€•â€•â€•â€•â€•â€•â€•â€•â€•â€•â€•â€•â€•â€•â€•â€•â€•â€•â€•â€•â€•â€•â€•â€•â€•â€•â€•â€•â€•â€•â€•â€•â€•â€•â€•â€•â€•â€•â€•â€•â€•â€•â€•â€•â€•â€•â€•â€•â€•â€•â€•â€•â€•â€•â€•â€•â€•â€•â€•


Summary of Failures:

1/8 validate_overrides         FAIL            0.63s   exit status 2
2/8 validate_monitoring        FAIL            0.65s   exit status 2
3/8 validate_scenario          FAIL            0.63s   exit status 2
4/8 validate_expression_parser FAIL            0.71s   exit status 2
5/8 validate_utilities         FAIL            0.80s   exit status 2
6/8 validate_reporting         FAIL            0.84s   exit status 14
7/8 validate_padmonitor        FAIL            0.91s   exit status 21
8/8 validate/launcher_tests    FAIL            1.07s   exit status 1


Ok:                 0   
Expected Fail:      0   
Fail:               8   
Unexpected Pass:    0   
Skipped:            0   
Timeout:            0   

Full log written to $(@D)/meson-logs/testlog.txt
FAILED: meson-test 
/usr/bin/meson test --no-rebuild --print-errorlogs
ninja: build stopped: subcommand failed.
