
##### Building packages and commands.

##### Testing packages.
# embed/internal/embedtest
embed/internal/embedtest/embed_test.go:15:12: pattern c*.txt: cannot embed irregular file concurrency.txt
FAIL	embed/internal/embedtest [setup failed]
ok  	archive/tar	
ok  	archive/zip	
ok  	bufio	
ok  	bytes	
ok  	compress/bzip2	
ok  	compress/flate	
ok  	compress/gzip	
ok  	compress/lzw	
ok  	compress/zlib	
ok  	container/heap	
ok  	container/list	
ok  	container/ring	
ok  	context	
ok  	crypto	
ok  	crypto/aes	
ok  	crypto/cipher	
ok  	crypto/des	
ok  	crypto/dsa	
ok  	crypto/ecdsa	
ok  	crypto/ed25519	
ok  	crypto/elliptic	
ok  	crypto/hmac	
ok  	crypto/internal/subtle	
ok  	crypto/md5	
ok  	crypto/rand	
ok  	crypto/rc4	
ok  	crypto/rsa	
ok  	crypto/sha1	
ok  	crypto/sha256	
ok  	crypto/sha512	
ok  	crypto/subtle	
ok  	crypto/tls	
ok  	crypto/x509	
ok  	database/sql	
ok  	database/sql/driver	
ok  	debug/dwarf	
ok  	debug/elf	
ok  	debug/gosym	
ok  	debug/macho	
ok  	debug/pe	
ok  	debug/plan9obj	
ok  	encoding/ascii85	
ok  	encoding/asn1	
ok  	encoding/base32	
ok  	encoding/base64	
ok  	encoding/binary	
ok  	encoding/csv	
ok  	encoding/gob	
ok  	encoding/hex	
ok  	encoding/json	
ok  	encoding/pem	
ok  	encoding/xml	
ok  	errors	
ok  	expvar	
ok  	flag	
ok  	fmt	
ok  	go/ast	
ok  	go/build	
ok  	go/build/constraint	
ok  	go/constant	
ok  	go/doc	
ok  	go/format	
ok  	go/importer	
ok  	go/internal/gccgoimporter	
ok  	go/internal/gcimporter	
ok  	go/internal/srcimporter	
ok  	go/parser	
ok  	go/printer	
ok  	go/scanner	
ok  	go/token	
ok  	go/types	
ok  	hash	
ok  	hash/adler32	
ok  	hash/crc32	
ok  	hash/crc64	
ok  	hash/fnv	
ok  	hash/maphash	
ok  	html	
ok  	html/template	
ok  	image	
ok  	image/color	
ok  	image/draw	
ok  	image/gif	
ok  	image/jpeg	
ok  	image/png	
ok  	index/suffixarray	
ok  	internal/cpu	
ok  	internal/execabs	
ok  	internal/fmtsort	
ok  	internal/poll	
ok  	internal/profile	
ok  	internal/reflectlite	
ok  	internal/singleflight	
ok  	internal/trace	
ok  	internal/unsafeheader	
ok  	internal/xcoff	
ok  	io	
ok  	io/fs	
--- FAIL: TestReadOnlyWriteFile ()
    ioutil_test.go:90: Expected an error when writing to read-only file /tmp/TestReadOnlyWriteFile/blurp.txt
FAIL
FAIL	io/ioutil	
ok  	log	
ok  	log/syslog	
ok  	math	
ok  	math/big	
ok  	math/bits	
ok  	math/cmplx	
ok  	math/rand	
ok  	mime	
ok  	mime/multipart	
ok  	mime/quotedprintable	
ok  	net	
ok  	net/http	
ok  	net/http/cgi	
ok  	net/http/cookiejar	
ok  	net/http/fcgi	
ok  	net/http/httptest	
ok  	net/http/httptrace	
ok  	net/http/httputil	
ok  	net/http/internal	
ok  	net/http/pprof	
ok  	net/internal/socktest	
ok  	net/mail	
ok  	net/rpc	
ok  	net/rpc/jsonrpc	
ok  	net/smtp	
ok  	net/textproto	
ok  	net/url	
--- FAIL: TestReadOnlyWriteFile ()
    read_test.go:87: Expected an error when writing to read-only file /tmp/TestReadOnlyWriteFile/blurp.txt
--- FAIL: TestRemoveAllButReadOnlyAndPathError ()
    removeall_test.go:352: RemoveAll succeeded unexpectedly
FAIL
FAIL	os	
ok  	os/exec	
ok  	os/signal	
ok  	os/user	
ok  	path	
ok  	path/filepath	
ok  	plugin	
ok  	reflect	
ok  	regexp	
ok  	regexp/syntax	
ok  	runtime	
ok  	runtime/debug	
ok  	runtime/internal/atomic	
ok  	runtime/internal/math	
ok  	runtime/internal/sys	
ok  	runtime/metrics	
ok  	runtime/pprof	
ok  	runtime/race	
ok  	runtime/trace	
ok  	sort	
ok  	strconv	
ok  	strings	
ok  	sync	
ok  	sync/atomic	
ok  	syscall	
ok  	testing	
ok  	testing/fstest	
ok  	testing/iotest	
ok  	testing/quick	
ok  	text/scanner	
ok  	text/tabwriter	
ok  	text/template	
ok  	text/template/parse	
ok  	time	
ok  	unicode	
ok  	unicode/utf16	
ok  	unicode/utf8	
ok  	cmd/addr2line	
ok  	cmd/api	
ok  	cmd/asm/internal/asm	
ok  	cmd/asm/internal/lex	
ok  	cmd/compile	
ok  	cmd/compile/internal/gc	
ok  	cmd/compile/internal/logopt	
ok  	cmd/compile/internal/ssa	
ok  	cmd/compile/internal/syntax	
ok  	cmd/compile/internal/test	
ok  	cmd/compile/internal/types	
ok  	cmd/cover	
ok  	cmd/doc	
ok  	cmd/fix	
go test proxy running at GOPROXY=http://127.0.0.1:nnnnn/mod
--- FAIL: TestScript ()
    --- FAIL: TestScript/build_nocache ()
        script_test.go:213: 
            # As of Go 1.12, the module cache is required.
            # If none of the variables we use to locate GOCACHE are set, the cache is off
            # and we cannot build. ()
            # If GOCACHE is set but is not an absolute path, and we cannot build. ()
            # An explicit GOCACHE=off also disables builds. ()
            # If GOCACHE is set to an unwritable directory, we should diagnose it as such. ()
            > [windows] stop # Does not support unwritable directories.
            > [root] skip # Can write to unwritable directories.
            > mkdir $WORK/unwritable/home
            > chmod 0555 $WORK/unwritable/home
            > [!plan9] env HOME=$WORK/unwritable/home
            > [plan9] env home=$WORK/unwritable/home
            > env GOCACHE=$WORK/unwritable/home
            > ! go build -o triv triv.go
            FAIL: testdata/script/build_nocache.txt:35: unexpected command success
            
    --- FAIL: TestScript/mod_cache_rw ()
        script_test.go:213: 
            # Regression test for golang.org/issue/31481. ()
            # golang.org/issue/31481: an explicit flag should make directories in the module
            # cache writable in order to work around the historical inability of 'rm -rf' to
            # forcibly remove files in unwritable directories. ()
            # After adding an extraneous file, 'go mod verify' should fail. ()
            # However, files within those directories should still be read-only to avoid
            # accidental mutations. ()
            > [!root] ! cp $WORK/extraneous.txt $GOPATH/pkg/mod/rsc.io/quote@v1.5.2/go.mod
            FAIL: testdata/script/mod_cache_rw.txt:16: unexpected command success
            
FAIL
FAIL	cmd/go	
ok  	cmd/go/internal/auth	
ok  	cmd/go/internal/cache	
ok  	cmd/go/internal/fsys	
ok  	cmd/go/internal/generate	
ok  	cmd/go/internal/get	
ok  	cmd/go/internal/imports	
ok  	cmd/go/internal/load	
ok  	cmd/go/internal/lockedfile	
ok  	cmd/go/internal/lockedfile/internal/filelock	
ok  	cmd/go/internal/modconv	
ok  	cmd/go/internal/modfetch	
ok  	cmd/go/internal/modfetch/codehost	
ok  	cmd/go/internal/modfetch/zip_sum_test	
ok  	cmd/go/internal/modload	
ok  	cmd/go/internal/mvs	
ok  	cmd/go/internal/par	
ok  	cmd/go/internal/renameio	
ok  	cmd/go/internal/search	
ok  	cmd/go/internal/str	
ok  	cmd/go/internal/test	
ok  	cmd/go/internal/txtar	
ok  	cmd/go/internal/vcs	
ok  	cmd/go/internal/web	
ok  	cmd/go/internal/work	
ok  	cmd/gofmt	
ok  	cmd/internal/archive	
ok  	cmd/internal/buildid	
ok  	cmd/internal/dwarf	
ok  	cmd/internal/edit	
ok  	cmd/internal/goobj	
ok  	cmd/internal/moddeps	
ok  	cmd/internal/obj	
ok  	cmd/internal/obj/ppc64	
ok  	cmd/internal/obj/riscv	
ok  	cmd/internal/obj/s390x	
ok  	cmd/internal/obj/x86	
ok  	cmd/internal/objabi	
ok  	cmd/internal/pkgpath	
ok  	cmd/internal/src	
ok  	cmd/internal/sys	
ok  	cmd/internal/test2json	
ok  	cmd/link	
ok  	cmd/link/internal/benchmark	
ok  	cmd/link/internal/ld	
ok  	cmd/link/internal/loader	
ok  	cmd/nm	
ok  	cmd/objdump	
ok  	cmd/pack	
ok  	cmd/trace	
ok  	cmd/vet	
FAIL
go tool dist: Failed: exit status 1
