============================= test session starts ==============================
platform sunos5 -- Python $(PYTHON_VERSION).X -- $(PYTHON)
cachedir: .pytest_cache
hypothesis profile 'default' -> database=DirectoryBasedExampleDatabase('$(@D)/.hypothesis/examples')
rootdir: $(@D)
configfile: pytest.ini
testpaths: zmq/tests
asyncio: mode=auto
collecting ... collected 444 items

zmq/tests/test_asyncio.py::test_custom_serialize PASSED
zmq/tests/test_asyncio.py::test_custom_serialize_error PASSED
zmq/tests/test_asyncio.py::test_instance_subclass_first PASSED
zmq/tests/test_asyncio.py::test_instance_subclass_second PASSED
zmq/tests/test_asyncio.py::test_multiple_loops PASSED
zmq/tests/test_asyncio.py::test_poll PASSED
zmq/tests/test_asyncio.py::test_poll_base_socket PASSED
zmq/tests/test_asyncio.py::test_poll_leak PASSED
zmq/tests/test_asyncio.py::test_poll_on_closed_socket PASSED
zmq/tests/test_asyncio.py::test_poll_raw PASSED
zmq/tests/test_asyncio.py::test_process_teardown PASSED
zmq/tests/test_asyncio.py::test_recv PASSED
zmq/tests/test_asyncio.py::test_recv_cancel PASSED
zmq/tests/test_asyncio.py::test_recv_dontwait PASSED
zmq/tests/test_asyncio.py::test_recv_json PASSED
zmq/tests/test_asyncio.py::test_recv_json_cancelled PASSED
zmq/tests/test_asyncio.py::test_recv_multipart PASSED
zmq/tests/test_asyncio.py::test_recv_pyobj PASSED
zmq/tests/test_asyncio.py::test_recv_string PASSED
zmq/tests/test_asyncio.py::test_recv_timeout PASSED
zmq/tests/test_asyncio.py::test_send_timeout PASSED
zmq/tests/test_asyncio.py::test_shadow PASSED
zmq/tests/test_asyncio.py::test_socket_class PASSED
zmq/tests/test_auth.py::TestAsyncioAuthentication::test_allow PASSED
zmq/tests/test_auth.py::TestAsyncioAuthentication::test_curve[None-public_keys-False] PASSED
zmq/tests/test_auth.py::TestAsyncioAuthentication::test_curve[bad-public_keys-False] PASSED
zmq/tests/test_auth.py::TestAsyncioAuthentication::test_curve[ok-*-True] PASSED
zmq/tests/test_auth.py::TestAsyncioAuthentication::test_curve[ok-public_keys-True] PASSED
zmq/tests/test_auth.py::TestAsyncioAuthentication::test_curve_callback[False-ok] PASSED
zmq/tests/test_auth.py::TestAsyncioAuthentication::test_curve_callback[False-wrong] PASSED
zmq/tests/test_auth.py::TestAsyncioAuthentication::test_curve_callback[True-ok] PASSED
zmq/tests/test_auth.py::TestAsyncioAuthentication::test_curve_callback[True-wrong] PASSED
zmq/tests/test_auth.py::TestAsyncioAuthentication::test_curve_user_id PASSED
zmq/tests/test_auth.py::TestAsyncioAuthentication::test_deny PASSED
zmq/tests/test_auth.py::TestAsyncioAuthentication::test_null PASSED
zmq/tests/test_auth.py::TestAsyncioAuthentication::test_plain[False-correct-False] PASSED
zmq/tests/test_auth.py::TestAsyncioAuthentication::test_plain[True-correct-True] PASSED
zmq/tests/test_auth.py::TestAsyncioAuthentication::test_plain[True-incorrect-False] PASSED
zmq/tests/test_auth.py::TestThreadAuthentication::test_allow PASSED
zmq/tests/test_auth.py::TestThreadAuthentication::test_curve[None-public_keys-False] PASSED
zmq/tests/test_auth.py::TestThreadAuthentication::test_curve[bad-public_keys-False] PASSED
zmq/tests/test_auth.py::TestThreadAuthentication::test_curve[ok-*-True] PASSED
zmq/tests/test_auth.py::TestThreadAuthentication::test_curve[ok-public_keys-True] PASSED
zmq/tests/test_auth.py::TestThreadAuthentication::test_curve_callback[False-ok] PASSED
zmq/tests/test_auth.py::TestThreadAuthentication::test_curve_callback[False-wrong] PASSED
zmq/tests/test_auth.py::TestThreadAuthentication::test_curve_callback[True-ok] PASSED
zmq/tests/test_auth.py::TestThreadAuthentication::test_curve_callback[True-wrong] PASSED
zmq/tests/test_auth.py::TestThreadAuthentication::test_curve_user_id PASSED
zmq/tests/test_auth.py::TestThreadAuthentication::test_deny PASSED
zmq/tests/test_auth.py::TestThreadAuthentication::test_null PASSED
zmq/tests/test_auth.py::TestThreadAuthentication::test_plain[False-correct-False] PASSED
zmq/tests/test_auth.py::TestThreadAuthentication::test_plain[True-correct-True] PASSED
zmq/tests/test_auth.py::TestThreadAuthentication::test_plain[True-incorrect-False] PASSED
zmq/tests/test_auth.py::test_ioloop_authenticator PASSED
zmq/tests/test_cffi_backend.py::TestCFFIBackend::test_zmq_bind SKIPPED
zmq/tests/test_cffi_backend.py::TestCFFIBackend::test_zmq_bind_connect SKIPPED
zmq/tests/test_cffi_backend.py::TestCFFIBackend::test_zmq_ctx_new_destroy SKIPPED
zmq/tests/test_cffi_backend.py::TestCFFIBackend::test_zmq_getsockopt SKIPPED
zmq/tests/test_cffi_backend.py::TestCFFIBackend::test_zmq_msg_data SKIPPED
zmq/tests/test_cffi_backend.py::TestCFFIBackend::test_zmq_msg_init_close SKIPPED
zmq/tests/test_cffi_backend.py::TestCFFIBackend::test_zmq_msg_init_data SKIPPED
zmq/tests/test_cffi_backend.py::TestCFFIBackend::test_zmq_msg_init_size SKIPPED
zmq/tests/test_cffi_backend.py::TestCFFIBackend::test_zmq_poll SKIPPED
zmq/tests/test_cffi_backend.py::TestCFFIBackend::test_zmq_recv SKIPPED
zmq/tests/test_cffi_backend.py::TestCFFIBackend::test_zmq_send SKIPPED
zmq/tests/test_cffi_backend.py::TestCFFIBackend::test_zmq_setsockopt SKIPPED
zmq/tests/test_cffi_backend.py::TestCFFIBackend::test_zmq_socket_open_close SKIPPED
zmq/tests/test_cffi_backend.py::TestCFFIBackend::test_zmq_version_info SKIPPED
zmq/tests/test_constants.py::test_constants PASSED
zmq/tests/test_constants.py::test_event_reprs[ACCEPTED] PASSED
zmq/tests/test_constants.py::test_event_reprs[ACCEPT_FAILED] PASSED
zmq/tests/test_constants.py::test_event_reprs[ALL] PASSED
zmq/tests/test_constants.py::test_event_reprs[ALL_V1] PASSED
zmq/tests/test_constants.py::test_event_reprs[ALL_V2] PASSED
zmq/tests/test_constants.py::test_event_reprs[BIND_FAILED] PASSED
zmq/tests/test_constants.py::test_event_reprs[CLOSED] PASSED
zmq/tests/test_constants.py::test_event_reprs[CLOSE_FAILED] PASSED
zmq/tests/test_constants.py::test_event_reprs[CONNECTED] PASSED
zmq/tests/test_constants.py::test_event_reprs[CONNECT_DELAYED] PASSED
zmq/tests/test_constants.py::test_event_reprs[CONNECT_RETRIED] PASSED
zmq/tests/test_constants.py::test_event_reprs[DISCONNECTED] PASSED
zmq/tests/test_constants.py::test_event_reprs[HANDSHAKE_FAILED_AUTH] PASSED
zmq/tests/test_constants.py::test_event_reprs[HANDSHAKE_FAILED_NO_DETAIL] PASSED
zmq/tests/test_constants.py::test_event_reprs[HANDSHAKE_FAILED_PROTOCOL] PASSED
zmq/tests/test_constants.py::test_event_reprs[HANDSHAKE_SUCCEEDED] PASSED
zmq/tests/test_constants.py::test_event_reprs[LISTENING] PASSED
zmq/tests/test_constants.py::test_event_reprs[MONITOR_STOPPED] PASSED
zmq/tests/test_constants.py::test_event_reprs[PIPES_STATS] PASSED
zmq/tests/test_constants.py::test_event_reprs[PROTOCOL_ERROR_WS_UNSPECIFIED] PASSED
zmq/tests/test_constants.py::test_event_reprs[PROTOCOL_ERROR_ZAP_BAD_REQUEST_ID] PASSED
zmq/tests/test_constants.py::test_event_reprs[PROTOCOL_ERROR_ZAP_BAD_VERSION] PASSED
zmq/tests/test_constants.py::test_event_reprs[PROTOCOL_ERROR_ZAP_INVALID_METADATA] PASSED
zmq/tests/test_constants.py::test_event_reprs[PROTOCOL_ERROR_ZAP_INVALID_STATUS_CODE] PASSED
zmq/tests/test_constants.py::test_event_reprs[PROTOCOL_ERROR_ZAP_MALFORMED_REPLY] PASSED
zmq/tests/test_constants.py::test_event_reprs[PROTOCOL_ERROR_ZAP_UNSPECIFIED] PASSED
zmq/tests/test_constants.py::test_event_reprs[PROTOCOL_ERROR_ZMTP_CRYPTOGRAPHIC] PASSED
zmq/tests/test_constants.py::test_event_reprs[PROTOCOL_ERROR_ZMTP_INVALID_METADATA] PASSED
zmq/tests/test_constants.py::test_event_reprs[PROTOCOL_ERROR_ZMTP_INVALID_SEQUENCE] PASSED
zmq/tests/test_constants.py::test_event_reprs[PROTOCOL_ERROR_ZMTP_KEY_EXCHANGE] PASSED
zmq/tests/test_constants.py::test_event_reprs[PROTOCOL_ERROR_ZMTP_MALFORMED_COMMAND_ERROR] PASSED
zmq/tests/test_constants.py::test_event_reprs[PROTOCOL_ERROR_ZMTP_MALFORMED_COMMAND_HELLO] PASSED
zmq/tests/test_constants.py::test_event_reprs[PROTOCOL_ERROR_ZMTP_MALFORMED_COMMAND_INITIATE] PASSED
zmq/tests/test_constants.py::test_event_reprs[PROTOCOL_ERROR_ZMTP_MALFORMED_COMMAND_MESSAGE] PASSED
zmq/tests/test_constants.py::test_event_reprs[PROTOCOL_ERROR_ZMTP_MALFORMED_COMMAND_READY] PASSED
zmq/tests/test_constants.py::test_event_reprs[PROTOCOL_ERROR_ZMTP_MALFORMED_COMMAND_UNSPECIFIED] PASSED
zmq/tests/test_constants.py::test_event_reprs[PROTOCOL_ERROR_ZMTP_MALFORMED_COMMAND_WELCOME] PASSED
zmq/tests/test_constants.py::test_event_reprs[PROTOCOL_ERROR_ZMTP_MECHANISM_MISMATCH] PASSED
zmq/tests/test_constants.py::test_event_reprs[PROTOCOL_ERROR_ZMTP_UNEXPECTED_COMMAND] PASSED
zmq/tests/test_constants.py::test_event_reprs[PROTOCOL_ERROR_ZMTP_UNSPECIFIED] PASSED
zmq/tests/test_constants.py::test_socket_options PASSED
zmq/tests/test_context.py::TestContext::test_context_manager PASSED
zmq/tests/test_context.py::TestContext::test_copy PASSED
zmq/tests/test_context.py::TestContext::test_ctx_opts PASSED
zmq/tests/test_context.py::TestContext::test_cyclic_destroy PASSED
zmq/tests/test_context.py::TestContext::test_destroy PASSED
zmq/tests/test_context.py::TestContext::test_destroy_linger PASSED
zmq/tests/test_context.py::TestContext::test_destroy_no_sockets PASSED
zmq/tests/test_context.py::TestContext::test_dir PASSED
zmq/tests/test_context.py::TestContext::test_fail_init PASSED
zmq/tests/test_context.py::TestContext::test_fork_instance PASSED
zmq/tests/test_context.py::TestContext::test_gc PASSED
zmq/tests/test_context.py::TestContext::test_init PASSED
zmq/tests/test_context.py::TestContext::test_instance PASSED
zmq/tests/test_context.py::TestContext::test_instance_subclass_first PASSED
zmq/tests/test_context.py::TestContext::test_instance_subclass_second PASSED
zmq/tests/test_context.py::TestContext::test_instance_threadsafe PASSED
zmq/tests/test_context.py::TestContext::test_many_sockets PASSED
zmq/tests/test_context.py::TestContext::test_mockable PASSED
zmq/tests/test_context.py::TestContext::test_repr PASSED
zmq/tests/test_context.py::TestContext::test_shadow PASSED
zmq/tests/test_context.py::TestContext::test_shadow_pyczmq SKIPPED (...)
zmq/tests/test_context.py::TestContext::test_socket_class_arg PASSED
zmq/tests/test_context.py::TestContext::test_socket_passes_kwargs PASSED
zmq/tests/test_context.py::TestContext::test_sockopts PASSED
zmq/tests/test_context.py::TestContext::test_term PASSED
zmq/tests/test_context.py::TestContext::test_term_hang PASSED
zmq/tests/test_context.py::TestContext::test_term_noclose PASSED
zmq/tests/test_context.py::TestContext::test_term_thread PASSED
zmq/tests/test_cython.py::test_cython[2] PASSED
zmq/tests/test_cython.py::test_cython[3] PASSED
zmq/tests/test_decorators.py::TestMethodDecorators::test_multi_skts_method PASSED
zmq/tests/test_decorators.py::TestMethodDecorators::test_multi_skts_method_other_args PASSED
zmq/tests/test_decorators.py::test_ctx PASSED
zmq/tests/test_decorators.py::test_ctx_arg_kwarg PASSED
zmq/tests/test_decorators.py::test_ctx_arg_naming PASSED
zmq/tests/test_decorators.py::test_ctx_args PASSED
zmq/tests/test_decorators.py::test_ctx_keyword_miss PASSED
zmq/tests/test_decorators.py::test_ctx_kw_naming PASSED
zmq/tests/test_decorators.py::test_ctx_kwargs PASSED
zmq/tests/test_decorators.py::test_ctx_kwargs_default PASSED
zmq/tests/test_decorators.py::test_ctx_multi_assign PASSED
zmq/tests/test_decorators.py::test_ctx_multi_thread PASSED
zmq/tests/test_decorators.py::test_ctx_orig_args PASSED
zmq/tests/test_decorators.py::test_ctx_reinit PASSED
zmq/tests/test_decorators.py::test_ctx_skt PASSED
zmq/tests/test_decorators.py::test_ctx_skt_name PASSED
zmq/tests/test_decorators.py::test_ctx_skt_reinit PASSED
zmq/tests/test_decorators.py::test_func_return PASSED
zmq/tests/test_decorators.py::test_multi_skts PASSED
zmq/tests/test_decorators.py::test_multi_skts_single_ctx PASSED
zmq/tests/test_decorators.py::test_multi_skts_with_name PASSED
zmq/tests/test_decorators.py::test_skt_default_ctx PASSED
zmq/tests/test_decorators.py::test_skt_kwarg PASSED
zmq/tests/test_decorators.py::test_skt_multi_thread PASSED
zmq/tests/test_decorators.py::test_skt_name PASSED
zmq/tests/test_decorators.py::test_skt_reinit PASSED
zmq/tests/test_decorators.py::test_skt_type_miss PASSED
zmq/tests/test_device.py::TestDevice::test_device_attributes PASSED
zmq/tests/test_device.py::TestDevice::test_device_bind_to_random_binderror PASSED
zmq/tests/test_device.py::TestDevice::test_device_bind_to_random_with_args PASSED
zmq/tests/test_device.py::TestDevice::test_device_types PASSED
zmq/tests/test_device.py::TestDevice::test_proxy PASSED
zmq/tests/test_device.py::TestDevice::test_proxy_bind_to_random_with_args PASSED
zmq/tests/test_device.py::TestDevice::test_single_socket_forwarder_bind PASSED
zmq/tests/test_device.py::TestDevice::test_single_socket_forwarder_connect PASSED
zmq/tests/test_device.py::TestDeviceGreen::test_green_device PASSED
zmq/tests/test_draft.py::TestDraftSockets::test_client_server SKIPPED
zmq/tests/test_draft.py::TestDraftSockets::test_radio_dish SKIPPED (...)
zmq/tests/test_error.py::TestZMQError::test_again PASSED
zmq/tests/test_error.py::TestZMQError::test_strerror PASSED
zmq/tests/test_error.py::TestZMQError::test_zmqerror PASSED
zmq/tests/test_etc.py::test_has PASSED
zmq/tests/test_etc.py::test_has_curve SKIPPED (bundled libzmq)
zmq/tests/test_etc.py::test_has_ipc SKIPPED (bundled libzmq)
zmq/tests/test_ext.py::test_custom_context PASSED
zmq/tests/test_future.py::TestFutureSocket::test_close_all_fds PASSED
zmq/tests/test_future.py::TestFutureSocket::test_custom_serialize PASSED
zmq/tests/test_future.py::TestFutureSocket::test_custom_serialize_error PASSED
zmq/tests/test_future.py::TestFutureSocket::test_instance_subclass_first PASSED
zmq/tests/test_future.py::TestFutureSocket::test_instance_subclass_second PASSED
zmq/tests/test_future.py::TestFutureSocket::test_poll PASSED
zmq/tests/test_future.py::TestFutureSocket::test_poll_base_socket PASSED
zmq/tests/test_future.py::TestFutureSocket::test_poll_raw PASSED
zmq/tests/test_future.py::TestFutureSocket::test_recv PASSED
zmq/tests/test_future.py::TestFutureSocket::test_recv_cancel PASSED
zmq/tests/test_future.py::TestFutureSocket::test_recv_json PASSED
zmq/tests/test_future.py::TestFutureSocket::test_recv_json_cancelled PASSED
zmq/tests/test_future.py::TestFutureSocket::test_recv_multipart PASSED
zmq/tests/test_future.py::TestFutureSocket::test_recv_pyobj PASSED
zmq/tests/test_future.py::TestFutureSocket::test_recv_string PASSED
zmq/tests/test_future.py::TestFutureSocket::test_recv_timeout PASSED
zmq/tests/test_future.py::TestFutureSocket::test_send_multipart_noblock PASSED
zmq/tests/test_future.py::TestFutureSocket::test_send_noblock PASSED
zmq/tests/test_future.py::TestFutureSocket::test_send_timeout PASSED
zmq/tests/test_future.py::TestFutureSocket::test_socket_class PASSED
zmq/tests/test_imports.py::test_all_exports[Context-zmq.green] PASSED
zmq/tests/test_imports.py::test_all_exports[Context-zmq] PASSED
zmq/tests/test_imports.py::test_all_exports[PUSH-zmq.green] PASSED
zmq/tests/test_imports.py::test_all_exports[PUSH-zmq] PASSED
zmq/tests/test_imports.py::test_all_exports[RCVTIMEO-zmq.green] PASSED
zmq/tests/test_imports.py::test_all_exports[RCVTIMEO-zmq] PASSED
zmq/tests/test_imports.py::test_all_exports[Socket-zmq.green] PASSED
zmq/tests/test_imports.py::test_all_exports[Socket-zmq] PASSED
zmq/tests/test_imports.py::test_all_exports[SocketOption-zmq.green] PASSED
zmq/tests/test_imports.py::test_all_exports[SocketOption-zmq] PASSED
zmq/tests/test_imports.py::test_all_exports[device-zmq.green] PASSED
zmq/tests/test_imports.py::test_all_exports[device-zmq] PASSED
zmq/tests/test_imports.py::test_all_exports[zmq_version_info-zmq.green] PASSED
zmq/tests/test_imports.py::test_all_exports[zmq_version_info-zmq] PASSED
zmq/tests/test_imports.py::test_core PASSED
zmq/tests/test_imports.py::test_decorators PASSED
zmq/tests/test_imports.py::test_devices PASSED
zmq/tests/test_imports.py::test_eventloop PASSED
zmq/tests/test_imports.py::test_log PASSED
zmq/tests/test_imports.py::test_ssh PASSED
zmq/tests/test_imports.py::test_toplevel PASSED
zmq/tests/test_imports.py::test_utils PASSED
zmq/tests/test_imports.py::test_zmq_all PASSED
zmq/tests/test_includes.py::TestIncludes::test_get_includes PASSED
zmq/tests/test_includes.py::TestIncludes::test_get_library_dirs PASSED
zmq/tests/test_ioloop.py::test_ioloop PASSED
zmq/tests/test_ioloop.py::test_ioloop_install PASSED
zmq/tests/test_log.py::TestPubLog::test_blank_root_topic PASSED
zmq/tests/test_log.py::TestPubLog::test_custom_debug_formatter PASSED
zmq/tests/test_log.py::TestPubLog::test_custom_global_formatter PASSED
zmq/tests/test_log.py::TestPubLog::test_custom_message_type PASSED
zmq/tests/test_log.py::TestPubLog::test_init_iface PASSED
zmq/tests/test_log.py::TestPubLog::test_init_socket PASSED
zmq/tests/test_log.py::TestPubLog::test_root_topic PASSED
zmq/tests/test_log.py::TestPubLog::test_set_info_formatter_via_property PASSED
zmq/tests/test_log.py::TestPubLog::test_unicode_message PASSED
zmq/tests/test_message.py::TestFrame::test_above_30 PASSED
zmq/tests/test_message.py::TestFrame::test_bad_buffer_in PASSED
zmq/tests/test_message.py::TestFrame::test_buffer_in PASSED
zmq/tests/test_message.py::TestFrame::test_buffer_numpy SKIPPED (req...)
zmq/tests/test_message.py::TestFrame::test_buffer_out PASSED
zmq/tests/test_message.py::TestFrame::test_bytes PASSED
zmq/tests/test_message.py::TestFrame::test_frame_more PASSED
zmq/tests/test_message.py::TestFrame::test_len PASSED
zmq/tests/test_message.py::TestFrame::test_lifecycle1 PASSED
zmq/tests/test_message.py::TestFrame::test_lifecycle2 PASSED
zmq/tests/test_message.py::TestFrame::test_memoryview PASSED
zmq/tests/test_message.py::TestFrame::test_memoryview_shape PASSED
zmq/tests/test_message.py::TestFrame::test_multi_tracker PASSED
zmq/tests/test_message.py::TestFrame::test_multisend PASSED
zmq/tests/test_message.py::TestFrame::test_no_tracker PASSED
zmq/tests/test_message.py::TestFrame::test_noncopying_memoryview PASSED
zmq/tests/test_message.py::TestFrame::test_noncopying_recv PASSED
zmq/tests/test_message.py::TestFrame::test_str PASSED
zmq/tests/test_message.py::TestFrame::test_tracker PASSED
zmq/tests/test_message.py::TestFrame::test_unicode PASSED
zmq/tests/test_monitor.py::test_monitor[asyncio] PASSED
zmq/tests/test_monitor.py::test_monitor[zmq] PASSED
zmq/tests/test_monitor.py::test_monitor_connected[asyncio] PASSED
zmq/tests/test_monitor.py::test_monitor_connected[zmq] PASSED
zmq/tests/test_monitor.py::test_monitor_repeat[asyncio] PASSED
zmq/tests/test_monitor.py::test_monitor_repeat[zmq] PASSED
zmq/tests/test_monqueue.py::TestMonitoredQueue::test_default_mq_args PASSED
zmq/tests/test_monqueue.py::TestMonitoredQueue::test_monitor PASSED
zmq/tests/test_monqueue.py::TestMonitoredQueue::test_monitor_subscribe PASSED
zmq/tests/test_monqueue.py::TestMonitoredQueue::test_mq_check_prefix PASSED
zmq/tests/test_monqueue.py::TestMonitoredQueue::test_prefix PASSED
zmq/tests/test_monqueue.py::TestMonitoredQueue::test_queue PASSED
zmq/tests/test_monqueue.py::TestMonitoredQueue::test_reply PASSED
zmq/tests/test_monqueue.py::TestMonitoredQueue::test_router_router PASSED
zmq/tests/test_multipart.py::TestMultipart::test_basic_multipart PASSED
zmq/tests/test_multipart.py::TestMultipart::test_router_dealer PASSED
zmq/tests/test_multipart.py::TestMultipartGreen::test_basic_multipart PASSED
zmq/tests/test_multipart.py::TestMultipartGreen::test_router_dealer PASSED
zmq/tests/test_mypy.py::test_mypy[test_context.py] PASSED
zmq/tests/test_mypy.py::test_mypy[test_socket.py] PASSED
zmq/tests/test_mypy.py::test_mypy[test_toplevel.py] PASSED
zmq/tests/test_mypy.py::test_mypy_example[asyncio] PASSED
zmq/tests/test_mypy.py::test_mypy_example[chat] PASSED
zmq/tests/test_mypy.py::test_mypy_example[cython] PASSED
zmq/tests/test_mypy.py::test_mypy_example[device] PASSED
zmq/tests/test_mypy.py::test_mypy_example[draft] PASSED
zmq/tests/test_mypy.py::test_mypy_example[eventloop] PASSED
zmq/tests/test_mypy.py::test_mypy_example[gevent] PASSED
zmq/tests/test_mypy.py::test_mypy_example[heartbeat] PASSED
zmq/tests/test_mypy.py::test_mypy_example[logger] PASSED
zmq/tests/test_mypy.py::test_mypy_example[mongodb] PASSED
zmq/tests/test_mypy.py::test_mypy_example[monitoring] PASSED
zmq/tests/test_mypy.py::test_mypy_example[poll] PASSED
zmq/tests/test_mypy.py::test_mypy_example[pubsub] PASSED
zmq/tests/test_mypy.py::test_mypy_example[security] PASSED
zmq/tests/test_mypy.py::test_mypy_example[serialization] PASSED
zmq/tests/test_mypy.py::test_mypy_example[win32-interrupt] PASSED
zmq/tests/test_pair.py::TestPair::test_basic PASSED
zmq/tests/test_pair.py::TestPair::test_json PASSED
zmq/tests/test_pair.py::TestPair::test_multiple PASSED
zmq/tests/test_pair.py::TestPair::test_pyobj PASSED
zmq/tests/test_pair.py::TestReqRepGreen::test_basic PASSED
zmq/tests/test_pair.py::TestReqRepGreen::test_json PASSED
zmq/tests/test_pair.py::TestReqRepGreen::test_multiple PASSED
zmq/tests/test_pair.py::TestReqRepGreen::test_pyobj PASSED
zmq/tests/test_poll.py::TestPoll::test_no_events PASSED
zmq/tests/test_poll.py::TestPoll::test_pair PASSED
zmq/tests/test_poll.py::TestPoll::test_pubsub PASSED
zmq/tests/test_poll.py::TestPoll::test_raw PASSED
zmq/tests/test_poll.py::TestPoll::test_reqrep PASSED
zmq/tests/test_poll.py::TestPoll::test_timeout PASSED
zmq/tests/test_poll.py::TestPollGreen::test_no_events PASSED
zmq/tests/test_poll.py::TestPollGreen::test_pair PASSED
zmq/tests/test_poll.py::TestPollGreen::test_pubsub PASSED
zmq/tests/test_poll.py::TestPollGreen::test_raw PASSED
zmq/tests/test_poll.py::TestPollGreen::test_reqrep PASSED
zmq/tests/test_poll.py::TestPollGreen::test_socket_poll PASSED
zmq/tests/test_poll.py::TestPollGreen::test_timeout PASSED
zmq/tests/test_poll.py::TestPollGreen::test_wakeup PASSED
zmq/tests/test_poll.py::TestSelect::test_pair PASSED
zmq/tests/test_poll.py::TestSelect::test_timeout PASSED
zmq/tests/test_proxy_steerable.py::TestProxySteerable::test_proxy_steerable PASSED
zmq/tests/test_proxy_steerable.py::TestProxySteerable::test_proxy_steerable_bind_to_random_with_args PASSED
zmq/tests/test_proxy_steerable.py::TestProxySteerable::test_proxy_steerable_statistics PASSED
zmq/tests/test_pubsub.py::TestPubSub::test_basic PASSED
zmq/tests/test_pubsub.py::TestPubSub::test_topic PASSED
zmq/tests/test_pubsub.py::TestPubSubGreen::test_basic PASSED
zmq/tests/test_pubsub.py::TestPubSubGreen::test_topic SKIPPED (Skipp...)
zmq/tests/test_reqrep.py::TestReqRep::test_bad_send_recv PASSED
zmq/tests/test_reqrep.py::TestReqRep::test_basic PASSED
zmq/tests/test_reqrep.py::TestReqRep::test_json PASSED
zmq/tests/test_reqrep.py::TestReqRep::test_large_msg PASSED
zmq/tests/test_reqrep.py::TestReqRep::test_multiple PASSED
zmq/tests/test_reqrep.py::TestReqRep::test_pyobj PASSED
zmq/tests/test_reqrep.py::TestReqRepGreen::test_bad_send_recv PASSED
zmq/tests/test_reqrep.py::TestReqRepGreen::test_basic PASSED
zmq/tests/test_reqrep.py::TestReqRepGreen::test_json PASSED
zmq/tests/test_reqrep.py::TestReqRepGreen::test_large_msg PASSED
zmq/tests/test_reqrep.py::TestReqRepGreen::test_multiple PASSED
zmq/tests/test_reqrep.py::TestReqRepGreen::test_pyobj PASSED
zmq/tests/test_retry_eintr.py::TestEINTRSysCall::test_retry_getsockopt SKIPPED
zmq/tests/test_retry_eintr.py::TestEINTRSysCall::test_retry_poll PASSED
zmq/tests/test_retry_eintr.py::TestEINTRSysCall::test_retry_recv PASSED
zmq/tests/test_retry_eintr.py::TestEINTRSysCall::test_retry_send PASSED
zmq/tests/test_retry_eintr.py::TestEINTRSysCall::test_retry_setsockopt SKIPPED
zmq/tests/test_retry_eintr.py::TestEINTRSysCall::test_retry_term PASSED
zmq/tests/test_security.py::TestSecurity::test_curve PASSED
zmq/tests/test_security.py::TestSecurity::test_curve_public PASSED
zmq/tests/test_security.py::TestSecurity::test_keypair PASSED
zmq/tests/test_security.py::TestSecurity::test_null PASSED
zmq/tests/test_security.py::TestSecurity::test_plain PASSED
zmq/tests/test_socket.py::TestSocket::test_attr PASSED
zmq/tests/test_socket.py::TestSocket::test_bad_attr PASSED
zmq/tests/test_socket.py::TestSocket::test_bad_sockopts PASSED
zmq/tests/test_socket.py::TestSocket::test_bind_connect_addr_error PASSED
zmq/tests/test_socket.py::TestSocket::test_bind_to_random_port PASSED
zmq/tests/test_socket.py::TestSocket::test_bind_unicode PASSED
zmq/tests/test_socket.py::TestSocket::test_close PASSED
zmq/tests/test_socket.py::TestSocket::test_close_after_destroy PASSED
zmq/tests/test_socket.py::TestSocket::test_connect_unicode PASSED
zmq/tests/test_socket.py::TestSocket::test_connectbind_context_managers PASSED
zmq/tests/test_socket.py::TestSocket::test_context_manager PASSED
zmq/tests/test_socket.py::TestSocket::test_copy PASSED
zmq/tests/test_socket.py::TestSocket::test_create PASSED
zmq/tests/test_socket.py::TestSocket::test_custom_serialize PASSED
zmq/tests/test_socket.py::TestSocket::test_dir PASSED
zmq/tests/test_socket.py::TestSocket::test_hwm PASSED
zmq/tests/test_socket.py::TestSocket::test_identity PASSED
zmq/tests/test_socket.py::TestSocket::test_int_sockopts PASSED
zmq/tests/test_socket.py::TestSocket::test_ipc_path_max_length PASSED
zmq/tests/test_socket.py::TestSocket::test_ipc_path_max_length_msg PASSED
zmq/tests/test_socket.py::TestSocket::test_ipc_path_no_such_file_or_directory_message PASSED
zmq/tests/test_socket.py::TestSocket::test_large_send PASSED
zmq/tests/test_socket.py::TestSocket::test_mockable PASSED
zmq/tests/test_socket.py::TestSocket::test_poll PASSED
zmq/tests/test_socket.py::TestSocket::test_recv_multipart PASSED
zmq/tests/test_socket.py::TestSocket::test_repr PASSED
zmq/tests/test_socket.py::TestSocket::test_send_buffer PASSED
zmq/tests/test_socket.py::TestSocket::test_send_multipart_check_type PASSED
zmq/tests/test_socket.py::TestSocket::test_send_unicode PASSED
zmq/tests/test_socket.py::TestSocket::test_shadow PASSED
zmq/tests/test_socket.py::TestSocket::test_shadow_pyczmq SKIPPED (Re...)
zmq/tests/test_socket.py::TestSocket::test_sockopt_roundtrip PASSED
zmq/tests/test_socket.py::TestSocket::test_subclass PASSED
zmq/tests/test_socket.py::TestSocket::test_subscribe_method PASSED
zmq/tests/test_socket.py::TestSocket::test_tracker PASSED
zmq/tests/test_socket.py::TestSocket::test_unicode_sockopts PASSED
zmq/tests/test_socket.py::TestSocketGreen::test_attr PASSED
zmq/tests/test_socket.py::TestSocketGreen::test_bad_attr SKIPPED (Sk...)
zmq/tests/test_socket.py::TestSocketGreen::test_bad_sockopts PASSED
zmq/tests/test_socket.py::TestSocketGreen::test_bind_connect_addr_error PASSED
zmq/tests/test_socket.py::TestSocketGreen::test_bind_to_random_port PASSED
zmq/tests/test_socket.py::TestSocketGreen::test_bind_unicode PASSED
zmq/tests/test_socket.py::TestSocketGreen::test_close PASSED
zmq/tests/test_socket.py::TestSocketGreen::test_close_after_destroy SKIPPED
zmq/tests/test_socket.py::TestSocketGreen::test_connect_unicode PASSED
zmq/tests/test_socket.py::TestSocketGreen::test_connectbind_context_managers PASSED
zmq/tests/test_socket.py::TestSocketGreen::test_context_manager PASSED
zmq/tests/test_socket.py::TestSocketGreen::test_copy PASSED
zmq/tests/test_socket.py::TestSocketGreen::test_create PASSED
zmq/tests/test_socket.py::TestSocketGreen::test_custom_serialize PASSED
zmq/tests/test_socket.py::TestSocketGreen::test_dir PASSED
zmq/tests/test_socket.py::TestSocketGreen::test_hwm PASSED
zmq/tests/test_socket.py::TestSocketGreen::test_identity PASSED
zmq/tests/test_socket.py::TestSocketGreen::test_int_sockopts PASSED
zmq/tests/test_socket.py::TestSocketGreen::test_ipc_path_max_length PASSED
zmq/tests/test_socket.py::TestSocketGreen::test_ipc_path_max_length_msg PASSED
zmq/tests/test_socket.py::TestSocketGreen::test_ipc_path_no_such_file_or_directory_message PASSED
zmq/tests/test_socket.py::TestSocketGreen::test_large_send PASSED
zmq/tests/test_socket.py::TestSocketGreen::test_mockable PASSED
zmq/tests/test_socket.py::TestSocketGreen::test_poll PASSED
zmq/tests/test_socket.py::TestSocketGreen::test_recv_multipart PASSED
zmq/tests/test_socket.py::TestSocketGreen::test_repr PASSED
zmq/tests/test_socket.py::TestSocketGreen::test_send_buffer PASSED
zmq/tests/test_socket.py::TestSocketGreen::test_send_multipart_check_type PASSED
zmq/tests/test_socket.py::TestSocketGreen::test_send_unicode PASSED
zmq/tests/test_socket.py::TestSocketGreen::test_shadow PASSED
zmq/tests/test_socket.py::TestSocketGreen::test_shadow_pyczmq SKIPPED
zmq/tests/test_socket.py::TestSocketGreen::test_sockopt_roundtrip PASSED
zmq/tests/test_socket.py::TestSocketGreen::test_subclass PASSED
zmq/tests/test_socket.py::TestSocketGreen::test_subscribe_method PASSED
zmq/tests/test_socket.py::TestSocketGreen::test_timeout PASSED
zmq/tests/test_socket.py::TestSocketGreen::test_tracker PASSED
zmq/tests/test_socket.py::TestSocketGreen::test_unicode_sockopts PASSED
zmq/tests/test_socket.py::TestSocketGreen::test_warn_get_timeo PASSED
zmq/tests/test_socket.py::TestSocketGreen::test_warn_set_timeo PASSED
zmq/tests/test_ssh.py::test_random_ports PASSED
zmq/tests/test_version.py::TestVersion::test_pyzmq_version PASSED
zmq/tests/test_version.py::TestVersion::test_pyzmq_version_info PASSED
zmq/tests/test_version.py::TestVersion::test_zmq_version PASSED
zmq/tests/test_version.py::TestVersion::test_zmq_version_info PASSED
zmq/tests/test_win32_shim.py::TestWindowsConsoleControlHandler::test_handler SKIPPED
zmq/tests/test_z85.py::TestZ85::test_client_public PASSED
zmq/tests/test_z85.py::TestZ85::test_client_secret PASSED
zmq/tests/test_z85.py::TestZ85::test_server_public PASSED
zmq/tests/test_z85.py::TestZ85::test_server_secret PASSED
zmq/tests/test_zmqstream.py::test_callable_check PASSED
zmq/tests/test_zmqstream.py::test_on_recv_async PASSED
zmq/tests/test_zmqstream.py::test_on_recv_async_error PASSED
zmq/tests/test_zmqstream.py::test_on_recv_basic PASSED
zmq/tests/test_zmqstream.py::test_on_recv_wake PASSED
zmq/tests/test_zmqstream.py::test_shadow_socket PASSED
zmq/tests/test_zmqstream.py::test_shadow_socket_close PASSED

=============================== warnings summary ===============================
zmq/tests/test_auth.py::test_ioloop_authenticator
  $(@D)/zmq/tests/test_auth.py:409: DeprecationWarning: zmq.auth.ioloop.IOLoopAuthenticator is deprecated. Use zmq.auth.asyncio.AsyncioAuthenticator
    from zmq.auth.ioloop import IOLoopAuthenticator

zmq/tests/test_context.py: 28 warnings
zmq/tests/test_decorators.py: 2 warnings
zmq/tests/test_device.py: 9 warnings
zmq/tests/test_error.py: 3 warnings
zmq/tests/test_log.py: 9 warnings
zmq/tests/test_message.py: 20 warnings
zmq/tests/test_monqueue.py: 8 warnings
zmq/tests/test_multipart.py: 4 warnings
zmq/tests/test_pair.py: 8 warnings
zmq/tests/test_poll.py: 16 warnings
zmq/tests/test_proxy_steerable.py: 3 warnings
zmq/tests/test_pubsub.py: 4 warnings
zmq/tests/test_reqrep.py: 12 warnings
zmq/tests/test_retry_eintr.py: 6 warnings
zmq/tests/test_socket.py: 75 warnings
  $(PYTHON_DIR)/unittest/case.py:588: DeprecationWarning: zmq.tests.BaseZMQTestCase is deprecated in pyzmq 25, we recommend managing your own contexts and sockets.
    self._callSetUp()

zmq/tests/test_future.py: 20 warnings
zmq/tests/test_security.py: 5 warnings
  $(PYTHON_DIR)/unittest/case.py:547: DeprecationWarning: zmq.tests.BaseZMQTestCase is deprecated in pyzmq 25, we recommend managing your own contexts and sockets.
    self.setUp()

zmq/tests/test_imports.py::test_eventloop
  $(@D)/zmq/tests/test_imports.py:51: DeprecationWarning: zmq.eventloop.ioloop is deprecated in pyzmq 17. pyzmq now works with default tornado and asyncio eventloops.
    from zmq.eventloop import ioloop, zmqstream

zmq/tests/test_socket.py::TestSocket::test_int_sockopts
zmq/tests/test_socket.py::TestSocket::test_int_sockopts
zmq/tests/test_socket.py::TestSocket::test_mockable
zmq/tests/test_socket.py::TestSocketGreen::test_int_sockopts
zmq/tests/test_socket.py::TestSocketGreen::test_int_sockopts
zmq/tests/test_socket.py::TestSocketGreen::test_mockable
  $(PROTO_DIR)$(PYTHON_DIR)/vendor-packages/zmq/sugar/socket.py:340: DeprecationWarning: Socket.socket_type is deprecated, use Socket.type
    warn("Socket.socket_type is deprecated, use Socket.type", DeprecationWarning)

zmq/tests/test_socket.py::TestSocketGreen::test_mockable
  $(PROTO_DIR)$(PYTHON_DIR)/vendor-packages/zmq/green/core.py:293: UserWarning: TIMEO socket options have no effect in zmq.green
    warnings.warn(

-- Docs: https://docs.pytest.org/en/stable/how-to/capture-warnings.html

============================= slowest 10 durations =============================
======== 416 passed, 28 skipped, 241 warnings ========
