370 tests OK.

2 tests failed:
    test_distutils test_re

32 tests skipped:
    test_aepack test_al test_applesingle test_bsddb test_bsddb185
    test_bsddb3 test_cd test_cl test_dl test_gdb test_gl test_imageop
    test_imgfile test_kqueue test_linuxaudiodev test_macos
    test_macostools test_msilib test_ossaudiodev test_scriptpackages
    test_smtpnet test_socketserver test_startfile test_sunaudiodev
    test_timeout test_tk test_ttk_guionly test_urllib2net
    test_urllibnet test_winreg test_winsound test_zipfile64
5 skips unexpected on sunos5:
    test_bsddb3 test_dl test_gdb test_ossaudiodev test_sunaudiodev


Tests result: FAILURE
370 tests OK.

2 tests failed:
    test_distutils test_re

32 tests skipped:
    test_aepack test_al test_applesingle test_bsddb test_bsddb185
    test_bsddb3 test_cd test_cl test_dl test_gdb test_gl test_imageop
    test_imgfile test_kqueue test_linuxaudiodev test_macos
    test_macostools test_msilib test_ossaudiodev test_scriptpackages
    test_smtpnet test_socketserver test_startfile test_sunaudiodev
    test_timeout test_tk test_ttk_guionly test_urllib2net
    test_urllibnet test_winreg test_winsound test_zipfile64
5 skips unexpected on sunos5:
    test_bsddb3 test_dl test_gdb test_ossaudiodev test_sunaudiodev


Tests result: FAILURE
