make[1]: Entering directory '$(@D)'
  GEN      public-submodule-commit
/usr/gnu/bin/make  check-recursive
make[2]: Entering directory '$(@D)'
Making check in lib
make[3]: Entering directory '$(@D)/lib'
/usr/gnu/bin/make  check-recursive
make[4]: Entering directory '$(@D)/lib'
make[5]: Entering directory '$(@D)/lib'
make[5]: Nothing to be done for 'check-am'.
make[5]: Leaving directory '$(@D)/lib'
make[4]: Leaving directory '$(@D)/lib'
make[3]: Leaving directory '$(@D)/lib'
Making check in meta
make[3]: Entering directory '$(@D)/meta'
make[3]: Nothing to be done for 'check'.
make[3]: Leaving directory '$(@D)/meta'
Making check in libguile
make[3]: Entering directory '$(@D)/libguile'
/usr/gnu/bin/make  check-am
make[4]: Entering directory '$(@D)/libguile'
make[4]: Nothing to be done for 'check-am'.
make[4]: Leaving directory '$(@D)/libguile'
make[3]: Leaving directory '$(@D)/libguile'
Making check in bootstrap
make[3]: Entering directory '$(@D)/bootstrap'
make[3]: Nothing to be done for 'check'.
make[3]: Leaving directory '$(@D)/bootstrap'
Making check in module
make[3]: Entering directory '$(@D)/module'
make[3]: Nothing to be done for 'check'.
make[3]: Leaving directory '$(@D)/module'
Making check in guile-readline
make[3]: Entering directory '$(@D)/guile-readline'
/usr/gnu/bin/make  check-am
make[4]: Entering directory '$(@D)/guile-readline'
make[4]: Nothing to be done for 'check-am'.
make[4]: Leaving directory '$(@D)/guile-readline'
make[3]: Leaving directory '$(@D)/guile-readline'
Making check in examples
make[3]: Entering directory '$(@D)/examples'
make[3]: Nothing to be done for 'check'.
make[3]: Leaving directory '$(@D)/examples'
Making check in emacs
make[3]: Entering directory '$(@D)/emacs'
make[3]: Nothing to be done for 'check'.
make[3]: Leaving directory '$(@D)/emacs'
Making check in test-suite
make[3]: Entering directory '$(@D)/test-suite'
Making check in standalone
make[4]: Entering directory '$(@D)/test-suite/standalone'
/usr/gnu/bin/make  check-am
make[5]: Entering directory '$(@D)/test-suite/standalone'
/usr/gnu/bin/make  test-num2integral test-round test-foreign-object-c test-list test-unwind test-conversion test-loose-ends test-scm-c-read test-scm-take-locale-symbol test-scm-take-u8vector test-scm-to-latin1-string test-scm-values test-scm-c-bind-keyword-arguments test-srfi-4 test-with-guile-module test-scm-with-guile test-scm-spawn-thread test-pthread-create test-pthread-create-secondary test-smob-mark test-smob-mark-race test-system-cmds test-bad-identifiers test-require-extension test-guile-snarf test-import-order test-command-line-encoding test-command-line-encoding2 test-language test-guild-compile test-asmobs test-ffi test-foreign-object-scm test-fast-slot-ref test-mb-regexp test-use-srfi test-extensions test-stack-overflow test-out-of-memory
make[6]: Entering directory '$(@D)/test-suite/standalone'
make[6]: 'test-num2integral' is up to date.
make[6]: 'test-round' is up to date.
make[6]: 'test-foreign-object-c' is up to date.
make[6]: 'test-list' is up to date.
make[6]: 'test-unwind' is up to date.
make[6]: 'test-conversion' is up to date.
make[6]: 'test-loose-ends' is up to date.
make[6]: 'test-scm-c-read' is up to date.
make[6]: 'test-scm-take-locale-symbol' is up to date.
make[6]: 'test-scm-take-u8vector' is up to date.
make[6]: 'test-scm-to-latin1-string' is up to date.
make[6]: 'test-scm-values' is up to date.
make[6]: 'test-scm-c-bind-keyword-arguments' is up to date.
make[6]: 'test-srfi-4' is up to date.
make[6]: 'test-with-guile-module' is up to date.
make[6]: 'test-scm-with-guile' is up to date.
make[6]: 'test-scm-spawn-thread' is up to date.
make[6]: 'test-pthread-create' is up to date.
make[6]: 'test-pthread-create-secondary' is up to date.
make[6]: 'test-smob-mark' is up to date.
make[6]: 'test-smob-mark-race' is up to date.
make[6]: Nothing to be done for '$(SOURCE_DIR)/test-suite/standalone/test-system-cmds'.
make[6]: Nothing to be done for '$(SOURCE_DIR)/test-suite/standalone/test-bad-identifiers'.
make[6]: Nothing to be done for '$(SOURCE_DIR)/test-suite/standalone/test-require-extension'.
make[6]: Nothing to be done for '$(SOURCE_DIR)/test-suite/standalone/test-guile-snarf'.
make[6]: Nothing to be done for '$(SOURCE_DIR)/test-suite/standalone/test-import-order'.
make[6]: Nothing to be done for '$(SOURCE_DIR)/test-suite/standalone/test-command-line-encoding'.
make[6]: Nothing to be done for '$(SOURCE_DIR)/test-suite/standalone/test-command-line-encoding2'.
make[6]: Nothing to be done for '$(SOURCE_DIR)/test-suite/standalone/test-language'.
make[6]: Nothing to be done for '$(SOURCE_DIR)/test-suite/standalone/test-guild-compile'.
make[6]: Nothing to be done for '$(SOURCE_DIR)/test-suite/standalone/test-asmobs'.
make[6]: Nothing to be done for '$(SOURCE_DIR)/test-suite/standalone/test-ffi'.
make[6]: Nothing to be done for '$(SOURCE_DIR)/test-suite/standalone/test-foreign-object-scm'.
make[6]: 'test-fast-slot-ref' is up to date.
make[6]: Nothing to be done for '$(SOURCE_DIR)/test-suite/standalone/test-mb-regexp'.
make[6]: 'test-use-srfi' is up to date.
make[6]: Nothing to be done for '$(SOURCE_DIR)/test-suite/standalone/test-extensions'.
make[6]: Nothing to be done for '$(SOURCE_DIR)/test-suite/standalone/test-stack-overflow'.
make[6]: Nothing to be done for '$(SOURCE_DIR)/test-suite/standalone/test-out-of-memory'.
make[6]: Leaving directory '$(@D)/test-suite/standalone'
/usr/gnu/bin/make  check-TESTS
make[6]: Entering directory '$(@D)/test-suite/standalone'
PASS: test-system-cmds
PASS: test-bad-identifiers
PASS: test-require-extension
PASS: test-guile-snarf
PASS: test-import-order
PASS: test-command-line-encoding
/bin/bash: warning: setlocale: LC_ALL: cannot change locale (en_US): Invalid argument
guile: warning: failed to install locale
PASS: test-command-line-encoding2
PASS: test-language
error: interrupted by the user
PASS: test-guild-compile
PASS: test-num2integral
PASS: test-round
PASS: test-asmobs
PASS: test-ffi
PASS: test-foreign-object-scm
PASS: test-foreign-object-c
PASS: test-list
PASS: test-unwind
PASS: test-conversion
PASS: test-loose-ends
PASS: test-fast-slot-ref
PASS: test-mb-regexp
PASS: test-use-srfi
PASS: test-scm-c-read
PASS: test-scm-take-locale-symbol
PASS: test-scm-take-u8vector
PASS: test-scm-to-latin1-string
PASS: test-scm-values
PASS: test-scm-c-bind-keyword-arguments
PASS: test-srfi-4
PASS: test-extensions
PASS: test-with-guile-module
PASS: test-scm-with-guile
PASS: test-scm-spawn-thread
PASS: test-pthread-create
SKIP: test-pthread-create-secondary
PASS: test-smob-mark
PASS: test-smob-mark-race
wrote `$(@D)/cache/guile/ccache/2.2-LE-4-3.A$(SOURCE_DIR)/test-suite/standalone/test-stack-overflow.go'
allocate_stack failed: Not enough space
allocate_stack failed: Not enough space
allocate_stack failed: Not enough space
allocate_stack failed: Not enough space
allocate_stack failed: Not enough space
PASS: test-stack-overflow
wrote `$(@D)/cache/guile/ccache/2.2-LE-4-3.A$(SOURCE_DIR)/test-suite/standalone/test-out-of-memory.go'
GC Warning: Failed to expand heap by 67633152 bytes
GC Warning: Failed to expand heap by 67108864 bytes
GC Warning: Out of Memory! Heap size: 1 MiB. Returning NULL!
GC Warning: Failed to expand heap by 1000525824 bytes
GC Warning: Failed to expand heap by 1000001536 bytes
GC Warning: Out of Memory! Heap size: 1 MiB. Returning NULL!
GC Warning: Failed to expand heap by 8351744 bytes
GC Warning: Failed to expand heap by 8437760 bytes
GC Warning: Failed to expand heap by 8527872 bytes
GC Warning: Failed to expand heap by 8613888 bytes
GC Warning: Failed to expand heap by 8699904 bytes
GC Warning: Failed to expand heap by 8790016 bytes
GC Warning: Failed to expand heap by 8876032 bytes
GC Warning: Failed to expand heap by 8962048 bytes
GC Warning: Failed to expand heap by 9052160 bytes
GC Warning: Failed to expand heap by 9138176 bytes
GC Warning: Failed to expand heap by 9224192 bytes
GC Warning: Failed to expand heap by 9314304 bytes
GC Warning: Failed to expand heap by 9400320 bytes
GC Warning: Failed to expand heap by 9486336 bytes
GC Warning: Failed to expand heap by 9576448 bytes
GC Warning: Failed to expand heap by 9662464 bytes
GC Warning: Failed to expand heap by 9748480 bytes
GC Warning: Failed to expand heap by 9838592 bytes
GC Warning: Failed to expand heap by 9924608 bytes
GC Warning: Failed to expand heap by 10010624 bytes
GC Warning: Failed to expand heap by 10100736 bytes
GC Warning: Failed to expand heap by 10186752 bytes
GC Warning: Failed to expand heap by 10272768 bytes
GC Warning: Failed to expand heap by 10362880 bytes
GC Warning: Failed to expand heap by 10448896 bytes
GC Warning: Failed to expand heap by 10534912 bytes
GC Warning: Failed to expand heap by 10625024 bytes
GC Warning: Failed to expand heap by 10711040 bytes
GC Warning: Failed to expand heap by 262144 bytes
GC Warning: Out of Memory! Heap size: 31 MiB. Returning NULL!
GC Warning: Failed to expand heap by 262144 bytes
GC Warning: Out of Memory! Heap size: 31 MiB. Returning NULL!
GC Warning: Failed to expand heap by 262144 bytes
GC Warning: Out of Memory! Heap size: 31 MiB. Returning NULL!
PASS: test-out-of-memory
====================
All 38 tests passed
(1 test was not run)
====================
make[6]: Leaving directory '$(@D)/test-suite/standalone'
make[5]: Leaving directory '$(@D)/test-suite/standalone'
make[4]: Leaving directory '$(@D)/test-suite/standalone'
Making check in vm
make[4]: Entering directory '$(@D)/test-suite/vm'
/usr/gnu/bin/make  check-TESTS
make[5]: Entering directory '$(@D)/test-suite/vm'
running `$(SOURCE_DIR)/test-suite/vm/t-basic-contructs.scm'...  reading...  compiling...  running...  reading...  ok
PASS: t-basic-contructs.scm
running `$(SOURCE_DIR)/test-suite/vm/t-global-bindings.scm'...  reading...  compiling...  running...  reading...  ok
PASS: t-global-bindings.scm
running `$(SOURCE_DIR)/test-suite/vm/t-catch.scm'...  reading...  compiling...  running...  reading...  ok
PASS: t-catch.scm
running `$(SOURCE_DIR)/test-suite/vm/t-call-cc.scm'...  reading...  compiling...  running...  reading...  ok
PASS: t-call-cc.scm
running `$(SOURCE_DIR)/test-suite/vm/t-closure.scm'...  reading...  compiling...  running...  reading...  ok
PASS: t-closure.scm
running `$(SOURCE_DIR)/test-suite/vm/t-closure2.scm'...  reading...  compiling...  running...  reading...  ok
PASS: t-closure2.scm
running `$(SOURCE_DIR)/test-suite/vm/t-closure3.scm'...  reading...  compiling...  running...  reading...  ok
PASS: t-closure3.scm
running `$(SOURCE_DIR)/test-suite/vm/t-closure4.scm'...  reading...  compiling...  running...  reading...  ok
PASS: t-closure4.scm
running `$(SOURCE_DIR)/test-suite/vm/t-do-loop.scm'...  reading...  compiling...  running...  reading...  ok
PASS: t-do-loop.scm
running `$(SOURCE_DIR)/test-suite/vm/t-literal-integers.scm'...  reading...  compiling...  running...  reading...  ok
PASS: t-literal-integers.scm
running `$(SOURCE_DIR)/test-suite/vm/t-macros.scm'...  reading...  compiling...  running...  reading...  ok
PASS: t-macros.scm
running `$(SOURCE_DIR)/test-suite/vm/t-macros2.scm'...  reading...  compiling...  running...  reading...  ok
PASS: t-macros2.scm
running `$(SOURCE_DIR)/test-suite/vm/t-map.scm'...  reading...  compiling...  running...  reading...  ok
PASS: t-map.scm
running `$(SOURCE_DIR)/test-suite/vm/t-or.scm'...  reading...  compiling...  running...  reading...  ok
PASS: t-or.scm
running `$(SOURCE_DIR)/test-suite/vm/t-proc-with-setter.scm'...  reading...  compiling...  running...  reading...  ok
PASS: t-proc-with-setter.scm
running `$(SOURCE_DIR)/test-suite/vm/t-quasiquote.scm'...  reading...  compiling...  running...  reading...  ok
PASS: t-quasiquote.scm
running `$(SOURCE_DIR)/test-suite/vm/t-values.scm'...  reading...  compiling...  running...  reading...  ok
PASS: t-values.scm
running `$(SOURCE_DIR)/test-suite/vm/t-records.scm'...  reading...  compiling...  running...  reading...  ok
PASS: t-records.scm
running `$(SOURCE_DIR)/test-suite/vm/t-match.scm'...  reading...  compiling...  running...  reading...  ok
PASS: t-match.scm
running `$(SOURCE_DIR)/test-suite/vm/t-mutual-toplevel-defines.scm'...  reading...  compiling...  running...  reading...  ok
PASS: t-mutual-toplevel-defines.scm
===================
All 20 tests passed
===================
make[5]: Leaving directory '$(@D)/test-suite/vm'
make[4]: Leaving directory '$(@D)/test-suite/vm'
make[4]: Entering directory '$(@D)/test-suite'
/usr/gnu/bin/make  check-TESTS
make[5]: Entering directory '$(@D)/test-suite'
PASS: lalr/test-glr-associativity.scm
PASS: lalr/test-glr-basics-01.scm
%% Shift/Reduce conflict (shift 1, reduce 3) on 'A' in state 0
PASS: lalr/test-glr-basics-02.scm
%% Shift/Reduce conflict (shift 1, reduce 5) on 'A' in state 0
PASS: lalr/test-glr-basics-03.scm
%% Shift/Reduce conflict (shift 1, reduce 4) on 'A' in state 0
PASS: lalr/test-glr-basics-04.scm
%% Shift/Reduce conflict (shift 1, reduce 4) on 'A' in state 0
PASS: lalr/test-glr-basics-05.scm
%% Shift/Reduce conflict (shift 5, reduce 2) on 'error' in state 8
%% Shift/Reduce conflict (shift 4, reduce 2) on 'N' in state 8
%% Shift/Reduce conflict (shift 3, reduce 2) on 'O' in state 8
%% Shift/Reduce conflict (shift 2, reduce 2) on 'T' in state 8
PASS: lalr/test-glr-script-expression.scm
PASS: lalr/test-glr-single-expressions.scm
%% Reduce/Reduce conflict (reduce 5, reduce 4) on 'M' in state 11
%% Reduce/Reduce conflict (reduce 5, reduce 4) on 'A' in state 11
%% Reduce/Reduce conflict (reduce 5, reduce 4) on '*eoi*' in state 11
PASS: lalr/test-lr-associativity-01.scm
PASS: lalr/test-lr-basics-01.scm
PASS: lalr/test-lr-basics-02.scm
PASS: lalr/test-lr-basics-03.scm
PASS: lalr/test-lr-basics-04.scm
PASS: lalr/test-lr-basics-05.scm
PASS: lalr/test-lr-error-recovery-01.scm
PASS: lalr/test-lr-error-recovery-02.scm
PASS: lalr/test-lr-no-clause.scm
PASS: lalr/test-lr-script-expression.scm
PASS: lalr/test-lr-single-expressions.scm
===================
All 19 tests passed
===================
make[5]: Leaving directory '$(@D)/test-suite'
make[4]: Leaving directory '$(@D)/test-suite'
make[3]: Leaving directory '$(@D)/test-suite'
Making check in benchmark-suite
make[3]: Entering directory '$(@D)/benchmark-suite'
make[3]: Nothing to be done for 'check'.
make[3]: Leaving directory '$(@D)/benchmark-suite'
Making check in gc-benchmarks
make[3]: Entering directory '$(@D)/gc-benchmarks'
make[3]: Nothing to be done for 'check'.
make[3]: Leaving directory '$(@D)/gc-benchmarks'
Making check in am
make[3]: Entering directory '$(@D)/am'
make[3]: Nothing to be done for 'check'.
make[3]: Leaving directory '$(@D)/am'
Making check in doc
make[3]: Entering directory '$(@D)/doc'
Making check in ref
make[4]: Entering directory '$(@D)/doc/ref'
make[4]: Nothing to be done for 'check'.
make[4]: Leaving directory '$(@D)/doc/ref'
Making check in r5rs
make[4]: Entering directory '$(@D)/doc/r5rs'
make[4]: Nothing to be done for 'check'.
make[4]: Leaving directory '$(@D)/doc/r5rs'
make[4]: Entering directory '$(@D)/doc'
make[4]: Nothing to be done for 'check-am'.
make[4]: Leaving directory '$(@D)/doc'
make[3]: Leaving directory '$(@D)/doc'
make[3]: Entering directory '$(@D)'
/usr/gnu/bin/make  check-TESTS
make[4]: Entering directory '$(@D)'
Testing $(@D)/meta/guile ...
with GUILE_LOAD_PATH=$(SOURCE_DIR)/test-suite
Running 00-initial-env.test
Running 00-repl-server.test
Running 00-socket.test
Running alist.test
Running and-let-star.test
Running array-map.test
Running arrays.test
Running bit-operations.test
Running bitvectors.test
Running brainfuck.test
Running bytevectors.test
Running c-api.test
Running chars.test
Running coding.test
Running common-list.test
Running compiler.test
Running continuations.test
Running control.test
Running coverage.test
Running cross-compilation.test
Running curried-definitions.test
Running dwarf.test
Running ecmascript.test
Running elisp-compiler.test
Running elisp-reader.test
Running elisp.test
Running encoding-escapes.test
FAIL: encoding-escapes.test: display output errors: ultima
FAIL: encoding-escapes.test: display output errors: Rashomon
FAIL: encoding-escapes.test: display output errors: tekniko
FAIL: encoding-escapes.test: display output escapes: ultima
FAIL: encoding-escapes.test: display output escapes: Rashomon
FAIL: encoding-escapes.test: display output escapes: fake escape
UNRESOLVED: encoding-escapes.test: input escapes: ?ltima
UNRESOLVED: encoding-escapes.test: input escapes: ???
Running encoding-iso88591.test
Running encoding-iso88597.test
FAIL: encoding-iso88597.test: characters: display A acute
FAIL: encoding-iso88597.test: characters: display Cherokee A
FAIL: encoding-iso88597.test: output errors: char #x0400
Running encoding-utf8.test
Running eval-string.test
Running eval.test
Running exceptions.test
Running fdes-finalizers.test
Running filesys.test
Running fluids.test
Running foreign.test
Running format.test
Running fractions.test
Running ftw.test
Running future.test
Running gc.test
Running getopt-long.test
Running goops.test
Running guardians.test
UNRESOLVED: guardians.test: g2-garbage saved
UNRESOLVED: guardians.test: standard guardian functionality: guarding independent objects: re-guarding non-immediates
Running hash.test
Running hooks.test
Running i18n.test
UNRESOLVED: i18n.test: text collation (French): string-locale<?
UNRESOLVED: i18n.test: text collation (French): char-locale<?
UNRESOLVED: i18n.test: text collation (French): string-locale-ci=?
UNRESOLVED: i18n.test: text collation (French): string-locale-ci=? (2 args, wide strings)
UNRESOLVED: i18n.test: text collation (French): string-locale-ci=? (3 args, wide strings)
UNRESOLVED: i18n.test: text collation (French): string-locale-ci<>?
UNRESOLVED: i18n.test: text collation (French): string-locale-ci<>? (wide strings)
UNRESOLVED: i18n.test: text collation (French): string-locale-ci<>? (wide and narrow strings)
UNRESOLVED: i18n.test: text collation (French): char-locale-ci<>?
UNRESOLVED: i18n.test: text collation (French): char-locale-ci<>? (wide)
UNRESOLVED: i18n.test: text collation (German): string-locale-ci=?
UNRESOLVED: i18n.test: text collation (Greek): string-locale-ci=?
UNRESOLVED: i18n.test: text collation (Czech): string-locale<? for 'ch'
UNRESOLVED: i18n.test: character mapping: char-locale-upcase Turkish
UNRESOLVED: i18n.test: character mapping: char-locale-downcase Turkish
UNRESOLVED: i18n.test: string mapping: string-locale-upcase German
UNRESOLVED: i18n.test: string mapping: string-locale-upcase Greek
UNRESOLVED: i18n.test: string mapping: string-locale-upcase Greek (two sigmas)
UNRESOLVED: i18n.test: string mapping: string-locale-downcase Greek
UNRESOLVED: i18n.test: string mapping: string-locale-downcase Greek (two sigmas)
UNRESOLVED: i18n.test: string mapping: string-locale-upcase Turkish
UNRESOLVED: i18n.test: string mapping: string-locale-downcase Turkish
UNRESOLVED: i18n.test: number parsing: locale-string->inexact (French)
UNRESOLVED: i18n.test: nl-langinfo et al.: locale-day (French)
UNRESOLVED: i18n.test: nl-langinfo et al.: locale-day (French, using `%global-locale')
UNRESOLVED: i18n.test: nl-langinfo et al.: default locale
UNRESOLVED: i18n.test: nl-langinfo et al.: locale-am-string (greek)
UNRESOLVED: i18n.test: nl-langinfo et al.: locale-pm-string (Greek)
UNRESOLVED: i18n.test: nl-langinfo et al.: locale-digit-grouping (French)
UNRESOLVED: i18n.test: nl-langinfo et al.: locale-monetary-grouping (French)
UNRESOLVED: i18n.test: number->locale-string: French: integer
UNRESOLVED: i18n.test: number->locale-string: French: negative integer
UNRESOLVED: i18n.test: number->locale-string: French: fraction
UNRESOLVED: i18n.test: number->locale-string: French: fraction, 1 digit
UNRESOLVED: i18n.test: format ~h: French: 12345.678
UNRESOLVED: i18n.test: format ~h: English: 12345.678
UNRESOLVED: i18n.test: monetary-amount->locale-string: French: integer
UNRESOLVED: i18n.test: monetary-amount->locale-string: French: fraction
UNRESOLVED: i18n.test: monetary-amount->locale-string: French: positive inexact zero
UNRESOLVED: i18n.test: monetary-amount->locale-string: French: one cent
UNRESOLVED: i18n.test: monetary-amount->locale-string: French: very little money
Running iconv.test
ERROR: iconv.test: ascii string: to latin1 bytevector - arguments: ((misc-error "open_iconv_descriptors" "invalid or unknown character encoding ~s" (LATIN1) #f))
ERROR: iconv.test: narrow non-ascii string: to latin1 bytevector - arguments: ((misc-error "open_iconv_descriptors" "invalid or unknown character encoding ~s" (LATIN1) #f))
ERROR: iconv.test: narrow non-ascii string: to latin1 bytevector (length check) - arguments: ((misc-error "open_iconv_descriptors" "invalid or unknown character encoding ~s" (LATIN1) #f))
ERROR: iconv.test: narrow non-ascii string: from latin1 bytevector - arguments: ((misc-error "open_iconv_descriptors" "invalid or unknown character encoding ~s" (LATIN1) #f))
FAIL: iconv.test: narrow non-ascii string: encode latin1 as ascii
ERROR: iconv.test: narrow non-ascii string: misparse latin1 as utf8 - arguments: ((misc-error "open_iconv_descriptors" "invalid or unknown character encoding ~s" (LATIN1) #f))
ERROR: iconv.test: narrow non-ascii string: misparse latin1 as utf8 with substitutions - arguments: ((misc-error "open_iconv_descriptors" "invalid or unknown character encoding ~s" (LATIN1) #f))
ERROR: iconv.test: narrow non-ascii string: misparse latin1 as ascii - arguments: ((misc-error "open_iconv_descriptors" "invalid or unknown character encoding ~s" (LATIN1) #f))
FAIL: iconv.test: wide non-ascii string: encode as ascii
ERROR: iconv.test: wide non-ascii string: encode as latin1 - arguments: ((misc-error "open_iconv_descriptors" "invalid or unknown character encoding ~s" (LATIN1) #f))
Running import.test
Running interp.test
Running keywords.test
Running list.test
Running load.test
Running match.test
Running modules.test
Running net-db.test
ERROR: net-db.test: getaddrinfo: 127.0.0.1:80 - arguments: ((getaddrinfo-error 8))
ERROR: net-db.test: getaddrinfo: port 80 - arguments: ((getaddrinfo-error 8))
Running numbers.test
Running optargs.test
Running options.test
Running pairs.test
Running parameters.test
Running peg.test
Running peval.test
Running poe.test
Running popen.test
Running ports.test
Running posix.test
UNRESOLVED: posix.test: affinity: getaffinity
UNRESOLVED: posix.test: affinity: setaffinity
UNRESOLVED: posix.test: crypt: crypt invalid salt on glibc
Running print.test
Running procprop.test
Running procs.test
Running q.test
Running r4rs.test
Running r5rs_pitfall.test
Running r6rs-arithmetic-bitwise.test
Running r6rs-arithmetic-fixnums.test
UNRESOLVED: r6rs-arithmetic-fixnums.test: fx+/carry: simple
UNRESOLVED: r6rs-arithmetic-fixnums.test: fx-/carry: simple
UNRESOLVED: r6rs-arithmetic-fixnums.test: fx*/carry: simple
Running r6rs-arithmetic-flonums.test
Running r6rs-base.test
Running r6rs-conditions.test
Running r6rs-control.test
Running r6rs-enums.test
Running r6rs-eval.test
Running r6rs-exceptions.test
Running r6rs-files.test
Running r6rs-hashtables.test
Running r6rs-lists.test
Running r6rs-ports.test
ERROR: r6rs-ports.test: ascii string: to latin1 bytevector - arguments: ((misc-error "open_iconv_descriptors" "invalid or unknown character encoding ~s" (LATIN1) #f))
ERROR: r6rs-ports.test: narrow non-ascii string: to latin1 bytevector - arguments: ((misc-error "open_iconv_descriptors" "invalid or unknown character encoding ~s" (LATIN1) #f))
ERROR: r6rs-ports.test: narrow non-ascii string: to latin1 bytevector (length check) - arguments: ((misc-error "open_iconv_descriptors" "invalid or unknown character encoding ~s" (LATIN1) #f))
ERROR: r6rs-ports.test: narrow non-ascii string: from latin1 bytevector - arguments: ((misc-error "open_iconv_descriptors" "invalid or unknown character encoding ~s" (LATIN1) #f))
FAIL: r6rs-ports.test: narrow non-ascii string: encode latin1 as ascii
ERROR: r6rs-ports.test: narrow non-ascii string: misparse latin1 as utf8 - arguments: ((misc-error "open_iconv_descriptors" "invalid or unknown character encoding ~s" (LATIN1) #f))
ERROR: r6rs-ports.test: narrow non-ascii string: misparse latin1 as utf8 with substitutions - arguments: ((misc-error "open_iconv_descriptors" "invalid or unknown character encoding ~s" (LATIN1) #f))
ERROR: r6rs-ports.test: narrow non-ascii string: misparse latin1 as ascii - arguments: ((misc-error "open_iconv_descriptors" "invalid or unknown character encoding ~s" (LATIN1) #f))
FAIL: r6rs-ports.test: wide non-ascii string: encode as ascii
ERROR: r6rs-ports.test: wide non-ascii string: encode as latin1 - arguments: ((misc-error "open_iconv_descriptors" "invalid or unknown character encoding ~s" (LATIN1) #f))
Running r6rs-records-inspection.test
Running r6rs-records-procedural.test
Running r6rs-records-syntactic.test
Running r6rs-unicode.test
UNRESOLVED: r6rs-unicode.test: string-foldcase: case folding expands string
Running random.test
Running rdelim.test
Running reader.test
FAIL: reader.test: read-options: r6rs-hex-escapes: display R6RS string escapes
Running receive.test
Running records.test
UNRESOLVED: records.test: records: printer: f??
Running regexp.test
UNRESOLVED: regexp.test: nonascii locales: match structures refer to char offsets
UNRESOLVED: regexp.test: nonascii locales: match structures refer to char offsets, non-ASCII pattern
Running rnrs-libraries.test
Running rtl-compilation.test
Running rtl.test
Running sandbox.test
Running session.test
Running signals.test
Running sort.test
Running srcprop.test
UNRESOLVED: srcprop.test: set-source-property!: setting the breakpoint property works
UNRESOLVED: srcprop.test: set-source-properties!: setting the breakpoint property works
Running srfi-1.test
Running srfi-10.test
Running srfi-105.test
Running srfi-11.test
Running srfi-111.test
Running srfi-13.test
Running srfi-14.test
Running srfi-17.test
Running srfi-18.test
Running srfi-19.test
Running srfi-2.test
Running srfi-26.test
Running srfi-27.test
Running srfi-31.test
Running srfi-34.test
Running srfi-35.test
Running srfi-37.test
Running srfi-38.test
Running srfi-39.test
Running srfi-4.test
Running srfi-41.test
Running srfi-42.test
Running srfi-43.test
Running srfi-45.test
Running srfi-6.test
Running srfi-60.test
Running srfi-64.test
Running srfi-67.test
Running srfi-69.test
Running srfi-71.test
Running srfi-88.test
Running srfi-9.test
Running srfi-98.test
Running statprof.test
Running streams.test
Running strings.test
Running structs.test
Running suspendable-ports.test
ERROR: suspendable-ports.test: ascii string: to latin1 bytevector - arguments: ((misc-error "open_iconv_descriptors" "invalid or unknown character encoding ~s" (LATIN1) #f))
ERROR: suspendable-ports.test: narrow non-ascii string: to latin1 bytevector - arguments: ((misc-error "open_iconv_descriptors" "invalid or unknown character encoding ~s" (LATIN1) #f))
ERROR: suspendable-ports.test: narrow non-ascii string: to latin1 bytevector (length check) - arguments: ((misc-error "open_iconv_descriptors" "invalid or unknown character encoding ~s" (LATIN1) #f))
ERROR: suspendable-ports.test: narrow non-ascii string: from latin1 bytevector - arguments: ((misc-error "open_iconv_descriptors" "invalid or unknown character encoding ~s" (LATIN1) #f))
FAIL: suspendable-ports.test: narrow non-ascii string: encode latin1 as ascii
ERROR: suspendable-ports.test: narrow non-ascii string: misparse latin1 as utf8 - arguments: ((misc-error "open_iconv_descriptors" "invalid or unknown character encoding ~s" (LATIN1) #f))
ERROR: suspendable-ports.test: narrow non-ascii string: misparse latin1 as utf8 with substitutions - arguments: ((misc-error "open_iconv_descriptors" "invalid or unknown character encoding ~s" (LATIN1) #f))
ERROR: suspendable-ports.test: narrow non-ascii string: misparse latin1 as ascii - arguments: ((misc-error "open_iconv_descriptors" "invalid or unknown character encoding ~s" (LATIN1) #f))
FAIL: suspendable-ports.test: wide non-ascii string: encode as ascii
ERROR: suspendable-ports.test: wide non-ascii string: encode as latin1 - arguments: ((misc-error "open_iconv_descriptors" "invalid or unknown character encoding ~s" (LATIN1) #f))
Running sxml.fold.test
Running sxml.match.test
Running sxml.simple.test
Running sxml.ssax.test
Running sxml.transform.test
Running sxml.xpath.test
Running symbols.test
Running syncase.test
Running syntax.test
Running texinfo.docbook.test
Running texinfo.html.test
Running texinfo.serialize.test
Running texinfo.string-utils.test
Running texinfo.test
Running threads.test
Running time.test
FAIL: time.test: strftime: strftime %Z doesn't return garbage - arguments: (expected-value "ZOW" actual-value "GMT")
FAIL: time.test: strftime: C99 %z format: EST+5 - arguments: (expected-value "-0500" actual-value "+0000")
FAIL: time.test: strptime: GNU %s format: gmtoff on EST+5
Running tree-il.test
UNRESOLVED: tree-il.test: warnings: unused-toplevel: used by macro
Running types.test
Running unicode.test
Running vectors.test
Running version.test
UNRESOLVED: version.test: version reporting works
Running vlist.test
Running vm.test
Running weaks.test
Running web-client.test
Running web-http.test
Running web-request.test
Running web-response.test
Running web-uri.test
UNRESOLVED: web-uri.test: build-uri: http://ill?gal.com
UNRESOLVED: web-uri.test: string->uri: http://www.example.com (sv_SE)

Totals for this test run:
passes:                 41559
failures:               19
unexpected passes:      0
expected failures:      10
unresolved test cases:  61
untested test cases:    1
unsupported test cases: 1
errors:                 26

warning: call to primitive-fork while multiple threads are running;
         further behavior unspecified.  See "Processes" in the
         manual, for more information.
warning: call to primitive-fork while multiple threads are running;
         further behavior unspecified.  See "Processes" in the
         manual, for more information.
;;; SSAX warning: Skipping PI: xml

;;; SSAX warning: Skipping PI: PI

;;; SSAX warning: Skipping PI: PI1

;;; SSAX warning: (
 Warning:  DOCTYPE DECL  T   system1  found and skipped)
;;; SSAX warning: (
 Warning:  Internal DTD subset is not currently handled )
;;; SSAX warning: (
 Warning:  DOCTYPE DECL  T   system1  found and skipped)
;;; SSAX warning: Skipping PI: pi

;;; SSAX warning: DOCTYPE DECL T system1 found and skipped
WARNING: (test-suite sxml-xpath): imported module (sxml xpath) overrides core binding `filter'
FAIL: check-guile
==================================
1 of 1 test failed
Please report to bug-guile@gnu.org
==================================
make[4]: *** [Makefile:1957: check-TESTS] Error 1
make[4]: Leaving directory '$(@D)'
make[3]: *** [Makefile:2242: check-am] Error 2
make[3]: Leaving directory '$(@D)'
make[2]: *** [Makefile:1857: check-recursive] Error 1
make[2]: Leaving directory '$(@D)'
make[1]: *** [Makefile:2244: check] Error 2
make[1]: Leaving directory '$(@D)'
